4976  execve("/usr/bin/micnativeloadex", ["micnativeloadex", "../bin/helloWorld"], [/* 75 vars */]) = 0
4976  brk(NULL)                         = 0x55afdd37d000
4976  access("/etc/ld.so.nohwcap", F_OK) = -1 ENOENT (No such file or directory)
4976  mmap(NULL, 8192, PROT_READ|PROT_WRITE, MAP_PRIVATE|MAP_ANONYMOUS, -1, 0) = 0x7f58656ac000
4976  access("/etc/ld.so.preload", R_OK) = -1 ENOENT (No such file or directory)
4976  open("/etc/ld.so.cache", O_RDONLY|O_CLOEXEC) = 3
4976  fstat(3, {st_mode=S_IFREG|0644, st_size=120066, ...}) = 0
4976  mmap(NULL, 120066, PROT_READ, MAP_PRIVATE, 3, 0) = 0x7f586568e000
4976  close(3)                          = 0
4976  access("/etc/ld.so.nohwcap", F_OK) = -1 ENOENT (No such file or directory)
4976  open("/lib/x86_64-linux-gnu/libdl.so.2", O_RDONLY|O_CLOEXEC) = 3
4976  read(3, "\177ELF\2\1\1\0\0\0\0\0\0\0\0\0\3\0>\0\1\0\0\0\240\r\0\0\0\0\0\0"..., 832) = 832
4976  fstat(3, {st_mode=S_IFREG|0644, st_size=14608, ...}) = 0
4976  mmap(NULL, 2109680, PROT_READ|PROT_EXEC, MAP_PRIVATE|MAP_DENYWRITE, 3, 0) = 0x7f5865285000
4976  mprotect(0x7f5865288000, 2093056, PROT_NONE) = 0
4976  mmap(0x7f5865487000, 8192, PROT_READ|PROT_WRITE, MAP_PRIVATE|MAP_FIXED|MAP_DENYWRITE, 3, 0x2000) = 0x7f5865487000
4976  close(3)                          = 0
4976  access("/etc/ld.so.nohwcap", F_OK) = -1 ENOENT (No such file or directory)
4976  open("/lib/x86_64-linux-gnu/librt.so.1", O_RDONLY|O_CLOEXEC) = 3
4976  read(3, "\177ELF\2\1\1\0\0\0\0\0\0\0\0\0\3\0>\0\1\0\0\0\0!\0\0\0\0\0\0"..., 832) = 832
4976  fstat(3, {st_mode=S_IFREG|0644, st_size=31712, ...}) = 0
4976  mmap(NULL, 2128832, PROT_READ|PROT_EXEC, MAP_PRIVATE|MAP_DENYWRITE, 3, 0) = 0x7f586507d000
4976  mprotect(0x7f5865084000, 2093056, PROT_NONE) = 0
4976  mmap(0x7f5865283000, 8192, PROT_READ|PROT_WRITE, MAP_PRIVATE|MAP_FIXED|MAP_DENYWRITE, 3, 0x6000) = 0x7f5865283000
4976  close(3)                          = 0
4976  access("/etc/ld.so.nohwcap", F_OK) = -1 ENOENT (No such file or directory)
4976  open("/home/fertakis/repos/remotePhiExec/src/libscif.so.0", O_RDONLY|O_CLOEXEC) = 3
4976  read(3, "\177ELF\2\1\1\0\0\0\0\0\0\0\0\0\3\0>\0\1\0\0\0P-\0\0\0\0\0\0"..., 832) = 832
4976  fstat(3, {st_mode=S_IFREG|0755, st_size=99704, ...}) = 0
4976  mmap(NULL, 4096, PROT_READ|PROT_WRITE, MAP_PRIVATE|MAP_ANONYMOUS, -1, 0) = 0x7f586568d000
4976  mmap(NULL, 2147416, PROT_READ|PROT_EXEC, MAP_PRIVATE|MAP_DENYWRITE, 3, 0) = 0x7f5864e70000
4976  mprotect(0x7f5864e7c000, 2093056, PROT_NONE) = 0
4976  mmap(0x7f586507b000, 8192, PROT_READ|PROT_WRITE, MAP_PRIVATE|MAP_FIXED|MAP_DENYWRITE, 3, 0xb000) = 0x7f586507b000
4976  close(3)                          = 0
4976  access("/etc/ld.so.nohwcap", F_OK) = -1 ENOENT (No such file or directory)
4976  open("/home/fertakis/repos/remotePhiExec/src/libcoi_host.so.0", O_RDONLY|O_CLOEXEC) = 3
4976  read(3, "\177ELF\2\1\1\0\0\0\0\0\0\0\0\0\3\0>\0\1\0\0\0\240\376\0\0\0\0\0\0"..., 832) = 832
4976  fstat(3, {st_mode=S_IFREG|0775, st_size=8812073, ...}) = 0
4976  mmap(NULL, 3763128, PROT_READ|PROT_EXEC, MAP_PRIVATE|MAP_DENYWRITE, 3, 0) = 0x7f5864ad9000
4976  mprotect(0x7f5864b63000, 2093056, PROT_NONE) = 0
4976  mmap(0x7f5864d62000, 20480, PROT_READ|PROT_WRITE, MAP_PRIVATE|MAP_FIXED|MAP_DENYWRITE, 3, 0x89000) = 0x7f5864d62000
4976  mmap(0x7f5864d67000, 1084344, PROT_READ|PROT_WRITE, MAP_PRIVATE|MAP_FIXED|MAP_ANONYMOUS, -1, 0) = 0x7f5864d67000
4976  close(3)                          = 0
4976  access("/etc/ld.so.nohwcap", F_OK) = -1 ENOENT (No such file or directory)
4976  open("/usr/lib/x86_64-linux-gnu/libstdc++.so.6", O_RDONLY|O_CLOEXEC) = 3
4976  read(3, "\177ELF\2\1\1\3\0\0\0\0\0\0\0\0\3\0>\0\1\0\0\0 \235\10\0\0\0\0\0"..., 832) = 832
4976  fstat(3, {st_mode=S_IFREG|0644, st_size=1566440, ...}) = 0
4976  mmap(NULL, 3675136, PROT_READ|PROT_EXEC, MAP_PRIVATE|MAP_DENYWRITE, 3, 0) = 0x7f5864757000
4976  mprotect(0x7f58648c9000, 2097152, PROT_NONE) = 0
4976  mmap(0x7f5864ac9000, 49152, PROT_READ|PROT_WRITE, MAP_PRIVATE|MAP_FIXED|MAP_DENYWRITE, 3, 0x172000) = 0x7f5864ac9000
4976  mmap(0x7f5864ad5000, 13312, PROT_READ|PROT_WRITE, MAP_PRIVATE|MAP_FIXED|MAP_ANONYMOUS, -1, 0) = 0x7f5864ad5000
4976  close(3)                          = 0
4976  access("/etc/ld.so.nohwcap", F_OK) = -1 ENOENT (No such file or directory)
4976  open("/lib/x86_64-linux-gnu/libm.so.6", O_RDONLY|O_CLOEXEC) = 3
4976  read(3, "\177ELF\2\1\1\3\0\0\0\0\0\0\0\0\3\0>\0\1\0\0\0\0V\0\0\0\0\0\0"..., 832) = 832
4976  fstat(3, {st_mode=S_IFREG|0644, st_size=1088952, ...}) = 0
4976  mmap(NULL, 4096, PROT_READ|PROT_WRITE, MAP_PRIVATE|MAP_ANONYMOUS, -1, 0) = 0x7f586568c000
4976  mmap(NULL, 3178744, PROT_READ|PROT_EXEC, MAP_PRIVATE|MAP_DENYWRITE, 3, 0) = 0x7f586444e000
4976  mprotect(0x7f5864556000, 2093056, PROT_NONE) = 0
4976  mmap(0x7f5864755000, 8192, PROT_READ|PROT_WRITE, MAP_PRIVATE|MAP_FIXED|MAP_DENYWRITE, 3, 0x107000) = 0x7f5864755000
4976  close(3)                          = 0
4976  access("/etc/ld.so.nohwcap", F_OK) = -1 ENOENT (No such file or directory)
4976  open("/lib/x86_64-linux-gnu/libgcc_s.so.1", O_RDONLY|O_CLOEXEC) = 3
4976  read(3, "\177ELF\2\1\1\0\0\0\0\0\0\0\0\0\3\0>\0\1\0\0\0p*\0\0\0\0\0\0"..., 832) = 832
4976  fstat(3, {st_mode=S_IFREG|0644, st_size=89696, ...}) = 0
4976  mmap(NULL, 2185488, PROT_READ|PROT_EXEC, MAP_PRIVATE|MAP_DENYWRITE, 3, 0) = 0x7f5864238000
4976  mprotect(0x7f586424e000, 2093056, PROT_NONE) = 0
4976  mmap(0x7f586444d000, 4096, PROT_READ|PROT_WRITE, MAP_PRIVATE|MAP_FIXED|MAP_DENYWRITE, 3, 0x15000) = 0x7f586444d000
4976  close(3)                          = 0
4976  access("/etc/ld.so.nohwcap", F_OK) = -1 ENOENT (No such file or directory)
4976  open("/lib/x86_64-linux-gnu/libpthread.so.0", O_RDONLY|O_CLOEXEC) = 3
4976  read(3, "\177ELF\2\1\1\0\0\0\0\0\0\0\0\0\3\0>\0\1\0\0\0\260`\0\0\0\0\0\0"..., 832) = 832
4976  fstat(3, {st_mode=S_IFREG|0755, st_size=138696, ...}) = 0
4976  mmap(NULL, 2212904, PROT_READ|PROT_EXEC, MAP_PRIVATE|MAP_DENYWRITE, 3, 0) = 0x7f586401b000
4976  mprotect(0x7f5864033000, 2093056, PROT_NONE) = 0
4976  mmap(0x7f5864232000, 8192, PROT_READ|PROT_WRITE, MAP_PRIVATE|MAP_FIXED|MAP_DENYWRITE, 3, 0x17000) = 0x7f5864232000
4976  mmap(0x7f5864234000, 13352, PROT_READ|PROT_WRITE, MAP_PRIVATE|MAP_FIXED|MAP_ANONYMOUS, -1, 0) = 0x7f5864234000
4976  close(3)                          = 0
4976  access("/etc/ld.so.nohwcap", F_OK) = -1 ENOENT (No such file or directory)
4976  open("/lib/x86_64-linux-gnu/libc.so.6", O_RDONLY|O_CLOEXEC) = 3
4976  read(3, "\177ELF\2\1\1\3\0\0\0\0\0\0\0\0\3\0>\0\1\0\0\0P\t\2\0\0\0\0\0"..., 832) = 832
4976  fstat(3, {st_mode=S_IFREG|0755, st_size=1864888, ...}) = 0
4976  mmap(NULL, 4096, PROT_READ|PROT_WRITE, MAP_PRIVATE|MAP_ANONYMOUS, -1, 0) = 0x7f586568b000
4976  mmap(NULL, 3967392, PROT_READ|PROT_EXEC, MAP_PRIVATE|MAP_DENYWRITE, 3, 0) = 0x7f5863c52000
4976  mprotect(0x7f5863e11000, 2097152, PROT_NONE) = 0
4976  mmap(0x7f5864011000, 24576, PROT_READ|PROT_WRITE, MAP_PRIVATE|MAP_FIXED|MAP_DENYWRITE, 3, 0x1bf000) = 0x7f5864011000
4976  mmap(0x7f5864017000, 14752, PROT_READ|PROT_WRITE, MAP_PRIVATE|MAP_FIXED|MAP_ANONYMOUS, -1, 0) = 0x7f5864017000
4976  close(3)                          = 0
4976  access("/etc/ld.so.nohwcap", F_OK) = -1 ENOENT (No such file or directory)
4976  open("/usr/local/lib/libprotobuf-c.so.1", O_RDONLY|O_CLOEXEC) = 3
4976  read(3, "\177ELF\2\1\1\0\0\0\0\0\0\0\0\0\3\0>\0\1\0\0\0\360\r\0\0\0\0\0\0"..., 832) = 832
4976  fstat(3, {st_mode=S_IFREG|0755, st_size=180760, ...}) = 0
4976  mmap(NULL, 2130128, PROT_READ|PROT_EXEC, MAP_PRIVATE|MAP_DENYWRITE, 3, 0) = 0x7f5863a49000
4976  mprotect(0x7f5863a51000, 2093056, PROT_NONE) = 0
4976  mmap(0x7f5863c50000, 8192, PROT_READ|PROT_WRITE, MAP_PRIVATE|MAP_FIXED|MAP_DENYWRITE, 3, 0x7000) = 0x7f5863c50000
4976  close(3)                          = 0
4976  mmap(NULL, 4096, PROT_READ|PROT_WRITE, MAP_PRIVATE|MAP_ANONYMOUS, -1, 0) = 0x7f586568a000
4976  writev(2, [{"micnativeloadex", 15}, {": ", 2}, {"/home/fertakis/repos/remotePhiEx"..., 51}, {": ", 2}, {"no version information available"..., 102}, {"\n", 1}], 6) = 173
4976  mmap(NULL, 4096, PROT_READ|PROT_WRITE, MAP_PRIVATE|MAP_ANONYMOUS, -1, 0) = 0x7f5865689000
4976  mmap(NULL, 8192, PROT_READ|PROT_WRITE, MAP_PRIVATE|MAP_ANONYMOUS, -1, 0) = 0x7f5865687000
4976  arch_prctl(ARCH_SET_FS, 0x7f5865687780) = 0
4976  mprotect(0x7f5864011000, 16384, PROT_READ) = 0
4976  mprotect(0x7f5863c50000, 4096, PROT_READ) = 0
4976  mprotect(0x7f5864232000, 4096, PROT_READ) = 0
4976  mprotect(0x7f5864755000, 4096, PROT_READ) = 0
4976  mmap(NULL, 4096, PROT_READ|PROT_WRITE, MAP_PRIVATE|MAP_ANONYMOUS, -1, 0) = 0x7f5865686000
4976  mprotect(0x7f5864ac9000, 40960, PROT_READ) = 0
4976  mprotect(0x7f5865487000, 4096, PROT_READ) = 0
4976  mprotect(0x7f5865283000, 4096, PROT_READ) = 0
4976  mprotect(0x7f586507b000, 4096, PROT_READ) = 0
4976  mprotect(0x7f5864d62000, 16384, PROT_READ) = 0
4976  mprotect(0x55afdd04e000, 4096, PROT_READ) = 0
4976  mprotect(0x7f58656ae000, 4096, PROT_READ) = 0
4976  munmap(0x7f586568e000, 120066)    = 0
4976  set_tid_address(0x7f5865687a50)   = 4976
4976  set_robust_list(0x7f5865687a60, 24) = 0
4976  rt_sigaction(SIGRTMIN, {0x7f5864020b50, [], SA_RESTORER|SA_SIGINFO, 0x7f586402c390}, NULL, 8) = 0
4976  rt_sigaction(SIGRT_1, {0x7f5864020be0, [], SA_RESTORER|SA_RESTART|SA_SIGINFO, 0x7f586402c390}, NULL, 8) = 0
4976  rt_sigprocmask(SIG_UNBLOCK, [RTMIN RT_1], NULL, 8) = 0
4976  getrlimit(RLIMIT_STACK, {rlim_cur=8192*1024, rlim_max=RLIM64_INFINITY}) = 0
4976  brk(NULL)                         = 0x55afdd37d000
4976  brk(0x55afdd3af000)               = 0x55afdd3af000
4976  futex(0x7f5864ad61ac, FUTEX_WAKE_PRIVATE, 2147483647) = 0
4976  futex(0x7f5864ad61b8, FUTEX_WAKE_PRIVATE, 2147483647) = 0
4976  readlink("/proc/self/exe", "/usr/bin/micnativeloadex", 256) = 24
4976  open("/usr/bin/micnativeloadex.coilog", O_WRONLY|O_CREAT|O_TRUNC, 0666) = -1 EACCES (Permission denied)
4976  write(2, "COILog: when opening log file /u"..., 81) = 81
4976  fstat(1, {st_mode=S_IFCHR|0620, st_rdev=makedev(136, 18), ...}) = 0
4976  write(1, "get_scif_nodes\n", 15)  = 15
4976  write(1, "by thread 1701345152\n", 21) = 21
4976  socket(PF_INET, SOCK_STREAM, IPPROTO_IP) = 3
4976  write(2, "Created TCP socket\n", 19) = 19
4976  open("/etc/resolv.conf", O_RDONLY|O_CLOEXEC) = 4
4976  fstat(4, {st_mode=S_IFREG|0644, st_size=190, ...}) = 0
4976  read(4, "# Dynamic resolv.conf(5) file fo"..., 4096) = 190
4976  read(4, "", 4096)                 = 0
4976  close(4)                          = 0
4976  stat("/etc/resolv.conf", {st_mode=S_IFREG|0644, st_size=190, ...}) = 0
4976  open("/etc/resolv.conf", O_RDONLY|O_CLOEXEC) = 4
4976  fstat(4, {st_mode=S_IFREG|0644, st_size=190, ...}) = 0
4976  read(4, "# Dynamic resolv.conf(5) file fo"..., 4096) = 190
4976  read(4, "", 4096)                 = 0
4976  close(4)                          = 0
4976  socket(PF_LOCAL, SOCK_STREAM|SOCK_CLOEXEC|SOCK_NONBLOCK, 0) = 4
4976  connect(4, {sa_family=AF_LOCAL, sun_path="/var/run/nscd/socket"}, 110) = -1 ENOENT (No such file or directory)
4976  close(4)                          = 0
4976  socket(PF_LOCAL, SOCK_STREAM|SOCK_CLOEXEC|SOCK_NONBLOCK, 0) = 4
4976  connect(4, {sa_family=AF_LOCAL, sun_path="/var/run/nscd/socket"}, 110) = -1 ENOENT (No such file or directory)
4976  close(4)                          = 0
4976  open("/etc/nsswitch.conf", O_RDONLY|O_CLOEXEC) = 4
4976  fstat(4, {st_mode=S_IFREG|0644, st_size=529, ...}) = 0
4976  read(4, "# /etc/nsswitch.conf\n#\n# Example"..., 4096) = 529
4976  read(4, "", 4096)                 = 0
4976  close(4)                          = 0
4976  open("/etc/ld.so.cache", O_RDONLY|O_CLOEXEC) = 4
4976  fstat(4, {st_mode=S_IFREG|0644, st_size=120066, ...}) = 0
4976  mmap(NULL, 120066, PROT_READ, MAP_PRIVATE, 4, 0) = 0x7f586568e000
4976  close(4)                          = 0
4976  access("/etc/ld.so.nohwcap", F_OK) = -1 ENOENT (No such file or directory)
4976  open("/lib/x86_64-linux-gnu/libnss_files.so.2", O_RDONLY|O_CLOEXEC) = 4
4976  read(4, "\177ELF\2\1\1\0\0\0\0\0\0\0\0\0\3\0>\0\1\0\0\0\260!\0\0\0\0\0\0"..., 832) = 832
4976  fstat(4, {st_mode=S_IFREG|0644, st_size=47600, ...}) = 0
4976  mmap(NULL, 2168600, PROT_READ|PROT_EXEC, MAP_PRIVATE|MAP_DENYWRITE, 4, 0) = 0x7f5863837000
4976  mprotect(0x7f5863842000, 2093056, PROT_NONE) = 0
4976  mmap(0x7f5863a41000, 8192, PROT_READ|PROT_WRITE, MAP_PRIVATE|MAP_FIXED|MAP_DENYWRITE, 4, 0xa000) = 0x7f5863a41000
4976  mmap(0x7f5863a43000, 22296, PROT_READ|PROT_WRITE, MAP_PRIVATE|MAP_FIXED|MAP_ANONYMOUS, -1, 0) = 0x7f5863a43000
4976  close(4)                          = 0
4976  mprotect(0x7f5863a41000, 4096, PROT_READ) = 0
4976  munmap(0x7f586568e000, 120066)    = 0
4976  open("/etc/host.conf", O_RDONLY|O_CLOEXEC) = 4
4976  fstat(4, {st_mode=S_IFREG|0644, st_size=92, ...}) = 0
4976  read(4, "# The \"order\" line is only used "..., 4096) = 92
4976  read(4, "", 4096)                 = 0
4976  close(4)                          = 0
4976  futex(0x7f5864019a64, FUTEX_WAKE_PRIVATE, 2147483647) = 0
4976  open("/etc/hosts", O_RDONLY|O_CLOEXEC) = 4
4976  fstat(4, {st_mode=S_IFREG|0644, st_size=223, ...}) = 0
4976  read(4, "127.0.0.1\tlocalhost\n127.0.0.1 \tn"..., 4096) = 223
4976  read(4, "", 4096)                 = 0
4976  close(4)                          = 0
4976  open("/etc/ld.so.cache", O_RDONLY|O_CLOEXEC) = 4
4976  fstat(4, {st_mode=S_IFREG|0644, st_size=120066, ...}) = 0
4976  mmap(NULL, 120066, PROT_READ, MAP_PRIVATE, 4, 0) = 0x7f586568e000
4976  close(4)                          = 0
4976  access("/etc/ld.so.nohwcap", F_OK) = -1 ENOENT (No such file or directory)
4976  open("/lib/x86_64-linux-gnu/libnss_mdns4_minimal.so.2", O_RDONLY|O_CLOEXEC) = 4
4976  read(4, "\177ELF\2\1\1\0\0\0\0\0\0\0\0\0\3\0>\0\1\0\0\0\320\v\0\0\0\0\0\0"..., 832) = 832
4976  fstat(4, {st_mode=S_IFREG|0644, st_size=10480, ...}) = 0
4976  mmap(NULL, 2105544, PROT_READ|PROT_EXEC, MAP_PRIVATE|MAP_DENYWRITE, 4, 0) = 0x7f5863634000
4976  mprotect(0x7f5863636000, 2093056, PROT_NONE) = 0
4976  mmap(0x7f5863835000, 8192, PROT_READ|PROT_WRITE, MAP_PRIVATE|MAP_FIXED|MAP_DENYWRITE, 4, 0x1000) = 0x7f5863835000
4976  close(4)                          = 0
4976  mprotect(0x7f5863835000, 4096, PROT_READ) = 0
4976  munmap(0x7f586568e000, 120066)    = 0
4976  open("/etc/ld.so.cache", O_RDONLY|O_CLOEXEC) = 4
4976  fstat(4, {st_mode=S_IFREG|0644, st_size=120066, ...}) = 0
4976  mmap(NULL, 120066, PROT_READ, MAP_PRIVATE, 4, 0) = 0x7f586568e000
4976  close(4)                          = 0
4976  access("/etc/ld.so.nohwcap", F_OK) = -1 ENOENT (No such file or directory)
4976  open("/lib/x86_64-linux-gnu/libnss_dns.so.2", O_RDONLY|O_CLOEXEC) = 4
4976  read(4, "\177ELF\2\1\1\0\0\0\0\0\0\0\0\0\3\0>\0\1\0\0\0\220\17\0\0\0\0\0\0"..., 832) = 832
4976  fstat(4, {st_mode=S_IFREG|0644, st_size=27000, ...}) = 0
4976  mmap(NULL, 2121944, PROT_READ|PROT_EXEC, MAP_PRIVATE|MAP_DENYWRITE, 4, 0) = 0x7f586342d000
4976  mprotect(0x7f5863432000, 2097152, PROT_NONE) = 0
4976  mmap(0x7f5863632000, 8192, PROT_READ|PROT_WRITE, MAP_PRIVATE|MAP_FIXED|MAP_DENYWRITE, 4, 0x5000) = 0x7f5863632000
4976  close(4)                          = 0
4976  access("/etc/ld.so.nohwcap", F_OK) = -1 ENOENT (No such file or directory)
4976  open("/lib/x86_64-linux-gnu/libresolv.so.2", O_RDONLY|O_CLOEXEC) = 4
4976  read(4, "\177ELF\2\1\1\0\0\0\0\0\0\0\0\0\3\0>\0\1\0\0\0P9\0\0\0\0\0\0"..., 832) = 832
4976  fstat(4, {st_mode=S_IFREG|0644, st_size=101200, ...}) = 0
4976  mmap(NULL, 2206280, PROT_READ|PROT_EXEC, MAP_PRIVATE|MAP_DENYWRITE, 4, 0) = 0x7f5863212000
4976  mprotect(0x7f5863229000, 2097152, PROT_NONE) = 0
4976  mmap(0x7f5863429000, 8192, PROT_READ|PROT_WRITE, MAP_PRIVATE|MAP_FIXED|MAP_DENYWRITE, 4, 0x17000) = 0x7f5863429000
4976  mmap(0x7f586342b000, 6728, PROT_READ|PROT_WRITE, MAP_PRIVATE|MAP_FIXED|MAP_ANONYMOUS, -1, 0) = 0x7f586342b000
4976  close(4)                          = 0
4976  mprotect(0x7f5863429000, 4096, PROT_READ) = 0
4976  mprotect(0x7f5863632000, 4096, PROT_READ) = 0
4976  munmap(0x7f586568e000, 120066)    = 0
4976  stat("/etc/resolv.conf", {st_mode=S_IFREG|0644, st_size=190, ...}) = 0
4976  socket(PF_INET, SOCK_DGRAM|SOCK_NONBLOCK, IPPROTO_IP) = 4
4976  connect(4, {sa_family=AF_INET, sin_port=htons(53), sin_addr=inet_addr("127.0.1.1")}, 16) = 0
4976  poll([{fd=4, events=POLLOUT}], 1, 0) = 1 ([{fd=4, revents=POLLOUT}])
4976  sendto(4, "\31\271\1\0\0\1\0\0\0\0\0\0\7dungani\5cslab\3ece\4n"..., 43, MSG_NOSIGNAL, NULL, 0) = 43
4976  poll([{fd=4, events=POLLIN}], 1, 5000) = 1 ([{fd=4, revents=POLLIN}])
4976  ioctl(4, FIONREAD, [59])          = 0
4976  recvfrom(4, "\31\271\201\200\0\1\0\1\0\0\0\0\7dungani\5cslab\3ece\4n"..., 1024, 0, {sa_family=AF_INET, sin_port=htons(53), sin_addr=inet_addr("127.0.1.1")}, [16]) = 59
4976  close(4)                          = 0
4976  write(2, "Connecting to remote host...\n", 29) = 29
4976  connect(3, {sa_family=AF_INET, sin_port=htons(8888), sin_addr=inet_addr("147.102.3.246")}, 16) = 0
4976  write(2, "Connected.\n", 11)      = 11
4976  write(1, "Connected to server dungani.csla"..., 62) = 62
4976  write(3, "\0\0\0\r\10\0\32\t\10\30\20\1\30\0(\200\1", 17) = 17
4976  read(3, "\0\0\0\24", 4)           = 4
4976  read(3, "\10\1\32\20\10\1\20\3\30\0(\2B\6\0\0\1\0\0\0", 20) = 20
4976  write(1, "scif_get_nodeIDs() completed suc"..., 83) = 83
4976  write(1, "scif_get_nodeIDS ret=2\n", 23) = 23
4976  open("/phi_sys/class/mic/mic0/family", O_RDONLY) = 4
4976  fstat(4, {st_mode=S_IFREG|0600, st_size=5, ...}) = 0
4976  read(4, "x100\n", 4096)           = 5
4976  read(4, "", 4096)                 = 0
4976  close(4)                          = 0
4976  write(1, "scif_open... by thread=170134515"..., 34) = 34
4976  write(1, "ref_count=1\n", 12)     = 12
4976  write(3, "\0\0\0\n\10\0\32\6\10\5\20\0\30\0", 14) = 14
4976  read(3, "\0\0\0\f", 4)            = 4
4976  read(3, "\10\1\32\10\10\1\20\2\30\0(\6", 12) = 12
4976  write(1, "scif_open returned end = 6\n", 27) = 27
4976  write(1, "scif_bind(epd=6, pn 0)\n", 23) = 23
4976  write(1, "by thread 1701345152\n", 21) = 21
4976  write(3, "\0\0\0\22\10\0\32\16\10\7\20\2\30\0(\0060\200\200\344\351\r", 22) = 22
4976  read(3, "\0\0\0\r", 4)            = 4
4976  read(3, "\10\1\32\t\10\1\20\2\30\0(\301\10", 13) = 13
4976  write(1, "scif_bind ret=1089\n", 19) = 19
4976  write(1, "scif_open... by thread=170134515"..., 34) = 34
4976  write(1, "ref_count=2\n", 12)     = 12
4976  write(3, "\0\0\0\n\10\0\32\6\10\5\20\0\30\0", 14) = 14
4976  read(3, "\0\0\0\f", 4)            = 4
4976  read(3, "\10\1\32\10\10\1\20\2\30\0(\7", 12) = 12
4976  write(1, "scif_open returned end = 7\n", 27) = 27
4976  write(1, "scif_bind(epd=7, pn 0)\n", 23) = 23
4976  write(1, "by thread 1701345152\n", 21) = 21
4976  write(3, "\0\0\0\22\10\0\32\16\10\7\20\2\30\0(\0070\200\200\344\351\r", 22) = 22
4976  read(3, "\0\0\0\r", 4)            = 4
4976  read(3, "\10\1\32\t\10\1\20\2\30\0(\302\10", 13) = 13
4976  write(1, "scif_bind ret=1090\n", 19) = 19
4976  write(1, "get_scif_nodes\n", 15)  = 15
4976  write(1, "by thread 1701345152\n", 21) = 21
4976  write(3, "\0\0\0\f\10\0\32\10\10\30\20\1\30\0( ", 16) = 16
4976  read(3, "\0\0\0\24", 4)           = 4
4976  read(3, "\10\1\32\20\10\1\20\3\30\0(\2B\6\0\0\1\0\0\0", 20) = 20
4976  write(1, "scif_get_nodeIDs() completed suc"..., 83) = 83
4976  write(1, "scif_get_nodeIDS ret=2\n", 23) = 23
4976  mmap(NULL, 8392704, PROT_READ|PROT_WRITE, MAP_PRIVATE|MAP_ANONYMOUS|MAP_STACK, -1, 0) = 0x7f5862a11000
4976  mprotect(0x7f5862a11000, 4096, PROT_NONE) = 0
4976  clone(child_stack=0x7f5863210f70, flags=CLONE_VM|CLONE_FS|CLONE_FILES|CLONE_SIGHAND|CLONE_THREAD|CLONE_SYSVSEM|CLONE_SETTLS|CLONE_PARENT_SETTID|CLONE_CHILD_CLEARTID, parent_tidptr=0x7f58632119d0, tls=0x7f5863211700, child_tidptr=0x7f58632119d0) = 4978
4978  set_robust_list(0x7f58632119e0, 24 <unfinished ...>
4976  write(1, "scif_open... by thread=170134515"..., 34 <unfinished ...>
4978  <... set_robust_list resumed> )   = 0
4976  <... write resumed> )             = 34
4976  write(1, "ref_count=3\n", 12 <unfinished ...>
4978  futex(0x7f5864017780, FUTEX_WAIT_PRIVATE, 2, NULL <unfinished ...>
4976  <... write resumed> )             = 12
4976  futex(0x7f5864017780, FUTEX_WAKE_PRIVATE, 1) = 1
4978  <... futex resumed> )             = 0
4976  write(3, "\0\0\0\n\10\0\32\6\10\5\20\0\30\0", 14 <unfinished ...>
4978  write(1, "scif_listen(epd=7, backlog= 1)\n", 31) = 31
4978  futex(0x7f5864017780, FUTEX_WAKE_PRIVATE, 1 <unfinished ...>
4976  <... write resumed> )             = 14
4978  <... futex resumed> )             = 0
4976  read(3,  <unfinished ...>
4978  write(1, "by thread 1663112960\n", 21) = 21
4978  mmap(NULL, 134217728, PROT_NONE, MAP_PRIVATE|MAP_ANONYMOUS|MAP_NORESERVE, -1, 0) = 0x7f585aa11000
4978  munmap(0x7f585aa11000, 22999040)  = 0
4978  munmap(0x7f5860000000, 44109824)  = 0
4978  mprotect(0x7f585c000000, 135168, PROT_READ|PROT_WRITE) = 0
4978  socket(PF_INET, SOCK_STREAM, IPPROTO_IP) = 4
4978  write(2, "Created TCP socket\n", 19) = 19
4978  open("/etc/resolv.conf", O_RDONLY|O_CLOEXEC) = 5
4978  fstat(5, {st_mode=S_IFREG|0644, st_size=190, ...}) = 0
4978  read(5, "# Dynamic resolv.conf(5) file fo"..., 4096) = 190
4978  read(5, "", 4096)                 = 0
4978  close(5)                          = 0
4978  stat("/etc/resolv.conf", {st_mode=S_IFREG|0644, st_size=190, ...}) = 0
4978  open("/etc/hosts", O_RDONLY|O_CLOEXEC) = 5
4978  fstat(5, {st_mode=S_IFREG|0644, st_size=223, ...}) = 0
4978  read(5, "127.0.0.1\tlocalhost\n127.0.0.1 \tn"..., 4096) = 223
4978  read(5, "", 4096)                 = 0
4978  close(5)                          = 0
4978  stat("/etc/resolv.conf", {st_mode=S_IFREG|0644, st_size=190, ...}) = 0
4978  socket(PF_INET, SOCK_DGRAM|SOCK_NONBLOCK, IPPROTO_IP) = 5
4978  connect(5, {sa_family=AF_INET, sin_port=htons(53), sin_addr=inet_addr("127.0.1.1")}, 16) = 0
4978  poll([{fd=5, events=POLLOUT}], 1, 0) = 1 ([{fd=5, revents=POLLOUT}])
4978  sendto(5, "\310\377\1\0\0\1\0\0\0\0\0\0\7dungani\5cslab\3ece\4n"..., 43, MSG_NOSIGNAL, NULL, 0) = 43
4978  poll([{fd=5, events=POLLIN}], 1, 5000 <unfinished ...>
4976  <... read resumed> "\0\0\0\f", 4) = 4
4978  <... poll resumed> )              = 1 ([{fd=5, revents=POLLIN}])
4976  read(3,  <unfinished ...>
4978  ioctl(5, FIONREAD <unfinished ...>
4976  <... read resumed> "\10\1\32\10\10\1\20\2\30\0(\10", 12) = 12
4978  <... ioctl resumed> , [59])       = 0
4976  write(1, "scif_open returned end = 8\n", 27 <unfinished ...>
4978  recvfrom(5,  <unfinished ...>
4976  <... write resumed> )             = 27
4976  write(1, "executing scif_connect(epd=8,dst"..., 57 <unfinished ...>
4978  <... recvfrom resumed> "\310\377\201\200\0\1\0\1\0\0\0\0\7dungani\5cslab\3ece\4n"..., 1024, 0, {sa_family=AF_INET, sin_port=htons(53), sin_addr=inet_addr("127.0.1.1")}, [16]) = 59
4976  <... write resumed> )             = 57
4978  close(5 <unfinished ...>
4976  write(1, "by thread 1701345152\n", 21) = 21
4978  <... close resumed> )             = 0
4976  write(3, "\0\0\0\22\10\0\32\16\10\t\20\2\30\0(\10B\4\0\0B\4", 22 <unfinished ...>
4978  write(2, "Connecting to remote host...\n", 29 <unfinished ...>
4976  <... write resumed> )             = 22
4976  read(3,  <unfinished ...>
4978  <... write resumed> )             = 29
4978  connect(4, {sa_family=AF_INET, sin_port=htons(8888), sin_addr=inet_addr("147.102.3.246")}, 16 <unfinished ...>
4976  <... read resumed> "\0\0\0\27", 4) = 4
4978  <... connect resumed> )           = 0
4976  read(3,  <unfinished ...>
4978  write(2, "Connected.\n", 11 <unfinished ...>
4976  <... read resumed> "\10\1\32\23\10\1\20\3\30\5 o(\377\377\377\377\377\377\377\377\377\1", 23) = 23
4978  <... write resumed> )             = 11
4976  write(1, "Error detected : Connection refu"..., 36 <unfinished ...>
4978  futex(0x7f5864017780, FUTEX_WAIT_PRIVATE, 2, NULL <unfinished ...>
4976  <... write resumed> )             = 36
4976  futex(0x7f5864017780, FUTEX_WAKE_PRIVATE, 1) = 1
4978  <... futex resumed> )             = 0
4976  write(1, "scif_connect ret =-1\n", 21 <unfinished ...>
4978  futex(0x7f5864017780, FUTEX_WAIT_PRIVATE, 2, NULL <unfinished ...>
4976  <... write resumed> )             = 21
4976  futex(0x7f5864017780, FUTEX_WAKE_PRIVATE, 1) = 1
4978  <... futex resumed> )             = 0
4976  write(1, "executing scif_connect(epd=8,dst"..., 57 <unfinished ...>
4978  futex(0x7f5864017780, FUTEX_WAIT_PRIVATE, 2, NULL <unfinished ...>
4976  <... write resumed> )             = 57
4976  futex(0x7f5864017780, FUTEX_WAKE_PRIVATE, 1) = 1
4978  <... futex resumed> )             = 0
4976  write(1, "by thread 1701345152\n", 21 <unfinished ...>
4978  futex(0x7f5864017780, FUTEX_WAIT_PRIVATE, 2, NULL <unfinished ...>
4976  <... write resumed> )             = 21
4976  futex(0x7f5864017780, FUTEX_WAKE_PRIVATE, 1) = 1
4978  <... futex resumed> )             = 0
4976  write(3, "\0\0\0\22\10\0\32\16\10\t\20\2\30\0(\10B\4\0\0B\4", 22 <unfinished ...>
4978  write(1, "Connected to server dungani.csla"..., 62 <unfinished ...>
4976  <... write resumed> )             = 22
4978  <... write resumed> )             = 62
4976  read(3,  <unfinished ...>
4978  futex(0x7f5864017780, FUTEX_WAKE_PRIVATE, 1) = 0
4978  write(4, "\0\0\0\16\10\0\32\n\10\10\20\1\30\0(\7(\1", 18) = 18
4978  read(4, "\0\0\0\n", 4)            = 4
4978  read(4, "\10\1\32\6\10\1\20\1\30\0", 10) = 10
4978  write(1, "scif_listen ret = 0\n", 20) = 20
4978  write(1, "scif_accept(epd=7...\n", 21) = 21
4978  write(1, "by thread 1663112960\n", 21) = 21
4978  write(4, "\0\0\0\24\10\0\32\20\10\n\20\2\30\0(\7(\1B\4\0\27!c", 24) = 24
4978  read(4,  <unfinished ...>
4976  <... read resumed> "\0\0\0\27", 4) = 4
4976  read(3, "\10\1\32\23\10\1\20\3\30\5 o(\377\377\377\377\377\377\377\377\377\1", 23) = 23
4976  write(1, "Error detected : Connection refu"..., 36) = 36
4976  write(1, "scif_connect ret =-1\n", 21) = 21
4976  write(1, "executing scif_connect(epd=8,dst"..., 57) = 57
4976  write(1, "by thread 1701345152\n", 21) = 21
4976  write(3, "\0\0\0\22\10\0\32\16\10\t\20\2\30\0(\10B\4\0\0B\4", 22) = 22
4976  read(3, "\0\0\0\r", 4)            = 4
4976  read(3, "\10\1\32\t\10\1\20\2\30\0(\303\10", 13) = 13
4976  write(1, "scif_connect ret =1091\n", 23) = 23
4976  futex(0x7f58632119d0, FUTEX_WAIT, 4978, NULL <unfinished ...>
4978  <... read resumed> "\0\0\0\f", 4) = 4
4978  read(4, "\10\1\32\10\10\1\20\2\30\0(\n", 12) = 12
4978  write(1, "scif_accept ret=0 and newepd=10\n", 32) = 32
4978  madvise(0x7f5862a11000, 8368128, MADV_DONTNEED) = 0
4978  exit(0)                           = ?
4976  <... futex resumed> )             = 0
4978  +++ exited with 0 +++
4976  write(1, "scif_close(epd=7)\n", 18) = 18
4976  write(1, "by thread 1701345152\n", 21) = 21
4976  write(3, "\0\0\0\f\10\0\32\10\10\6\20\1\30\0(\7", 16) = 16
4976  read(3, "\0\0\0\n", 4)            = 4
4976  read(3, "\10\1\32\6\10\1\20\1\30\0", 10) = 10
4976  write(1, "scif_close ret=0\n", 17) = 17
4976  write(1, "executing scif_connect(epd=6,dst"..., 55) = 55
4976  write(1, "by thread 1701345152\n", 21) = 21
4976  write(3, "\0\0\0\22\10\0\32\16\10\t\20\2\30\0(\6B\4\1\0(\0", 22) = 22
4976  read(3, "\0\0\0\r", 4)            = 4
4976  read(3, "\10\1\32\t\10\1\20\2\30\0(\301\10", 13) = 13
4976  write(1, "scif_connect ret =1089\n", 23) = 23
4976  getuid()                          = 1000
4976  socket(PF_LOCAL, SOCK_STREAM|SOCK_CLOEXEC|SOCK_NONBLOCK, 0) = 5
4976  connect(5, {sa_family=AF_LOCAL, sun_path="/var/run/nscd/socket"}, 110) = -1 ENOENT (No such file or directory)
4976  close(5)                          = 0
4976  socket(PF_LOCAL, SOCK_STREAM|SOCK_CLOEXEC|SOCK_NONBLOCK, 0) = 5
4976  connect(5, {sa_family=AF_LOCAL, sun_path="/var/run/nscd/socket"}, 110) = -1 ENOENT (No such file or directory)
4976  close(5)                          = 0
4976  open("/etc/ld.so.cache", O_RDONLY|O_CLOEXEC) = 5
4976  fstat(5, {st_mode=S_IFREG|0644, st_size=120066, ...}) = 0
4976  mmap(NULL, 120066, PROT_READ, MAP_PRIVATE, 5, 0) = 0x7f586568e000
4976  close(5)                          = 0
4976  access("/etc/ld.so.nohwcap", F_OK) = -1 ENOENT (No such file or directory)
4976  open("/lib/x86_64-linux-gnu/libnss_compat.so.2", O_RDONLY|O_CLOEXEC) = 5
4976  read(5, "\177ELF\2\1\1\0\0\0\0\0\0\0\0\0\3\0>\0\1\0\0\0\320\22\0\0\0\0\0\0"..., 832) = 832
4976  fstat(5, {st_mode=S_IFREG|0644, st_size=35688, ...}) = 0
4976  mmap(NULL, 2131040, PROT_READ|PROT_EXEC, MAP_PRIVATE|MAP_DENYWRITE, 5, 0) = 0x7f5862808000
4976  mprotect(0x7f5862810000, 2093056, PROT_NONE) = 0
4976  mmap(0x7f5862a0f000, 8192, PROT_READ|PROT_WRITE, MAP_PRIVATE|MAP_FIXED|MAP_DENYWRITE, 5, 0x7000) = 0x7f5862a0f000
4976  close(5)                          = 0
4976  access("/etc/ld.so.nohwcap", F_OK) = -1 ENOENT (No such file or directory)
4976  open("/lib/x86_64-linux-gnu/libnsl.so.1", O_RDONLY|O_CLOEXEC) = 5
4976  read(5, "\177ELF\2\1\1\0\0\0\0\0\0\0\0\0\3\0>\0\1\0\0\0\360?\0\0\0\0\0\0"..., 832) = 832
4976  fstat(5, {st_mode=S_IFREG|0644, st_size=93128, ...}) = 0
4976  mmap(NULL, 2198104, PROT_READ|PROT_EXEC, MAP_PRIVATE|MAP_DENYWRITE, 5, 0) = 0x7f58625ef000
4976  mprotect(0x7f5862605000, 2093056, PROT_NONE) = 0
4976  mmap(0x7f5862804000, 8192, PROT_READ|PROT_WRITE, MAP_PRIVATE|MAP_FIXED|MAP_DENYWRITE, 5, 0x15000) = 0x7f5862804000
4976  mmap(0x7f5862806000, 6744, PROT_READ|PROT_WRITE, MAP_PRIVATE|MAP_FIXED|MAP_ANONYMOUS, -1, 0) = 0x7f5862806000
4976  close(5)                          = 0
4976  mprotect(0x7f5862804000, 4096, PROT_READ) = 0
4976  mprotect(0x7f5862a0f000, 4096, PROT_READ) = 0
4976  munmap(0x7f586568e000, 120066)    = 0
4976  open("/etc/ld.so.cache", O_RDONLY|O_CLOEXEC) = 5
4976  fstat(5, {st_mode=S_IFREG|0644, st_size=120066, ...}) = 0
4976  mmap(NULL, 120066, PROT_READ, MAP_PRIVATE, 5, 0) = 0x7f586568e000
4976  close(5)                          = 0
4976  access("/etc/ld.so.nohwcap", F_OK) = -1 ENOENT (No such file or directory)
4976  open("/lib/x86_64-linux-gnu/libnss_nis.so.2", O_RDONLY|O_CLOEXEC) = 5
4976  read(5, "\177ELF\2\1\1\0\0\0\0\0\0\0\0\0\3\0>\0\1\0\0\0\260 \0\0\0\0\0\0"..., 832) = 832
4976  fstat(5, {st_mode=S_IFREG|0644, st_size=47648, ...}) = 0
4976  mmap(NULL, 2143624, PROT_READ|PROT_EXEC, MAP_PRIVATE|MAP_DENYWRITE, 5, 0) = 0x7f58623e3000
4976  mprotect(0x7f58623ee000, 2093056, PROT_NONE) = 0
4976  mmap(0x7f58625ed000, 8192, PROT_READ|PROT_WRITE, MAP_PRIVATE|MAP_FIXED|MAP_DENYWRITE, 5, 0xa000) = 0x7f58625ed000
4976  close(5)                          = 0
4976  mprotect(0x7f58625ed000, 4096, PROT_READ) = 0
4976  munmap(0x7f586568e000, 120066)    = 0
4976  open("/etc/passwd", O_RDONLY|O_CLOEXEC) = 5
4976  lseek(5, 0, SEEK_CUR)             = 0
4976  fstat(5, {st_mode=S_IFREG|0644, st_size=2349, ...}) = 0
4976  mmap(NULL, 2349, PROT_READ, MAP_SHARED, 5, 0) = 0x7f58656ab000
4976  lseek(5, 2349, SEEK_SET)          = 2349
4976  munmap(0x7f58656ab000, 2349)      = 0
4976  close(5)                          = 0
4976  write(1, "scif_open... by thread=170134515"..., 34) = 34
4976  write(1, "ref_count=4\n", 12)     = 12
4976  write(3, "\0\0\0\n\10\0\32\6\10\5\20\0\30\0", 14) = 14
4976  read(3, "\0\0\0\f", 4)            = 4
4976  read(3, "\10\1\32\10\10\1\20\2\30\0(\7", 12) = 12
4976  write(1, "scif_open returned end = 7\n", 27) = 27
4976  write(1, "executing scif_connect(epd=7,dst"..., 56) = 56
4976  write(1, "by thread 1701345152\n", 21) = 21
4976  write(3, "\0\0\0\22\10\0\32\16\10\t\20\2\30\0(\7B\4\0\0\242\0", 22) = 22
4976  read(3, "\0\0\0\r", 4)            = 4
4976  read(3, "\10\1\32\t\10\1\20\2\30\0(\302\10", 13) = 13
4976  write(1, "scif_connect ret =1090\n", 23) = 23
4976  getuid()                          = 1000
4976  write(1, "executing scif_send(endp=7, len="..., 43) = 43
4976  write(1, "by thread 1701345152\n", 21) = 21
4976  write(3, "\0\0\0\26\10\0\32\22\10\v\20\2\30\0(\7(\4(\1B\4\350\3\0\0", 26) = 26
4976  read(3, "\0\0\0\f", 4)            = 4
4976  read(3, "\10\1\32\10\10\1\20\2\30\0(\4", 12) = 12
4976  write(1, "scif_send ret =4\n", 17) = 17
4976  write(1, "executing scif_poll( nfds=1 time"..., 42) = 42
4976  write(1, "by thread 1701345152\n", 21) = 21
4976  write(3, "\0\0\0\31\10\0\32\25\10\31\20\2\30\0000\0010\210'B\10\7\0\0\0\1\0\0\0", 29) = 29
4976  read(3, "\0\0\0\26", 4)           = 4
4976  read(3, "\10\1\32\22\10\1\20\3\30\0(\1B\10\7\0\0\0\1\0\21\0", 22) = 22
4976  write(1, "scif_poll event fired\n", 22) = 22
4976  write(1, "scif_poll returning ret =1 by th"..., 48) = 48
4976  write(1, "executing scif_recv() epd=7, len"..., 44) = 44
4976  write(1, "by thread 1701345152\n", 21) = 21
4976  write(3, "\0\0\0\20\10\0\32\f\10\f\20\1\30\0(\7(\4(\0", 20) = 20
4976  read(3, "\0\0\0\22", 4)           = 4
4976  read(3, "\10\1\32\16\10\1\20\3\30\0(\4B\4\2\0\0\0", 18) = 18
4976  write(1, "scif_recv ret =4\n", 17) = 17
4976  write(1, "scif_close(epd=7)\n", 18) = 18
4976  write(1, "by thread 1701345152\n", 21) = 21
4976  write(3, "\0\0\0\f\10\0\32\10\10\6\20\1\30\0(\7", 16) = 16
4976  read(3, "\0\0\0\n", 4)            = 4
4976  read(3, "\10\1\32\6\10\1\20\1\30\0", 10) = 10
4976  write(1, "scif_close ret=0\n", 17) = 17
4976  open("/home/fertakis/.mpsscookie", O_RDONLY) = -1 ENOENT (No such file or directory)
4976  write(1, "executing scif_send(endp=6, len="..., 45) = 45
4976  write(1, "by thread 1701345152\n", 21) = 21
4976  write(3, "\0\0\0\305\10\0\32\300\1\10\v\20\2\30\0(\6(\260\1(\1B\260\1\250\0\0\0\0\0\0"..., 201) = 201
4976  read(3, "\0\0\0\r", 4)            = 4
4976  read(3, "\10\1\32\t\10\1\20\2\30\0(\260\1", 13) = 13
4976  write(1, "scif_send ret =176\n", 19) = 19
4976  open("/proc/cpuinfo", O_RDONLY)   = 5
4976  fstat(5, {st_mode=S_IFREG|0444, st_size=0, ...}) = 0
4976  read(5, "processor\t: 0\nvendor_id\t: Genuin"..., 1024) = 1024
4976  lseek(5, 0, SEEK_SET)             = 0
4976  read(5, "processor\t: 0\nvendor_id\t: Genuin"..., 1024) = 1024
4976  open("/phi_sys/devices/system/cpu/cpu0/cpufreq/cpuinfo_max_freq", O_RDONLY) = -1 ENOENT (No such file or directory)
4976  read(5, "58\nmodel name\t: Intel(R) Core(TM"..., 1024) = 1024
4976  open("/phi_sys/devices/system/cpu/cpu1/cpufreq/cpuinfo_max_freq", O_RDONLY) = -1 ENOENT (No such file or directory)
4976  read(5, "ng\t: 9\nmicrocode\t: 0x1c\ncpu MHz\t"..., 1024) = 1024
4976  open("/phi_sys/devices/system/cpu/cpu2/cpufreq/cpuinfo_max_freq", O_RDONLY) = -1 ENOENT (No such file or directory)
4976  read(5, "B\nphysical id\t: 0\nsiblings\t: 4\nc"..., 1024) = 772
4976  open("/phi_sys/devices/system/cpu/cpu3/cpufreq/cpuinfo_max_freq", O_RDONLY) = -1 ENOENT (No such file or directory)
4976  read(5, "", 1024)                 = 0
4976  close(5)                          = 0
4976  write(1, "executing scif_recv() epd=6, len"..., 45) = 45
4976  write(1, "by thread 1701345152\n", 21) = 21
4976  write(3, "\0\0\0\20\10\0\32\f\10\f\20\1\30\0(\6(@(\0", 20) = 20
4976  read(3, "\0\0\0N", 4)             = 4
4976  read(3, "\10\1\32J\10\1\20\3\30\0(@B@\34\0\0\0\0\0\0\0\6\0\0\0\0\0\0\0\0\0"..., 78) = 78
4976  write(1, "scif_recv ret =64\n", 18) = 18
4976  stat("../bin/helloWorld", {st_mode=S_IFREG|0755, st_size=10404, ...}) = 0
4976  open("../bin/helloWorld", O_RDONLY) = 5
4976  lseek(5, 0, SEEK_END)             = 10404
4976  mmap(NULL, 10404, PROT_READ, MAP_PRIVATE, 5, 0) = 0x7f58656a9000
4976  write(1, "scif_open... by thread=170134515"..., 34) = 34
4976  write(1, "ref_count=5\n", 12)     = 12
4976  write(3, "\0\0\0\n\10\0\32\6\10\5\20\0\30\0", 14) = 14
4976  read(3, "\0\0\0\f", 4)            = 4
4976  read(3, "\10\1\32\10\10\1\20\2\30\0(\7", 12) = 12
4976  write(1, "scif_open returned end = 7\n", 27) = 27
4976  write(1, "scif_bind(epd=7, pn 0)\n", 23) = 23
4976  write(1, "by thread 1701345152\n", 21) = 21
4976  write(3, "\0\0\0\22\10\0\32\16\10\7\20\2\30\0(\0070\200\200\344\351\r", 22) = 22
4976  read(3, "\0\0\0\r", 4)            = 4
4976  read(3, "\10\1\32\t\10\1\20\2\30\0(\302\10", 13) = 13
4976  write(1, "scif_bind ret=1090\n", 19) = 19
4976  write(1, "scif_listen(epd=7, backlog= 1)\n", 31) = 31
4976  write(1, "by thread 1701345152\n", 21) = 21
4976  write(3, "\0\0\0\16\10\0\32\n\10\10\20\1\30\0(\7(\1", 18) = 18
4976  read(3, "\0\0\0\n", 4)            = 4
4976  read(3, "\10\1\32\6\10\1\20\1\30\0", 10) = 10
4976  write(1, "scif_listen ret = 0\n", 20) = 20
4976  write(1, "scif_open... by thread=170134515"..., 34) = 34
4976  write(1, "ref_count=6\n", 12)     = 12
4976  write(3, "\0\0\0\n\10\0\32\6\10\5\20\0\30\0", 14) = 14
4976  read(3, "\0\0\0\f", 4)            = 4
4976  read(3, "\10\1\32\10\10\1\20\2\30\0(\v", 12) = 12
4976  write(1, "scif_open returned end = 11\n", 28) = 28
4976  write(1, "scif_bind(epd=11, pn 0)\n", 24) = 24
4976  write(1, "by thread 1701345152\n", 21) = 21
4976  write(3, "\0\0\0\22\10\0\32\16\10\7\20\2\30\0(\v0\200\200\344\351\r", 22) = 22
4976  read(3, "\0\0\0\r", 4)            = 4
4976  read(3, "\10\1\32\t\10\1\20\2\30\0(\304\10", 13) = 13
4976  write(1, "scif_bind ret=1092\n", 19) = 19
4976  write(1, "scif_listen(epd=11, backlog= 1)\n", 32) = 32
4976  write(1, "by thread 1701345152\n", 21) = 21
4976  write(3, "\0\0\0\16\10\0\32\n\10\10\20\1\30\0(\v(\1", 18) = 18
4976  read(3, "\0\0\0\n", 4)            = 4
4976  read(3, "\10\1\32\6\10\1\20\1\30\0", 10) = 10
4976  write(1, "scif_listen ret = 0\n", 20) = 20
4976  stat("../bin/helloWorld", {st_mode=S_IFREG|0755, st_size=10404, ...}) = 0
4976  getcwd("/home/fertakis/repos/remotePhiExec/debug", 4096) = 41
4976  lstat("/home/fertakis/repos/remotePhiExec/bin", {st_mode=S_IFDIR|0775, st_size=4096, ...}) = 0
4976  lstat("/home/fertakis/repos/remotePhiExec/bin/helloWorld", {st_mode=S_IFREG|0755, st_size=10404, ...}) = 0
4976  getrlimit(RLIMIT_STACK, {rlim_cur=8192*1024, rlim_max=RLIM64_INFINITY}) = 0
4976  write(1, "get_scif_nodes\n", 15)  = 15
4976  write(1, "by thread 1701345152\n", 21) = 21
4976  write(3, "\0\0\0\r\10\0\32\t\10\30\20\1\30\0(\200\1", 17) = 17
4976  read(3, "\0\0\0\24", 4)           = 4
4976  read(3, "\10\1\32\20\10\1\20\3\30\0(\2B\6\0\0\1\0\0\0", 20) = 20
4976  write(1, "scif_get_nodeIDs() completed suc"..., 83) = 83
4976  write(1, "scif_get_nodeIDS ret=2\n", 23) = 23
4976  write(1, "scif_open... by thread=170134515"..., 34) = 34
4976  write(1, "ref_count=7\n", 12)     = 12
4976  write(3, "\0\0\0\n\10\0\32\6\10\5\20\0\30\0", 14) = 14
4976  read(3, "\0\0\0\f", 4)            = 4
4976  read(3, "\10\1\32\10\10\1\20\2\30\0(\f", 12) = 12
4976  write(1, "scif_open returned end = 12\n", 28) = 28
4976  write(1, "scif_bind(epd=12, pn 0)\n", 24) = 24
4976  write(1, "by thread 1701345152\n", 21) = 21
4976  write(3, "\0\0\0\22\10\0\32\16\10\7\20\2\30\0(\f0\200\200\350\351\r", 22) = 22
4976  read(3, "\0\0\0\r", 4)            = 4
4976  read(3, "\10\1\32\t\10\1\20\2\30\0(\305\10", 13) = 13
4976  write(1, "scif_bind ret=1093\n", 19) = 19
4976  write(1, "scif_listen(epd=12, backlog= 1)\n", 32) = 32
4976  write(1, "by thread 1701345152\n", 21) = 21
4976  write(3, "\0\0\0\16\10\0\32\n\10\10\20\1\30\0(\f(\1", 18) = 18
4976  read(3, "\0\0\0\n", 4)            = 4
4976  read(3, "\10\1\32\6\10\1\20\1\30\0", 10) = 10
4976  write(1, "scif_listen ret = 0\n", 20) = 20
4976  write(1, "get_scif_nodes\n", 15)  = 15
4976  write(1, "by thread 1701345152\n", 21) = 21
4976  write(3, "\0\0\0\r\10\0\32\t\10\30\20\1\30\0(\200\1", 17) = 17
4976  read(3, "\0\0\0\24", 4)           = 4
4976  read(3, "\10\1\32\20\10\1\20\3\30\0(\2B\6\0\0\1\0\0\0", 20) = 20
4976  write(1, "scif_get_nodeIDs() completed suc"..., 83) = 83
4976  write(1, "scif_get_nodeIDS ret=2\n", 23) = 23
4976  clone( <unfinished ...>
4987  set_robust_list(0x7f58632119e0, 24 <unfinished ...>
4976  <... clone resumed> child_stack=0x7f5863210f70, flags=CLONE_VM|CLONE_FS|CLONE_FILES|CLONE_SIGHAND|CLONE_THREAD|CLONE_SYSVSEM|CLONE_SETTLS|CLONE_PARENT_SETTID|CLONE_CHILD_CLEARTID, parent_tidptr=0x7f58632119d0, tls=0x7f5863211700, child_tidptr=0x7f58632119d0) = 4987
4976  mmap(NULL, 4096, PROT_READ|PROT_WRITE, MAP_SHARED|MAP_ANONYMOUS, -1, 0 <unfinished ...>
4987  <... set_robust_list resumed> )   = 0
4976  <... mmap resumed> )              = 0x7f58656a8000
4987  rt_sigprocmask(SIG_BLOCK, ~[RTMIN RT_1], NULL, 8) = 0
4976  write(1, "executing scif_register with epd"..., 93) = 93
4987  futex(0x7f5864017780, FUTEX_WAIT_PRIVATE, 2, NULL <unfinished ...>
4976  futex(0x7f5864017780, FUTEX_WAKE_PRIVATE, 1) = 1
4987  <... futex resumed> )             = 0
4976  futex(0x7f5864017780, FUTEX_WAIT_PRIVATE, 2, NULL <unfinished ...>
4987  write(1, "executing scif_poll( nfds=1 time"..., 43) = 43
4987  futex(0x7f5864017780, FUTEX_WAKE_PRIVATE, 1 <unfinished ...>
4976  <... futex resumed> )             = 0
4987  <... futex resumed> )             = 1
4976  write(1, "by thread 1701345152\n", 21) = 21
4987  futex(0x7f5864017780, FUTEX_WAIT_PRIVATE, 2, NULL <unfinished ...>
4976  futex(0x7f5864017780, FUTEX_WAKE_PRIVATE, 1 <unfinished ...>
4987  <... futex resumed> )             = -1 EAGAIN (Resource temporarily unavailable)
4976  <... futex resumed> )             = 0
4976  write(3, "\0\0\0)\10\0\32%\10\r\20\3\30\0(\6(\3(\0000\200 B\24\0\200jeX\177\0"..., 45 <unfinished ...>
4987  write(1, "by thread 1663112960\n", 21) = 21
4976  <... write resumed> )             = 45
4987  futex(0x7f5864017780, FUTEX_WAKE_PRIVATE, 1 <unfinished ...>
4976  read(3,  <unfinished ...>
4987  <... futex resumed> )             = 0
4987  write(4, "\0\0\0\31\10\0\32\25\10\31\20\2\30\0000\0010\220NB\10\f\0\0\0\1\0\0\0", 29) = 29
4987  read(4,  <unfinished ...>
4976  <... read resumed> "\0\0\0\24", 4) = 4
4976  read(3, "\10\1\32\20\10\1\20\2\30\0B\10\0\0\0\0\0\0\0@", 20) = 20
4976  write(1, "scif_register ret = 0\n", 22) = 22
4976  write(1, "executing scif_send(endp=6, len="..., 44) = 44
4976  write(1, "by thread 1701345152\n", 21) = 21
4976  write(3, "\0\0\0R\10\0\32N\10\v\20\2\30\0(\6(@(\1B@\344\\\0\0\0\0\0\0\0\0"..., 86) = 86
4976  read(3, "\0\0\0\f", 4)            = 4
4976  read(3, "\10\1\32\10\10\1\20\2\30\0(@", 12) = 12
4976  write(1, "scif_send ret =64\n", 18) = 18
4976  mmap(NULL, 36864, PROT_READ|PROT_WRITE, MAP_SHARED|MAP_ANONYMOUS, -1, 0) = 0x7f586569f000
4976  write(1, "executing scif_register with epd"..., 94) = 94
4976  write(1, "by thread 1701345152\n", 21) = 21
4976  write(3, "\0\0\0*\10\0\32&\10\r\20\3\30\0(\6(\3(\0000\200\240\2B\24\0\360ieX\177"..., 46) = 46
4976  read(3, "\0\0\0\24", 4)           = 4
4976  read(3, "\10\1\32\20\10\1\20\2\30\0B\10\0\20\0\0\0\0\0@", 20) = 20
4976  write(1, "scif_register ret = 4096\n", 25) = 25
4976  write(1, "executing scif_recv() epd=6, len"..., 44) = 44
4976  write(1, "by thread 1701345152\n", 21) = 21
4976  write(3, "\0\0\0\20\10\0\32\f\10\f\20\1\30\0(\6(\10(\0", 20) = 20
4976  read(3, "\0\0\0\26", 4)           = 4
4976  read(3, "\10\1\32\22\10\1\20\3\30\0(\10B\10\0\0\0\0\0\0\0@", 22) = 22
4976  write(1, "scif_recv ret =8\n", 17) = 17
4976  write(1, "executing scif_send(endp=6, len="..., 43) = 43
4976  write(1, "by thread 1701345152\n", 21) = 21
4976  write(3, "\0\0\0\32\10\0\32\26\10\v\20\2\30\0(\6(\10(\1B\10\0\20\0\0\0\0\0@", 30) = 30
4976  read(3, "\0\0\0\f", 4)            = 4
4976  read(3, "\10\1\32\10\10\1\20\2\30\0(\10", 12) = 12
4976  write(1, "scif_send ret =8\n", 17) = 17
4976  write(1, "executing scif_writeto()... epd="..., 80) = 80
4976  write(1, "addr to read data = 0x7f586569f0"..., 36) = 36
4976  write(1, "by thread 1701345152\n", 21) = 21
4976  brk(0x55afdd3d3000)               = 0x55afdd3d3000
4976  write(1, "data was succesfully wrapped\n", 29) = 29
4976  write(3, "\0\0],\10\0\32\246\272\1\10\22\20\3\30\0(\6(\0000\200\272\1B\224\272\1\0\20\0\0"..., 23856) = 23856
4976  read(3, "\0\0\0\f", 4)            = 4
4976  read(3, "\10\1\32\10\10\1\20\2\30\0(\0", 12) = 12
4976  write(1, "scif_writeto ret= 0\n", 20) = 20
4976  write(1, "executing scif_fence_signal(epd="..., 98) = 98
4976  write(1, "by thread 1701345152\n", 21) = 21
4976  write(3, "\0\0\0$\10\0\32 \10\27\20\3\30\0(\6(\0218\0008\0B\20\0\0\0\0\0\0\0@"..., 40) = 40
4976  read(3, "\0\0\0\f", 4)            = 4
4976  read(3, "\10\1\32\10\10\1\20\2\30\0(\0", 12) = 12
4976  write(1, "scif_fence_signal ret =0\n", 25) = 25
4976  write(1, "executing scif_fence_mark()..., "..., 56) = 56
4976  write(1, "by thread 1701345152\n", 21) = 21
4976  write(3, "\0\0\0\16\10\0\32\n\10\25\20\1\30\0(\6(\1", 18) = 18
4976  read(3, "\0\0\0\16", 4)           = 4
4976  read(3, "\10\1\32\n\10\1\20\2\30\0(y(\0", 14) = 14
4976  write(1, "scif_fence_mark ret =0 and mark="..., 36) = 36
4976  write(1, "executing scif_fence_wait()... e"..., 46) = 46
4976  write(1, "by thread 1701345152\n", 21) = 21
4976  write(3, "\0\0\0\16\10\0\32\n\10\26\20\1\30\0(\6(y", 18) = 18
4976  read(3, "\0\0\0\f", 4)            = 4
4976  read(3, "\10\1\32\10\10\1\20\2\30\0(\0", 12) = 12
4976  write(1, "scif_fence_wait ret = 0\n", 24) = 24
4976  write(1, "executing scif_send(endp=6, len="..., 44) = 44
4976  write(1, "by thread 1701345152\n", 21) = 21
4976  write(3, "\0\0\0R\10\0\32N\10\v\20\2\30\0(\6(@(\1B@\344\\\0\0\0\0\0\0\0\0"..., 86) = 86
4976  read(3, "\0\0\0\f", 4)            = 4
4976  read(3, "\10\1\32\10\10\1\20\2\30\0(@", 12) = 12
4976  write(1, "scif_send ret =64\n", 18) = 18
4976  write(1, "executing scif_recv() epd=6, len"..., 44) = 44
4976  write(1, "by thread 1701345152\n", 21) = 21
4976  write(3, "\0\0\0\20\10\0\32\f\10\f\20\1\30\0(\6(\4(\0", 20) = 20
4976  read(3,  <unfinished ...>
4987  <... read resumed> "\0\0\0\26", 4) = 4
4987  read(4, "\10\1\32\22\10\1\20\3\30\0(\0B\10\f\0\0\0\1\0\0\0", 22) = 22
4987  write(1, "scif_poll timed out\n", 20) = 20
4987  write(1, "scif_poll returning ret =0 by th"..., 48) = 48
4987  write(1, "executing scif_poll( nfds=1 time"..., 43) = 43
4987  write(1, "by thread 1663112960\n", 21) = 21
4987  write(4, "\0\0\0\31\10\0\32\25\10\31\20\2\30\0000\0010\220NB\10\f\0\0\0\1\0\0\0", 29) = 29
4987  read(4,  <unfinished ...>
4976  <... read resumed> "\0\0\0\22", 4) = 4
4976  read(3, "\10\1\32\16\10\1\20\3\30\0(\4B\4\0\0\0\0", 18) = 18
4976  write(1, "scif_recv ret =4\n", 17) = 17
4976  write(1, "executing scif_send(endp=6, len="..., 44) = 44
4976  write(1, "by thread 1701345152\n", 21) = 21
4976  write(3, "\0\0\0R\10\0\32N\10\v\20\2\30\0(\6(@(\1B@\1\0\0\0\0\0\0\0\0\0"..., 86) = 86
4976  read(3, "\0\0\0\f", 4)            = 4
4976  read(3, "\10\1\32\10\10\1\20\2\30\0(@", 12) = 12
4976  write(1, "scif_send ret =64\n", 18) = 18
4976  write(1, "executing scif_send(endp=6, len="..., 44) = 44
4976  write(1, "by thread 1701345152\n", 21) = 21
4976  write(3, "\0\0\0R\10\0\32N\10\v\20\2\30\0(\6(@(\1B@\1\0\0\0\0\0\0\0\0\0"..., 86) = 86
4976  read(3, "\0\0\0\f", 4)            = 4
4976  read(3, "\10\1\32\10\10\1\20\2\30\0(@", 12) = 12
4976  write(1, "scif_send ret =64\n", 18) = 18
4976  write(1, "executing scif_send(endp=6, len="..., 44) = 44
4976  write(1, "by thread 1701345152\n", 21) = 21
4976  write(3, "\0\0\0R\10\0\32N\10\v\20\2\30\0(\6(@(\1B@\1\0\0\0\0\0\0\0\0\0"..., 86) = 86
4976  read(3, "\0\0\0\f", 4)            = 4
4976  read(3, "\10\1\32\10\10\1\20\2\30\0(@", 12) = 12
4976  write(1, "scif_send ret =64\n", 18) = 18
4976  write(1, "executing scif_recv() epd=6, len"..., 45) = 45
4976  write(1, "by thread 1701345152\n", 21) = 21
4976  write(3, "\0\0\0\20\10\0\32\f\10\f\20\1\30\0(\6(@(\0", 20) = 20
4976  read(3, "\0\0\0N", 4)             = 4
4976  read(3, "\10\1\32J\10\1\20\3\30\0(\0B@\0\0\0\0\0\0\0\0\0\0\0\0\0\0\0\0\0\0"..., 78) = 78
4976  write(1, "scif_recv ret =0\n", 17) = 17
4976  write(1, "executing scif_poll( nfds=2 time"..., 41) = 41
4976  write(1, "by thread 1701345152\n", 21) = 21
4976  write(3, "\0\0\0!\10\0\32\35\10\31\20\2\30\0000\0020\364\3B\20\n\0\0\0\1\0\0\0\6\0\0"..., 37) = 37
4976  read(3, "\0\0\0\36", 4)           = 4
4976  read(3, "\10\1\32\32\10\1\20\3\30\0(\0B\20\n\0\0\0\1\0\0\0\6\0\0\0\1\0\0\0", 30) = 30
4976  write(1, "scif_poll timed out\n", 20) = 20
4976  write(1, "scif_poll returning ret =0 by th"..., 48) = 48
4976  write(1, "executing scif_recv() epd=6, len"..., 45) = 45
4976  write(1, "by thread 1701345152\n", 21) = 21
4976  write(3, "\0\0\0\20\10\0\32\f\10\f\20\1\30\0(\6(@(\0", 20) = 20
4976  read(3,  <unfinished ...>
4987  <... read resumed> "\0\0\0\26", 4) = 4
4987  read(4, "\10\1\32\22\10\1\20\3\30\0(\0B\10\f\0\0\0\1\0\0\0", 22) = 22
4987  write(1, "scif_poll timed out\n", 20) = 20
4987  write(1, "scif_poll returning ret =0 by th"..., 48) = 48
4987  write(1, "executing scif_poll( nfds=1 time"..., 43) = 43
4987  write(1, "by thread 1663112960\n", 21) = 21
4987  write(4, "\0\0\0\31\10\0\32\25\10\31\20\2\30\0000\0010\220NB\10\f\0\0\0\1\0\0\0", 29) = 29
4987  read(4,  <unfinished ...>
4976  <... read resumed> "\0\0\0N", 4)  = 4
4976  read(3, "\10\1\32J\10\1\20\3\30\0(\0B@\0\0\0\0\0\0\0\0\0\0\0\0\0\0\0\0\0\0"..., 78) = 78
4976  write(1, "scif_recv ret =0\n", 17) = 17
4976  write(1, "executing scif_poll( nfds=2 time"..., 41) = 41
4976  write(1, "by thread 1701345152\n", 21) = 21
4976  write(3, "\0\0\0!\10\0\32\35\10\31\20\2\30\0000\0020\364\3B\20\n\0\0\0\1\0\0\0\6\0\0"..., 37) = 37
4976  read(3, "\0\0\0\36", 4)           = 4
4976  read(3, "\10\1\32\32\10\1\20\3\30\0(\0B\20\n\0\0\0\1\0\0\0\6\0\0\0\1\0\0\0", 30) = 30
4976  write(1, "scif_poll timed out\n", 20) = 20
4976  write(1, "scif_poll returning ret =0 by th"..., 48) = 48
4976  write(1, "executing scif_recv() epd=6, len"..., 45) = 45
4976  write(1, "by thread 1701345152\n", 21) = 21
4976  write(3, "\0\0\0\20\10\0\32\f\10\f\20\1\30\0(\6(@(\0", 20) = 20
4976  read(3, "\0\0\0N", 4)             = 4
4976  read(3, "\10\1\32J\10\1\20\3\30\0(\0B@\0\0\0\0\0\0\0\0\0\0\0\0\0\0\0\0\0\0"..., 78) = 78
4976  write(1, "scif_recv ret =0\n", 17) = 17
4976  write(1, "executing scif_poll( nfds=2 time"..., 41) = 41
4976  write(1, "by thread 1701345152\n", 21) = 21
4976  write(3, "\0\0\0!\10\0\32\35\10\31\20\2\30\0000\0020\364\3B\20\n\0\0\0\1\0\0\0\6\0\0"..., 37) = 37
4976  read(3, "\0\0\0\36", 4)           = 4
4976  read(3, "\10\1\32\32\10\1\20\3\30\0(\0B\20\n\0\0\0\1\0\0\0\6\0\0\0\1\0\0\0", 30) = 30
4976  write(1, "scif_poll timed out\n", 20) = 20
4976  write(1, "scif_poll returning ret =0 by th"..., 48) = 48
4976  write(1, "executing scif_recv() epd=6, len"..., 45) = 45
4976  write(1, "by thread 1701345152\n", 21) = 21
4976  write(3, "\0\0\0\20\10\0\32\f\10\f\20\1\30\0(\6(@(\0", 20) = 20
4976  read(3, "\0\0\0N", 4)             = 4
4976  read(3, "\10\1\32J\10\1\20\3\30\0(\0B@\0\0\0\0\0\0\0\0\0\0\0\0\0\0\0\0\0\0"..., 78) = 78
4976  write(1, "scif_recv ret =0\n", 17) = 17
4976  write(1, "executing scif_poll( nfds=2 time"..., 41) = 41
4976  write(1, "by thread 1701345152\n", 21) = 21
4976  write(3, "\0\0\0!\10\0\32\35\10\31\20\2\30\0000\0020\364\3B\20\n\0\0\0\1\0\0\0\6\0\0"..., 37) = 37
4976  read(3, "\0\0\0\36", 4)           = 4
4976  read(3, "\10\1\32\32\10\1\20\3\30\0(\0B\20\n\0\0\0\1\0\0\0\6\0\0\0\1\0\0\0", 30) = 30
4976  write(1, "scif_poll timed out\n", 20) = 20
4976  write(1, "scif_poll returning ret =0 by th"..., 48) = 48
4976  write(1, "executing scif_recv() epd=6, len"..., 45) = 45
4976  write(1, "by thread 1701345152\n", 21) = 21
4976  write(3, "\0\0\0\20\10\0\32\f\10\f\20\1\30\0(\6(@(\0", 20) = 20
4976  read(3,  <unfinished ...>
4987  <... read resumed> "\0\0\0\26", 4) = 4
4987  read(4, "\10\1\32\22\10\1\20\3\30\0(\0B\10\f\0\0\0\1\0\0\0", 22) = 22
4987  write(1, "scif_poll timed out\n", 20) = 20
4987  write(1, "scif_poll returning ret =0 by th"..., 48) = 48
4987  write(1, "executing scif_poll( nfds=1 time"..., 43) = 43
4987  write(1, "by thread 1663112960\n", 21) = 21
4987  write(4, "\0\0\0\31\10\0\32\25\10\31\20\2\30\0000\0010\220NB\10\f\0\0\0\1\0\0\0", 29) = 29
4987  read(4,  <unfinished ...>
4976  <... read resumed> "\0\0\0N", 4)  = 4
4976  read(3, "\10\1\32J\10\1\20\3\30\0(\0B@\0\0\0\0\0\0\0\0\0\0\0\0\0\0\0\0\0\0"..., 78) = 78
4976  write(1, "scif_recv ret =0\n", 17) = 17
4976  write(1, "executing scif_poll( nfds=2 time"..., 41) = 41
4976  write(1, "by thread 1701345152\n", 21) = 21
4976  write(3, "\0\0\0!\10\0\32\35\10\31\20\2\30\0000\0020\364\3B\20\n\0\0\0\1\0\0\0\6\0\0"..., 37) = 37
4976  read(3, "\0\0\0\36", 4)           = 4
4976  read(3, "\10\1\32\32\10\1\20\3\30\0(\0B\20\n\0\0\0\1\0\0\0\6\0\0\0\1\0\0\0", 30) = 30
4976  write(1, "scif_poll timed out\n", 20) = 20
4976  write(1, "scif_poll returning ret =0 by th"..., 48) = 48
4976  write(1, "executing scif_recv() epd=6, len"..., 45) = 45
4976  write(1, "by thread 1701345152\n", 21) = 21
4976  write(3, "\0\0\0\20\10\0\32\f\10\f\20\1\30\0(\6(@(\0", 20) = 20
4976  read(3, "\0\0\0N", 4)             = 4
4976  read(3, "\10\1\32J\10\1\20\3\30\0(\0B@\0\0\0\0\0\0\0\0\0\0\0\0\0\0\0\0\0\0"..., 78) = 78
4976  write(1, "scif_recv ret =0\n", 17) = 17
4976  write(1, "executing scif_poll( nfds=2 time"..., 41) = 41
4976  write(1, "by thread 1701345152\n", 21) = 21
4976  write(3, "\0\0\0!\10\0\32\35\10\31\20\2\30\0000\0020\364\3B\20\n\0\0\0\1\0\0\0\6\0\0"..., 37) = 37
4976  read(3, "\0\0\0\36", 4)           = 4
4976  read(3, "\10\1\32\32\10\1\20\3\30\0(\0B\20\n\0\0\0\1\0\0\0\6\0\0\0\1\0\0\0", 30) = 30
4976  write(1, "scif_poll timed out\n", 20) = 20
4976  write(1, "scif_poll returning ret =0 by th"..., 48) = 48
4976  write(1, "executing scif_recv() epd=6, len"..., 45) = 45
4976  write(1, "by thread 1701345152\n", 21) = 21
4976  write(3, "\0\0\0\20\10\0\32\f\10\f\20\1\30\0(\6(@(\0", 20) = 20
4976  read(3, "\0\0\0N", 4)             = 4
4976  read(3, "\10\1\32J\10\1\20\3\30\0(\0B@\0\0\0\0\0\0\0\0\0\0\0\0\0\0\0\0\0\0"..., 78) = 78
4976  write(1, "scif_recv ret =0\n", 17) = 17
4976  write(1, "executing scif_poll( nfds=2 time"..., 41) = 41
4976  write(1, "by thread 1701345152\n", 21) = 21
4976  write(3, "\0\0\0!\10\0\32\35\10\31\20\2\30\0000\0020\364\3B\20\n\0\0\0\1\0\0\0\6\0\0"..., 37) = 37
4976  read(3, "\0\0\0\36", 4)           = 4
4976  read(3, "\10\1\32\32\10\1\20\3\30\0(\0B\20\n\0\0\0\1\0\0\0\6\0\0\0\1\0\0\0", 30) = 30
4976  write(1, "scif_poll timed out\n", 20) = 20
4976  write(1, "scif_poll returning ret =0 by th"..., 48) = 48
4976  write(1, "executing scif_recv() epd=6, len"..., 45) = 45
4976  write(1, "by thread 1701345152\n", 21) = 21
4976  write(3, "\0\0\0\20\10\0\32\f\10\f\20\1\30\0(\6(@(\0", 20) = 20
4976  read(3, "\0\0\0N", 4)             = 4
4976  read(3, "\10\1\32J\10\1\20\3\30\0(\0B@\0\0\0\0\0\0\0\0\0\0\0\0\0\0\0\0\0\0"..., 78) = 78
4976  write(1, "scif_recv ret =0\n", 17) = 17
4976  write(1, "executing scif_poll( nfds=2 time"..., 41) = 41
4976  write(1, "by thread 1701345152\n", 21) = 21
4976  write(3, "\0\0\0!\10\0\32\35\10\31\20\2\30\0000\0020\364\3B\20\n\0\0\0\1\0\0\0\6\0\0"..., 37) = 37
4976  read(3,  <unfinished ...>
4987  <... read resumed> "\0\0\0\26", 4) = 4
4987  read(4, "\10\1\32\22\10\1\20\3\30\0(\0B\10\f\0\0\0\1\0\0\0", 22) = 22
4987  write(1, "scif_poll timed out\n", 20) = 20
4987  write(1, "scif_poll returning ret =0 by th"..., 48) = 48
4987  write(1, "executing scif_poll( nfds=1 time"..., 43) = 43
4987  write(1, "by thread 1663112960\n", 21) = 21
4987  write(4, "\0\0\0\31\10\0\32\25\10\31\20\2\30\0000\0010\220NB\10\f\0\0\0\1\0\0\0", 29) = 29
4987  read(4,  <unfinished ...>
4976  <... read resumed> "\0\0\0\36", 4) = 4
4976  read(3, "\10\1\32\32\10\1\20\3\30\0(\0B\20\n\0\0\0\1\0\0\0\6\0\0\0\1\0\0\0", 30) = 30
4976  write(1, "scif_poll timed out\n", 20) = 20
4976  write(1, "scif_poll returning ret =0 by th"..., 48) = 48
4976  write(1, "executing scif_recv() epd=6, len"..., 45) = 45
4976  write(1, "by thread 1701345152\n", 21) = 21
4976  write(3, "\0\0\0\20\10\0\32\f\10\f\20\1\30\0(\6(@(\0", 20) = 20
4976  read(3, "\0\0\0N", 4)             = 4
4976  read(3, "\10\1\32J\10\1\20\3\30\0(\0B@\0\0\0\0\0\0\0\0\0\0\0\0\0\0\0\0\0\0"..., 78) = 78
4976  write(1, "scif_recv ret =0\n", 17) = 17
4976  write(1, "executing scif_poll( nfds=2 time"..., 41) = 41
4976  write(1, "by thread 1701345152\n", 21) = 21
4976  write(3, "\0\0\0!\10\0\32\35\10\31\20\2\30\0000\0020\364\3B\20\n\0\0\0\1\0\0\0\6\0\0"..., 37) = 37
4976  read(3, "\0\0\0\36", 4)           = 4
4976  read(3, "\10\1\32\32\10\1\20\3\30\0(\0B\20\n\0\0\0\1\0\0\0\6\0\0\0\1\0\0\0", 30) = 30
4976  write(1, "scif_poll timed out\n", 20) = 20
4976  write(1, "scif_poll returning ret =0 by th"..., 48) = 48
4976  write(1, "executing scif_recv() epd=6, len"..., 45) = 45
4976  write(1, "by thread 1701345152\n", 21) = 21
4976  write(3, "\0\0\0\20\10\0\32\f\10\f\20\1\30\0(\6(@(\0", 20) = 20
4976  read(3, "\0\0\0N", 4)             = 4
4976  read(3, "\10\1\32J\10\1\20\3\30\0(\0B@\0\0\0\0\0\0\0\0\0\0\0\0\0\0\0\0\0\0"..., 78) = 78
4976  write(1, "scif_recv ret =0\n", 17) = 17
4976  write(1, "executing scif_poll( nfds=2 time"..., 41) = 41
4976  write(1, "by thread 1701345152\n", 21) = 21
4976  write(3, "\0\0\0!\10\0\32\35\10\31\20\2\30\0000\0020\364\3B\20\n\0\0\0\1\0\0\0\6\0\0"..., 37) = 37
4976  read(3, "\0\0\0\36", 4)           = 4
4976  read(3, "\10\1\32\32\10\1\20\3\30\0(\0B\20\n\0\0\0\1\0\0\0\6\0\0\0\1\0\0\0", 30) = 30
4976  write(1, "scif_poll timed out\n", 20) = 20
4976  write(1, "scif_poll returning ret =0 by th"..., 48) = 48
4976  write(1, "executing scif_recv() epd=6, len"..., 45) = 45
4976  write(1, "by thread 1701345152\n", 21) = 21
4976  write(3, "\0\0\0\20\10\0\32\f\10\f\20\1\30\0(\6(@(\0", 20) = 20
4976  read(3, "\0\0\0N", 4)             = 4
4976  read(3, "\10\1\32J\10\1\20\3\30\0(\0B@\0\0\0\0\0\0\0\0\0\0\0\0\0\0\0\0\0\0"..., 78) = 78
4976  write(1, "scif_recv ret =0\n", 17) = 17
4976  write(1, "executing scif_poll( nfds=2 time"..., 41) = 41
4976  write(1, "by thread 1701345152\n", 21) = 21
4976  write(3, "\0\0\0!\10\0\32\35\10\31\20\2\30\0000\0020\364\3B\20\n\0\0\0\1\0\0\0\6\0\0"..., 37) = 37
4976  read(3, "\0\0\0\36", 4)           = 4
4976  read(3, "\10\1\32\32\10\1\20\3\30\0(\0B\20\n\0\0\0\1\0\0\0\6\0\0\0\1\0\0\0", 30) = 30
4976  write(1, "scif_poll timed out\n", 20) = 20
4976  write(1, "scif_poll returning ret =0 by th"..., 48) = 48
4976  write(1, "executing scif_recv() epd=6, len"..., 45) = 45
4976  write(1, "by thread 1701345152\n", 21) = 21
4976  write(3, "\0\0\0\20\10\0\32\f\10\f\20\1\30\0(\6(@(\0", 20) = 20
4976  read(3, "\0\0\0N", 4)             = 4
4976  read(3, "\10\1\32J\10\1\20\3\30\0(\0B@\0\0\0\0\0\0\0\0\0\0\0\0\0\0\0\0\0\0"..., 78) = 78
4976  write(1, "scif_recv ret =0\n", 17) = 17
4976  write(1, "executing scif_poll( nfds=2 time"..., 41) = 41
4976  write(1, "by thread 1701345152\n", 21) = 21
4976  write(3, "\0\0\0!\10\0\32\35\10\31\20\2\30\0000\0020\364\3B\20\n\0\0\0\1\0\0\0\6\0\0"..., 37) = 37
4976  read(3, "\0\0\0\36", 4)           = 4
4976  read(3, "\10\1\32\32\10\1\20\3\30\0(\0B\20\n\0\0\0\1\0\0\0\6\0\0\0\1\0\0\0", 30) = 30
4976  write(1, "scif_poll timed out\n", 20) = 20
4976  write(1, "scif_poll returning ret =0 by th"..., 48) = 48
4976  write(1, "executing scif_recv() epd=6, len"..., 45) = 45
4976  write(1, "by thread 1701345152\n", 21) = 21
4976  write(3, "\0\0\0\20\10\0\32\f\10\f\20\1\30\0(\6(@(\0", 20) = 20
4976  read(3,  <unfinished ...>
4987  <... read resumed> "\0\0\0\26", 4) = 4
4987  read(4, "\10\1\32\22\10\1\20\3\30\0(\0B\10\f\0\0\0\1\0\0\0", 22) = 22
4987  write(1, "scif_poll timed out\n", 20) = 20
4987  write(1, "scif_poll returning ret =0 by th"..., 48) = 48
4987  write(1, "executing scif_poll( nfds=1 time"..., 43 <unfinished ...>
4976  <... read resumed> "\0\0\0N", 4)  = 4
4987  <... write resumed> )             = 43
4976  read(3,  <unfinished ...>
4987  write(1, "by thread 1663112960\n", 21 <unfinished ...>
4976  <... read resumed> "\10\1\32J\10\1\20\3\30\0(\0B@\0\0\0\0\0\0\0\0\0\0\0\0\0\0\0\0\0\0"..., 78) = 78
4987  <... write resumed> )             = 21
4976  futex(0x7f5864017780, FUTEX_WAIT_PRIVATE, 2, NULL <unfinished ...>
4987  futex(0x7f5864017780, FUTEX_WAKE_PRIVATE, 1 <unfinished ...>
4976  <... futex resumed> )             = -1 EAGAIN (Resource temporarily unavailable)
4987  <... futex resumed> )             = 0
4976  write(1, "scif_recv ret =0\n", 17 <unfinished ...>
4987  write(4, "\0\0\0\31\10\0\32\25\10\31\20\2\30\0000\0010\220NB\10\f\0\0\0\1\0\0\0", 29 <unfinished ...>
4976  <... write resumed> )             = 17
4976  futex(0x7f5864017780, FUTEX_WAKE_PRIVATE, 1 <unfinished ...>
4987  <... write resumed> )             = 29
4976  <... futex resumed> )             = 0
4987  read(4,  <unfinished ...>
4976  write(1, "executing scif_poll( nfds=2 time"..., 41) = 41
4976  write(1, "by thread 1701345152\n", 21) = 21
4976  write(3, "\0\0\0!\10\0\32\35\10\31\20\2\30\0000\0020\364\3B\20\n\0\0\0\1\0\0\0\6\0\0"..., 37) = 37
4976  read(3, "\0\0\0\36", 4)           = 4
4976  read(3, "\10\1\32\32\10\1\20\3\30\0(\0B\20\n\0\0\0\1\0\0\0\6\0\0\0\1\0\0\0", 30) = 30
4976  write(1, "scif_poll timed out\n", 20) = 20
4976  write(1, "scif_poll returning ret =0 by th"..., 48) = 48
4976  write(1, "executing scif_recv() epd=6, len"..., 45) = 45
4976  write(1, "by thread 1701345152\n", 21) = 21
4976  write(3, "\0\0\0\20\10\0\32\f\10\f\20\1\30\0(\6(@(\0", 20) = 20
4976  read(3, "\0\0\0N", 4)             = 4
4976  read(3, "\10\1\32J\10\1\20\3\30\0(\0B@\0\0\0\0\0\0\0\0\0\0\0\0\0\0\0\0\0\0"..., 78) = 78
4976  write(1, "scif_recv ret =0\n", 17) = 17
4976  write(1, "executing scif_poll( nfds=2 time"..., 41) = 41
4976  write(1, "by thread 1701345152\n", 21) = 21
4976  write(3, "\0\0\0!\10\0\32\35\10\31\20\2\30\0000\0020\364\3B\20\n\0\0\0\1\0\0\0\6\0\0"..., 37) = 37
4976  read(3, "\0\0\0\36", 4)           = 4
4976  read(3, "\10\1\32\32\10\1\20\3\30\0(\0B\20\n\0\0\0\1\0\0\0\6\0\0\0\1\0\0\0", 30) = 30
4976  write(1, "scif_poll timed out\n", 20) = 20
4976  write(1, "scif_poll returning ret =0 by th"..., 48) = 48
4976  write(1, "executing scif_recv() epd=6, len"..., 45) = 45
4976  write(1, "by thread 1701345152\n", 21) = 21
4976  write(3, "\0\0\0\20\10\0\32\f\10\f\20\1\30\0(\6(@(\0", 20) = 20
4976  read(3, "\0\0\0N", 4)             = 4
4976  read(3, "\10\1\32J\10\1\20\3\30\0(\0B@\0\0\0\0\0\0\0\0\0\0\0\0\0\0\0\0\0\0"..., 78) = 78
4976  write(1, "scif_recv ret =0\n", 17) = 17
4976  write(1, "executing scif_poll( nfds=2 time"..., 41) = 41
4976  write(1, "by thread 1701345152\n", 21) = 21
4976  write(3, "\0\0\0!\10\0\32\35\10\31\20\2\30\0000\0020\364\3B\20\n\0\0\0\1\0\0\0\6\0\0"..., 37) = 37
4976  read(3, "\0\0\0\36", 4)           = 4
4976  read(3, "\10\1\32\32\10\1\20\3\30\0(\0B\20\n\0\0\0\1\0\0\0\6\0\0\0\1\0\0\0", 30) = 30
4976  write(1, "scif_poll timed out\n", 20) = 20
4976  write(1, "scif_poll returning ret =0 by th"..., 48) = 48
4976  write(1, "executing scif_recv() epd=6, len"..., 45) = 45
4976  write(1, "by thread 1701345152\n", 21) = 21
4976  write(3, "\0\0\0\20\10\0\32\f\10\f\20\1\30\0(\6(@(\0", 20) = 20
4976  read(3, "\0\0\0N", 4)             = 4
4976  read(3, "\10\1\32J\10\1\20\3\30\0(\0B@\0\0\0\0\0\0\0\0\0\0\0\0\0\0\0\0\0\0"..., 78) = 78
4976  write(1, "scif_recv ret =0\n", 17) = 17
4976  write(1, "executing scif_poll( nfds=2 time"..., 41) = 41
4976  write(1, "by thread 1701345152\n", 21) = 21
4976  write(3, "\0\0\0!\10\0\32\35\10\31\20\2\30\0000\0020\364\3B\20\n\0\0\0\1\0\0\0\6\0\0"..., 37) = 37
4976  read(3, "\0\0\0\36", 4)           = 4
4976  read(3, "\10\1\32\32\10\1\20\3\30\0(\0B\20\n\0\0\0\1\0\0\0\6\0\0\0\1\0\0\0", 30) = 30
4976  write(1, "scif_poll timed out\n", 20) = 20
4976  write(1, "scif_poll returning ret =0 by th"..., 48) = 48
4976  write(1, "executing scif_recv() epd=6, len"..., 45) = 45
4976  write(1, "by thread 1701345152\n", 21) = 21
4976  write(3, "\0\0\0\20\10\0\32\f\10\f\20\1\30\0(\6(@(\0", 20) = 20
4976  read(3, "\0\0\0N", 4)             = 4
4976  read(3, "\10\1\32J\10\1\20\3\30\0(\0B@\0\0\0\0\0\0\0\0\0\0\0\0\0\0\0\0\0\0"..., 78) = 78
4976  write(1, "scif_recv ret =0\n", 17) = 17
4976  write(1, "executing scif_poll( nfds=2 time"..., 41) = 41
4976  write(1, "by thread 1701345152\n", 21) = 21
4976  write(3, "\0\0\0!\10\0\32\35\10\31\20\2\30\0000\0020\364\3B\20\n\0\0\0\1\0\0\0\6\0\0"..., 37) = 37
4976  read(3, "\0\0\0\36", 4)           = 4
4976  read(3, "\10\1\32\32\10\1\20\3\30\0(\0B\20\n\0\0\0\1\0\0\0\6\0\0\0\1\0\0\0", 30) = 30
4976  write(1, "scif_poll timed out\n", 20) = 20
4976  write(1, "scif_poll returning ret =0 by th"..., 48) = 48
4976  write(1, "executing scif_recv() epd=6, len"..., 45) = 45
4976  write(1, "by thread 1701345152\n", 21) = 21
4976  write(3, "\0\0\0\20\10\0\32\f\10\f\20\1\30\0(\6(@(\0", 20) = 20
4976  read(3, "\0\0\0N", 4)             = 4
4976  read(3, "\10\1\32J\10\1\20\3\30\0(\0B@\0\0\0\0\0\0\0\0\0\0\0\0\0\0\0\0\0\0"..., 78) = 78
4976  write(1, "scif_recv ret =0\n", 17) = 17
4976  write(1, "executing scif_poll( nfds=2 time"..., 41) = 41
4976  write(1, "by thread 1701345152\n", 21) = 21
4976  write(3, "\0\0\0!\10\0\32\35\10\31\20\2\30\0000\0020\364\3B\20\n\0\0\0\1\0\0\0\6\0\0"..., 37) = 37
4976  read(3, 0x55afdd3ba950, 4)        = ? ERESTARTSYS (To be restarted if SA_RESTART is set)
4976  --- SIGINT {si_signo=SIGINT, si_code=SI_KERNEL} ---
4987  +++ killed by SIGINT +++
4976  +++ killed by SIGINT +++
