5742  open("/etc/ld.so.cache", O_RDONLY|O_CLOEXEC) = 3
5742  mmap(NULL, 107882, PROT_READ, MAP_PRIVATE, 3, 0) = 0x7fa841a2d000
5742  close(3)                          = 0
5742  open("/lib/x86_64-linux-gnu/libdl.so.2", O_RDONLY|O_CLOEXEC) = 3
5742  mmap(NULL, 4096, PROT_READ|PROT_WRITE, MAP_PRIVATE|MAP_ANONYMOUS, -1, 0) = 0x7fa841a2c000
5742  mmap(NULL, 2109680, PROT_READ|PROT_EXEC, MAP_PRIVATE|MAP_DENYWRITE, 3, 0) = 0x7fa84161f000
5742  mmap(0x7fa841821000, 8192, PROT_READ|PROT_WRITE, MAP_PRIVATE|MAP_FIXED|MAP_DENYWRITE, 3, 0x2000) = 0x7fa841821000
5742  close(3)                          = 0
5742  open("/lib/x86_64-linux-gnu/librt.so.1", O_RDONLY|O_CLOEXEC) = 3
5742  mmap(NULL, 2128832, PROT_READ|PROT_EXEC, MAP_PRIVATE|MAP_DENYWRITE, 3, 0) = 0x7fa841417000
5742  mmap(0x7fa84161d000, 8192, PROT_READ|PROT_WRITE, MAP_PRIVATE|MAP_FIXED|MAP_DENYWRITE, 3, 0x6000) = 0x7fa84161d000
5742  close(3)                          = 0
5742  open("/usr/lib64/libscif.so.0", O_RDONLY|O_CLOEXEC) = 3
5742  mmap(NULL, 2147240, PROT_READ|PROT_EXEC, MAP_PRIVATE|MAP_DENYWRITE, 3, 0) = 0x7fa84120a000
5742  mmap(0x7fa841415000, 8192, PROT_READ|PROT_WRITE, MAP_PRIVATE|MAP_FIXED|MAP_DENYWRITE, 3, 0xb000) = 0x7fa841415000
5742  close(3)                          = 0
5742  open("/usr/lib64/libcoi_host.so.0", O_RDONLY|O_CLOEXEC) = 3
5742  mmap(NULL, 4096, PROT_READ|PROT_WRITE, MAP_PRIVATE|MAP_ANONYMOUS, -1, 0) = 0x7fa841a2b000
5742  mmap(NULL, 3711752, PROT_READ|PROT_EXEC, MAP_PRIVATE|MAP_DENYWRITE, 3, 0) = 0x7fa840e7f000
5742  mmap(0x7fa8410fc000, 16384, PROT_READ|PROT_WRITE, MAP_PRIVATE|MAP_FIXED|MAP_DENYWRITE, 3, 0x7d000) = 0x7fa8410fc000
5742  mmap(0x7fa841100000, 1086216, PROT_READ|PROT_WRITE, MAP_PRIVATE|MAP_FIXED|MAP_ANONYMOUS, -1, 0) = 0x7fa841100000
5742  close(3)                          = 0
5742  open("/usr/lib/x86_64-linux-gnu/libstdc++.so.6", O_RDONLY|O_CLOEXEC) = 3
5742  mmap(NULL, 3675136, PROT_READ|PROT_EXEC, MAP_PRIVATE|MAP_DENYWRITE, 3, 0) = 0x7fa840afd000
5742  mmap(0x7fa840e6f000, 49152, PROT_READ|PROT_WRITE, MAP_PRIVATE|MAP_FIXED|MAP_DENYWRITE, 3, 0x172000) = 0x7fa840e6f000
5742  mmap(0x7fa840e7b000, 13312, PROT_READ|PROT_WRITE, MAP_PRIVATE|MAP_FIXED|MAP_ANONYMOUS, -1, 0) = 0x7fa840e7b000
5742  close(3)                          = 0
5742  open("/lib/x86_64-linux-gnu/libm.so.6", O_RDONLY|O_CLOEXEC) = 3
5742  mmap(NULL, 3178744, PROT_READ|PROT_EXEC, MAP_PRIVATE|MAP_DENYWRITE, 3, 0) = 0x7fa8407f4000
5742  mmap(0x7fa840afb000, 8192, PROT_READ|PROT_WRITE, MAP_PRIVATE|MAP_FIXED|MAP_DENYWRITE, 3, 0x107000) = 0x7fa840afb000
5742  close(3)                          = 0
5742  open("/lib/x86_64-linux-gnu/libgcc_s.so.1", O_RDONLY|O_CLOEXEC) = 3
5742  mmap(NULL, 4096, PROT_READ|PROT_WRITE, MAP_PRIVATE|MAP_ANONYMOUS, -1, 0) = 0x7fa841a2a000
5742  mmap(NULL, 2185488, PROT_READ|PROT_EXEC, MAP_PRIVATE|MAP_DENYWRITE, 3, 0) = 0x7fa8405de000
5742  mmap(0x7fa8407f3000, 4096, PROT_READ|PROT_WRITE, MAP_PRIVATE|MAP_FIXED|MAP_DENYWRITE, 3, 0x15000) = 0x7fa8407f3000
5742  close(3)                          = 0
5742  open("/lib/x86_64-linux-gnu/libpthread.so.0", O_RDONLY|O_CLOEXEC) = 3
5742  mmap(NULL, 2212904, PROT_READ|PROT_EXEC, MAP_PRIVATE|MAP_DENYWRITE, 3, 0) = 0x7fa8403c1000
5742  mmap(0x7fa8405d8000, 8192, PROT_READ|PROT_WRITE, MAP_PRIVATE|MAP_FIXED|MAP_DENYWRITE, 3, 0x17000) = 0x7fa8405d8000
5742  mmap(0x7fa8405da000, 13352, PROT_READ|PROT_WRITE, MAP_PRIVATE|MAP_FIXED|MAP_ANONYMOUS, -1, 0) = 0x7fa8405da000
5742  close(3)                          = 0
5742  open("/lib/x86_64-linux-gnu/libc.so.6", O_RDONLY|O_CLOEXEC) = 3
5742  mmap(NULL, 3971488, PROT_READ|PROT_EXEC, MAP_PRIVATE|MAP_DENYWRITE, 3, 0) = 0x7fa83fff7000
5742  mmap(0x7fa8403b7000, 24576, PROT_READ|PROT_WRITE, MAP_PRIVATE|MAP_FIXED|MAP_DENYWRITE, 3, 0x1c0000) = 0x7fa8403b7000
5742  mmap(0x7fa8403bd000, 14752, PROT_READ|PROT_WRITE, MAP_PRIVATE|MAP_FIXED|MAP_ANONYMOUS, -1, 0) = 0x7fa8403bd000
5742  close(3)                          = 0
5742  open("/usr/local/lib/libprotobuf-c.so.1", O_RDONLY|O_CLOEXEC) = 3
5742  mmap(NULL, 4096, PROT_READ|PROT_WRITE, MAP_PRIVATE|MAP_ANONYMOUS, -1, 0) = 0x7fa841a29000
5742  mmap(NULL, 2130128, PROT_READ|PROT_EXEC, MAP_PRIVATE|MAP_DENYWRITE, 3, 0) = 0x7fa83fdee000
5742  mmap(0x7fa83fff5000, 8192, PROT_READ|PROT_WRITE, MAP_PRIVATE|MAP_FIXED|MAP_DENYWRITE, 3, 0x7000) = 0x7fa83fff5000
5742  close(3)                          = 0
5742  open("/usr/lib64/libscif.so", O_RDONLY|O_CLOEXEC) = 3
5742  close(3)                          = 0
5742  mmap(NULL, 4096, PROT_READ|PROT_WRITE, MAP_PRIVATE|MAP_ANONYMOUS, -1, 0) = 0x7fa841a28000
5742  mmap(NULL, 4096, PROT_READ|PROT_WRITE, MAP_PRIVATE|MAP_ANONYMOUS, -1, 0) = 0x7fa841a27000
5742  mmap(NULL, 8192, PROT_READ|PROT_WRITE, MAP_PRIVATE|MAP_ANONYMOUS, -1, 0) = 0x7fa841a25000
5742  mmap(NULL, 4096, PROT_READ|PROT_WRITE, MAP_PRIVATE|MAP_ANONYMOUS, -1, 0) = 0x7fa841a24000
5742  open("/etc/resolv.conf", O_RDONLY|O_CLOEXEC) = 4
5742  close(4)                          = 0
5742  open("/etc/resolv.conf", O_RDONLY|O_CLOEXEC) = 4
5742  close(4)                          = 0
5742  close(4)                          = 0
5742  close(4)                          = 0
5742  open("/etc/nsswitch.conf", O_RDONLY|O_CLOEXEC) = 4
5742  close(4)                          = 0
5742  open("/etc/ld.so.cache", O_RDONLY|O_CLOEXEC) = 4
5742  mmap(NULL, 107882, PROT_READ, MAP_PRIVATE, 4, 0) = 0x7fa841a2d000
5742  close(4)                          = 0
5742  open("/lib/x86_64-linux-gnu/libnss_files.so.2", O_RDONLY|O_CLOEXEC) = 4
5742  mmap(NULL, 2168600, PROT_READ|PROT_EXEC, MAP_PRIVATE|MAP_DENYWRITE, 4, 0) = 0x7fa83fbdc000
5742  mmap(0x7fa83fde6000, 8192, PROT_READ|PROT_WRITE, MAP_PRIVATE|MAP_FIXED|MAP_DENYWRITE, 4, 0xa000) = 0x7fa83fde6000
5742  mmap(0x7fa83fde8000, 22296, PROT_READ|PROT_WRITE, MAP_PRIVATE|MAP_FIXED|MAP_ANONYMOUS, -1, 0) = 0x7fa83fde8000
5742  close(4)                          = 0
5742  open("/etc/host.conf", O_RDONLY|O_CLOEXEC) = 4
5742  close(4)                          = 0
5742  open("/etc/hosts", O_RDONLY|O_CLOEXEC) = 4
5742  close(4)                          = 0
5742  open("/etc/ld.so.cache", O_RDONLY|O_CLOEXEC) = 4
5742  mmap(NULL, 107882, PROT_READ, MAP_PRIVATE, 4, 0) = 0x7fa841a2d000
5742  close(4)                          = 0
5742  open("/lib/x86_64-linux-gnu/libnss_mdns4_minimal.so.2", O_RDONLY|O_CLOEXEC) = 4
5742  mmap(NULL, 2105544, PROT_READ|PROT_EXEC, MAP_PRIVATE|MAP_DENYWRITE, 4, 0) = 0x7fa83f9d9000
5742  mmap(0x7fa83fbda000, 8192, PROT_READ|PROT_WRITE, MAP_PRIVATE|MAP_FIXED|MAP_DENYWRITE, 4, 0x1000) = 0x7fa83fbda000
5742  close(4)                          = 0
5742  open("/etc/ld.so.cache", O_RDONLY|O_CLOEXEC) = 4
5742  mmap(NULL, 107882, PROT_READ, MAP_PRIVATE, 4, 0) = 0x7fa841a2d000
5742  close(4)                          = 0
5742  open("/lib/x86_64-linux-gnu/libnss_dns.so.2", O_RDONLY|O_CLOEXEC) = 4
5742  mmap(NULL, 2121944, PROT_READ|PROT_EXEC, MAP_PRIVATE|MAP_DENYWRITE, 4, 0) = 0x7fa83f7d2000
5742  mmap(0x7fa83f9d7000, 8192, PROT_READ|PROT_WRITE, MAP_PRIVATE|MAP_FIXED|MAP_DENYWRITE, 4, 0x5000) = 0x7fa83f9d7000
5742  close(4)                          = 0
5742  open("/lib/x86_64-linux-gnu/libresolv.so.2", O_RDONLY|O_CLOEXEC) = 4
5742  mmap(NULL, 2206280, PROT_READ|PROT_EXEC, MAP_PRIVATE|MAP_DENYWRITE, 4, 0) = 0x7fa83f5b7000
5742  mmap(0x7fa83f7ce000, 8192, PROT_READ|PROT_WRITE, MAP_PRIVATE|MAP_FIXED|MAP_DENYWRITE, 4, 0x17000) = 0x7fa83f7ce000
5742  mmap(0x7fa83f7d0000, 6728, PROT_READ|PROT_WRITE, MAP_PRIVATE|MAP_FIXED|MAP_ANONYMOUS, -1, 0) = 0x7fa83f7d0000
5742  close(4)                          = 0
5742  ioctl(4, FIONREAD, [59])          = 0
5742  close(4)                          = 0
5742  open("/phi_sys/class/mic/mic0/family", O_RDONLY) = 4
5742  close(4)                          = 0
5742  mmap(NULL, 8392704, PROT_READ|PROT_WRITE, MAP_PRIVATE|MAP_ANONYMOUS|MAP_STACK, -1, 0) = 0x7fa83edb6000
5743  mmap(NULL, 134217728, PROT_NONE, MAP_PRIVATE|MAP_ANONYMOUS|MAP_NORESERVE, -1, 0) = 0x7fa836db6000
5743  open("/etc/resolv.conf", O_RDONLY|O_CLOEXEC) = 5
5743  close(5)                          = 0
5743  open("/etc/hosts", O_RDONLY|O_CLOEXEC) = 5
5743  close(5)                          = 0
5743  ioctl(5, FIONREAD, [59])          = 0
5743  close(5)                          = 0
5743  +++ exited with 0 +++
5742  close(5)                          = 0
5742  close(5)                          = 0
5742  open("/etc/ld.so.cache", O_RDONLY|O_CLOEXEC) = 5
5742  mmap(NULL, 107882, PROT_READ, MAP_PRIVATE, 5, 0) = 0x7fa841a2d000
5742  close(5)                          = 0
5742  open("/lib/x86_64-linux-gnu/libnss_compat.so.2", O_RDONLY|O_CLOEXEC) = 5
5742  mmap(NULL, 2131040, PROT_READ|PROT_EXEC, MAP_PRIVATE|MAP_DENYWRITE, 5, 0) = 0x7fa83ebad000
5742  mmap(0x7fa83edb4000, 8192, PROT_READ|PROT_WRITE, MAP_PRIVATE|MAP_FIXED|MAP_DENYWRITE, 5, 0x7000) = 0x7fa83edb4000
5742  close(5)                          = 0
5742  open("/lib/x86_64-linux-gnu/libnsl.so.1", O_RDONLY|O_CLOEXEC) = 5
5742  mmap(NULL, 2198104, PROT_READ|PROT_EXEC, MAP_PRIVATE|MAP_DENYWRITE, 5, 0) = 0x7fa83e994000
5742  mmap(0x7fa83eba9000, 8192, PROT_READ|PROT_WRITE, MAP_PRIVATE|MAP_FIXED|MAP_DENYWRITE, 5, 0x15000) = 0x7fa83eba9000
5742  mmap(0x7fa83ebab000, 6744, PROT_READ|PROT_WRITE, MAP_PRIVATE|MAP_FIXED|MAP_ANONYMOUS, -1, 0) = 0x7fa83ebab000
5742  close(5)                          = 0
5742  open("/etc/ld.so.cache", O_RDONLY|O_CLOEXEC) = 5
5742  mmap(NULL, 107882, PROT_READ, MAP_PRIVATE, 5, 0) = 0x7fa841a2d000
5742  close(5)                          = 0
5742  open("/lib/x86_64-linux-gnu/libnss_nis.so.2", O_RDONLY|O_CLOEXEC) = 5
5742  mmap(NULL, 2143624, PROT_READ|PROT_EXEC, MAP_PRIVATE|MAP_DENYWRITE, 5, 0) = 0x7fa83e788000
5742  mmap(0x7fa83e992000, 8192, PROT_READ|PROT_WRITE, MAP_PRIVATE|MAP_FIXED|MAP_DENYWRITE, 5, 0xa000) = 0x7fa83e992000
5742  close(5)                          = 0
5742  open("/etc/passwd", O_RDONLY|O_CLOEXEC) = 5
5742  mmap(NULL, 2320, PROT_READ, MAP_SHARED, 5, 0) = 0x7fa841a47000
5742  close(5)                          = 0
5742  open("/home/konstantinos/.mpsscookie", O_RDONLY) = -1 ENOENT (No such file or directory)
5742  open("/proc/cpuinfo", O_RDONLY)   = 5
5742  open("/sys/devices/system/cpu/cpu0/cpufreq/cpuinfo_max_freq", O_RDONLY) = 6
5742  close(6)                          = 0
5742  open("/sys/devices/system/cpu/cpu1/cpufreq/cpuinfo_max_freq", O_RDONLY) = 6
5742  close(6)                          = 0
5742  open("/sys/devices/system/cpu/cpu2/cpufreq/cpuinfo_max_freq", O_RDONLY) = 6
5742  close(6)                          = 0
5742  open("/sys/devices/system/cpu/cpu3/cpufreq/cpuinfo_max_freq", O_RDONLY) = 6
5742  close(6)                          = 0
5742  open("/sys/devices/system/cpu/cpu4/cpufreq/cpuinfo_max_freq", O_RDONLY) = 6
5742  close(6)                          = 0
5742  open("/sys/devices/system/cpu/cpu5/cpufreq/cpuinfo_max_freq", O_RDONLY) = 6
5742  close(6)                          = 0
5742  open("/sys/devices/system/cpu/cpu6/cpufreq/cpuinfo_max_freq", O_RDONLY) = 6
5742  close(6)                          = 0
5742  open("/sys/devices/system/cpu/cpu7/cpufreq/cpuinfo_max_freq", O_RDONLY) = 6
5742  close(6)                          = 0
5742  close(5)                          = 0
5742  open("../bin/helloWorld", O_RDONLY) = 5
5742  mmap(NULL, 10404, PROT_READ, MAP_PRIVATE, 5, 0) = 0x7fa841a45000
5742  mmap(NULL, 4096, PROT_READ|PROT_WRITE, MAP_SHARED|MAP_ANONYMOUS, -1, 0) = 0x7fa841a44000
5742  mmap(NULL, 36864, PROT_READ|PROT_WRITE, MAP_SHARED|MAP_ANONYMOUS, -1, 0) = 0x7fa841a3b000
5742  --- SIGINT {si_signo=SIGINT, si_code=SI_KERNEL} ---
5744  +++ killed by SIGINT +++
5742  +++ killed by SIGINT +++
