2119  open("/etc/ld.so.cache", O_RDONLY) = 3
2119  close(3)                          = 0
2119  open("/lib/x86_64-linux-gnu/libdl.so.2", O_RDONLY) = 3
2119  close(3)                          = 0
2119  open("/lib/x86_64-linux-gnu/librt.so.1", O_RDONLY) = 3
2119  close(3)                          = 0
2119  open("/usr/lib64/libscif.so.0", O_RDONLY) = 3
2119  close(3)                          = 0
2119  open("/usr/lib64/libcoi_host.so.0", O_RDONLY) = 3
2119  close(3)                          = 0
2119  open("/usr/lib/x86_64-linux-gnu/libstdc++.so.6", O_RDONLY) = 3
2119  close(3)                          = 0
2119  open("/lib/x86_64-linux-gnu/libm.so.6", O_RDONLY) = 3
2119  close(3)                          = 0
2119  open("/lib/x86_64-linux-gnu/libgcc_s.so.1", O_RDONLY) = 3
2119  close(3)                          = 0
2119  close(3)                          = 0
2119  open("/lib/x86_64-linux-gnu/libc.so.6", O_RDONLY) = 3
2119  close(3)                          = 0
2119  open("/dev/mic/scif", O_RDWR)     = 3
2119  ioctl(3, STL_BRESET, 0x7ffd778479c0) = 1
2119  close(3)                          = 0
2119  open("/dev/mic/scif", O_RDWR)     = 3
2119  ioctl(3, 0xc008730e, 0x7ffd778476a0) = 0
2119  close(3)                          = 0
2119  open("/sys/class/mic/mic0/family", O_RDONLY) = 3
2119  close(3)                          = 0
2119  open("/dev/mic/scif", O_RDWR)     = 3
2119  ioctl(3, 0xc008730e, 0x7ffd77847770) = 0
2119  close(3)                          = 0
2119  open("/dev/mic/scif", O_RDWR)     = 3
2119  fcntl(3, F_SETFD, FD_CLOEXEC)     = 0
2119  fcntl(3, F_GETFD)                 = 0x1 (flags FD_CLOEXEC)
2119  fcntl(3, F_SETFD, FD_CLOEXEC)     = 0
2119  ioctl(3, 0xc0087301, 0x7ffd7784750c) = 0
2119  open("/dev/mic/scif", O_RDWR)     = 4
2119  fcntl(4, F_SETFD, FD_CLOEXEC)     = 0
2119  ioctl(4, 0xc0087301, 0x7ffd778474ec) = 0
2119  open("/dev/mic/scif", O_RDWR)     = 5
2119  ioctl(5, 0xc008730e, 0x7ffd77847430) = 0
2119  close(5)                          = 0
2119  open("/dev/mic/scif", O_RDWR <unfinished ...>
2120  ioctl(4, 0x40047302 <unfinished ...>
2119  <... open resumed> )              = 5
2120  <... ioctl resumed> , 0x1)        = 0
2119  fcntl(5, F_SETFD, FD_CLOEXEC <unfinished ...>
2120  open("/dev/mic/scif", O_RDWR <unfinished ...>
2119  <... fcntl resumed> )             = 0
2119  ioctl(5, 0xc0087303 <unfinished ...>
2120  <... open resumed> )              = 6
2120  ioctl(4, 0xc0087304 <unfinished ...>
2119  <... ioctl resumed> , 0x7ffd77847440) = 0
2120  <... ioctl resumed> , 0x7fcb17a4fe40) = 0
2120  ioctl(6, 0xc0087305, 0x7fcb17a4fe48) = 0
2119  close(4)                          = 0
2119  ioctl(3, 0xc0087303, 0x7ffd778474e0) = 0
2119  close(4)                          = 0
2119  close(4)                          = 0
2119  open("/etc/nsswitch.conf", O_RDONLY) = 4
2119  close(4)                          = 0
2119  open("/etc/ld.so.cache", O_RDONLY) = 4
2119  close(4)                          = 0
2119  open("/lib/x86_64-linux-gnu/libnss_nis.so.2", O_RDONLY) = 4
2119  close(4)                          = 0
2119  open("/lib/x86_64-linux-gnu/libnsl.so.1", O_RDONLY) = 4
2119  close(4)                          = 0
2119  open("/lib/x86_64-linux-gnu/libnss_files.so.2", O_RDONLY) = 4
2119  close(4)                          = 0
2119  open("/var/yp/binding/sci.nis.2", O_RDONLY) = 4
2119  open("/etc/bindresvport.blacklist", O_RDONLY) = 8
2119  close(8)                          = 0
2119  close(4)                          = 0
2119  close(7)                          = 0
2119  open("/etc/default/nss", O_RDONLY) = 4
2119  close(4)                          = 0
2119  open("/dev/mic/scif", O_RDWR)     = 4
2119  fcntl(4, F_SETFD, FD_CLOEXEC)     = 0
2119  ioctl(4, 0xc0087303, 0x7ffd77847430) = 0
2119  ioctl(4, 0xc0087306, 0x7ffd77847420) = 0
2119  ioctl(4, 0xc0087307, 0x7ffd77847420) = 0
2119  open("/home/kfertak/.mpsscookie", O_RDONLY) = -1 ENOENT (No such file or directory)
2119  ioctl(3, 0xc0087306, 0x7ffd77847480) = 0
2119  open("/proc/cpuinfo", O_RDONLY)   = 7
2119  open("/sys/devices/system/cpu/cpu0/cpufreq/cpuinfo_max_freq", O_RDONLY) = 8
2119  close(8)                          = 0
2119  open("/sys/devices/system/cpu/cpu1/cpufreq/cpuinfo_max_freq", O_RDONLY) = 8
2119  close(8)                          = 0
2119  open("/sys/devices/system/cpu/cpu2/cpufreq/cpuinfo_max_freq", O_RDONLY) = 8
2119  close(8)                          = 0
2119  open("/sys/devices/system/cpu/cpu3/cpufreq/cpuinfo_max_freq", O_RDONLY) = 8
2119  close(8)                          = 0
2119  open("/sys/devices/system/cpu/cpu4/cpufreq/cpuinfo_max_freq", O_RDONLY) = 8
2119  close(8)                          = 0
2119  open("/sys/devices/system/cpu/cpu5/cpufreq/cpuinfo_max_freq", O_RDONLY) = 8
2119  close(8)                          = 0
2119  open("/sys/devices/system/cpu/cpu6/cpufreq/cpuinfo_max_freq", O_RDONLY) = 8
2119  close(8)                          = 0
2119  open("/sys/devices/system/cpu/cpu7/cpufreq/cpuinfo_max_freq", O_RDONLY) = 8
2119  close(8)                          = 0
2119  close(7)                          = 0
2119  ioctl(3, 0xc0087307, 0x7ffd778473b0) = 0
2119  open("bin/helloWorld", O_RDONLY)  = 7
2119  open("/dev/mic/scif", O_RDWR)     = 8
2119  fcntl(8, F_SETFD, FD_CLOEXEC)     = 0
2119  fcntl(8, F_GETFD)                 = 0x1 (flags FD_CLOEXEC)
2119  fcntl(8, F_SETFD, FD_CLOEXEC)     = 0
2119  ioctl(8, 0xc0087301, 0x7ffd77846e4c) = 0
2119  ioctl(8, 0x40047302, 0x1)         = 0
2119  open("/dev/mic/scif", O_RDWR)     = 9
2119  fcntl(9, F_SETFD, FD_CLOEXEC)     = 0
2119  fcntl(9, F_GETFD)                 = 0x1 (flags FD_CLOEXEC)
2119  fcntl(9, F_SETFD, FD_CLOEXEC)     = 0
2119  ioctl(9, 0xc0087301, 0x7ffd77846e2c) = 0
2119  ioctl(9, 0x40047302, 0x1)         = 0
2119  open("/dev/mic/scif", O_RDWR)     = 10
2119  fcntl(10, F_SETFD, FD_CLOEXEC)    = 0
2119  fcntl(10, F_GETFD)                = 0x1 (flags FD_CLOEXEC)
2119  fcntl(10, F_SETFD, FD_CLOEXEC)    = 0
2119  ioctl(10, 0xc0087301, 0x7ffd77846e4c) = 0
2119  ioctl(10, 0x40047302, 0x1)        = 0
2119  open("/dev/mic/scif", O_RDWR)     = 11
2119  fcntl(11, F_SETFD, FD_CLOEXEC)    = 0
2119  ioctl(11, 0xc0087301, 0x7ffd77846dac) = 0
2119  ioctl(11, 0x40047302, 0x1)        = 0
2119  ioctl(3, 0xc0087308, 0x7ffd77846e00) = 0
2119  ioctl(3, 0xc0087306, 0x7ffd77846e00) = 0
2119  ioctl(3, 0xc0087308, 0x7ffd77846e00) = 0
2119  ioctl(3, 0xc0087307, 0x7ffd77846d90) = 0
2119  ioctl(3, 0xc0087307, 0x7ffd77846d90) = 0
2119  ioctl(3, 0xc0087307, 0x7ffd77846d90) = 0
2119  ioctl(3, 0xc0087307, 0x7ffd77846d90) = 0
2119  ioctl(3, 0xc0087307, 0x7ffd77846d90) = 0
2119  ioctl(3, 0xc0087307, 0x7ffd77846d90) = 0
2119  ioctl(3, 0xc0087307, 0x7ffd77846d90) = 0
2119  ioctl(3, 0xc0087306, 0x7ffd77846e00) = 0
2119  ioctl(3, 0xc008730b, 0x7ffd77846e20) = 0
2119  ioctl(3, 0xc0087311, 0x7ffd77846dd0) = 0
2119  ioctl(3, 0xc0087306, 0x7ffd77846e00) = 0
2119  ioctl(3, 0xc0087307, 0x7ffd77846d90) = 0
2119  ioctl(3, 0xc0087306, 0x7ffd77846d90) = 0
2119  ioctl(3, 0xc0087306, 0x7ffd77846d90) = 0
2119  ioctl(3, 0xc0087306, 0x7ffd77846cb0) = 0
2119  ioctl(3, 0xc0087307, 0x7ffd77846c30) = 0
2119  ioctl(3, 0xc0087307, 0x7ffd77846c30) = 0
2119  ioctl(3, 0xc0087307, 0x7ffd77846c30) = 0
2119  ioctl(3, 0xc0087307, 0x7ffd77846c30) = 0
2119  ioctl(3, 0xc0087307, 0x7ffd77846c30) = 0
2119  ioctl(3, 0xc0087307, 0x7ffd77846c30) = 0
2119  ioctl(3, 0xc0087307, 0x7ffd77846c30) = 0
2119  ioctl(3, 0xc0087307, 0x7ffd77846c30) = 0
2119  ioctl(3, 0xc0087307, 0x7ffd77846c30) = 0
2119  ioctl(3, 0xc0087307, 0x7ffd77846c30) = 0
2119  ioctl(3, 0xc0087307, 0x7ffd77846c30) = 0
2119  ioctl(3, 0xc0087307, 0x7ffd77846c30) = 0
2119  ioctl(3, 0xc0087307, 0x7ffd77846c30) = 0
2119  ioctl(3, 0xc0087307, 0x7ffd77846c30) = 0
2119  ioctl(3, 0xc0087306, 0x7ffd77846bd0) = 0
2119  ioctl(3, 0xc0087307, 0x7ffd77846b50) = 0
2119  ioctl(3, 0xc0087306, 0x7ffd77846cd0) = 0
2119  ioctl(3, 0xc0087307, 0x7ffd77846c50) = 0
2119  ioctl(3, 0xc0087307, 0x7ffd77846c50) = 0
2119  ioctl(3, 0xc0087307, 0x7ffd77846c50) = 0
2119  ioctl(3, 0xc0087307, 0x7ffd77846c50) = 0
2119  ioctl(3, 0xc0087307, 0x7ffd77846c50) = 0
2119  ioctl(3, 0xc0087307, 0x7ffd77846d10) = 0
2119  ioctl(3, 0xc0087307, 0x7ffd77846d10) = 0
2119  ioctl(3, 0xc0087307, 0x7ffd77846d10) = 0
2119  ioctl(3, 0xc0087307, 0x7ffd77846d10) = 0
2119  ioctl(3, 0xc0087307, 0x7ffd77846d10) = 0
2119  ioctl(3, 0xc0087307, 0x7ffd77846d10) = 0
2119  ioctl(3, 0xc0087307, 0x7ffd77846d10) = 0
2119  ioctl(3, 0xc0087307, 0x7ffd77846d10) = 0
2119  ioctl(3, 0xc0087307, 0x7ffd77846d10) = 0
2119  ioctl(3, 0xc0087307, 0x7ffd77846d10) = 0
2119  ioctl(3, 0xc0087307, 0x7ffd77846d10) = 0
2119  ioctl(3, 0xc0087307, 0x7ffd77846d10) = 0
2119  ioctl(3, 0xc0087307, 0x7ffd77846d10) = 0
2119  ioctl(3, 0xc0087307, 0x7ffd77846d10) = 0
2121  open("/dev/mic/scif", O_RDWR)     = 12
2121  ioctl(11, 0xc0087304, 0x7fcb17a4ed70) = 0
2121  ioctl(12, 0xc0087305, 0x7fcb17a4ed78) = 0
2119  ioctl(3, 0xc0087307, 0x7ffd77846d10) = 0
2119  open("/dev/mic/scif", O_RDWR)     = 13
2119  ioctl(8, 0xc0087304, 0x7ffd77846d60) = 0
2119  ioctl(13, 0xc0087305, 0x7ffd77846d68) = 0
2119  fcntl(13, F_GETFD)                = 0
2119  fcntl(13, F_SETFD, FD_CLOEXEC)    = 0
2119  open("/dev/mic/scif", O_RDWR)     = 14
2119  fcntl(14, F_SETFD, FD_CLOEXEC)    = 0
2119  ioctl(14, 0xc0087301, 0x7ffd77846b8c) = 0
2119  open("/dev/mic/scif", O_RDWR)     = 15
2119  ioctl(15, 0xc008730e, 0x7ffd77846ad0) = 0
2119  close(15)                         = 0
2119  open("/dev/mic/scif", O_RDWR <unfinished ...>
2122  ioctl(14, 0x40047302 <unfinished ...>
2119  <... open resumed> )              = 15
2122  <... ioctl resumed> , 0x1)        = 0
2119  fcntl(15, F_SETFD, FD_CLOEXEC <unfinished ...>
2122  open("/dev/mic/scif", O_RDWR <unfinished ...>
2119  <... fcntl resumed> )             = 0
2119  ioctl(15, 0xc0087303 <unfinished ...>
2122  <... open resumed> )              = 16
2122  ioctl(14, 0xc0087304 <unfinished ...>
2119  <... ioctl resumed> , 0x7ffd77846ae0) = 0
2122  <... ioctl resumed> , 0x7fcb16c1fe40) = 0
2122  ioctl(16, 0xc0087305, 0x7fcb16c1fe48) = 0
2119  close(14)                         = 0
2119  ioctl(13, 0xc0087306, 0x7ffd77846d00) = 0
2119  ioctl(13, 0xc0087307, 0x7ffd77846c10) = 0
2119  ioctl(13, 0xc0087307, 0x7ffd77846c10) = 0
2119  ioctl(13, 0xc0087307, 0x7ffd77846c10) = 0
2119  ioctl(13, 0xc0087307, 0x7ffd77846c10) = 0
2119  ioctl(13, 0xc0087307, 0x7ffd77846c10) = 0
2119  ioctl(13, 0xc0087307, 0x7ffd77846c10) = 0
2119  ioctl(13, 0xc0087307, 0x7ffd77846c10) = 0
2119  ioctl(13, 0xc0087307, 0x7ffd77846c10) = 0
2119  ioctl(13, 0xc0087307, 0x7ffd77846c10) = 0
2119  ioctl(13, 0xc0087307, 0x7ffd77846c10) = 0
2119  ioctl(13, 0xc0087307, 0x7ffd77846c10) = 0
2119  ioctl(13, 0xc0087307, 0x7ffd77846c10) = 0
2119  ioctl(13, 0xc0087307, 0x7ffd77846c10) = 0
2119  ioctl(13, 0xc0087307, 0x7ffd77846c10) = 0
2119  ioctl(13, 0xc0087307, 0x7ffd77846c10) = 0
2119  ioctl(13, 0xc0087306, 0x7ffd77846d50) = 0
2119  ioctl(13, 0xc0087307, 0x7ffd77846c60) = 0
2119  open("/dev/mic/scif", O_RDWR)     = 14
2119  fcntl(14, F_SETFD, FD_CLOEXEC)    = 0
2119  fcntl(14, F_GETFD)                = 0x1 (flags FD_CLOEXEC)
2119  fcntl(14, F_SETFD, FD_CLOEXEC)    = 0
2119  ioctl(14, 0xc0087301, 0x7ffd77846d9c) = 0
2119  open("/dev/mic/scif", O_RDWR)     = 17
2119  fcntl(17, F_SETFD, FD_CLOEXEC)    = 0
2119  ioctl(17, 0xc0087301, 0x7ffd77846d7c) = 0
2119  open("/dev/mic/scif", O_RDWR)     = 18
2119  ioctl(18, 0xc008730e, 0x7ffd77846cc0) = 0
2119  close(18)                         = 0
2119  open("/dev/mic/scif", O_RDWR <unfinished ...>
2123  ioctl(17, 0x40047302 <unfinished ...>
2119  <... open resumed> )              = 18
2123  <... ioctl resumed> , 0x1)        = 0
2119  fcntl(18, F_SETFD, FD_CLOEXEC <unfinished ...>
2123  open("/dev/mic/scif", O_RDWR <unfinished ...>
2119  <... fcntl resumed> )             = 0
2119  ioctl(18, 0xc0087303 <unfinished ...>
2123  <... open resumed> )              = 19
2123  ioctl(17, 0xc0087304 <unfinished ...>
2119  <... ioctl resumed> , 0x7ffd77846cd0) = 0
2123  <... ioctl resumed> , 0x7fcb16c1fe40) = 0
2123  ioctl(19, 0xc0087305, 0x7fcb16c1fe48) = 0
2119  close(17)                         = 0
2119  ioctl(14, 0xc0087303, 0x7ffd77846d90) = 0
2124  ioctl(14, 0xc0087307 <unfinished ...>
2119  <... mmap resumed> )              = 0x7fcb1923b000
2124  <... ioctl resumed> , 0x7fcb16c1fca0) = 0
2124  ioctl(14, 0xc0087307, 0x7fcb16c1fca0) = 0
2124  ioctl(14, 0xc0087307 <unfinished ...>
2119  ioctl(13, 0xc0087308 <unfinished ...>
2124  <... ioctl resumed> , 0x7fcb16c1fca0) = 0
2124  ioctl(14, 0xc0087307, 0x7fcb16c1fca0) = 0
2124  ioctl(14, 0xc0087307, 0x7fcb16c1fca0) = 0
2124  ioctl(14, 0xc0087307, 0x7fcb16c1fca0) = 0
2119  <... ioctl resumed> , 0x7ffd77846e40) = 0
2124  ioctl(14, 0xc0087307, 0x7fcb16c1fca0) = 0
2124  ioctl(14, 0xc0087307, 0x7fcb16c1fca0) = 0
2124  ioctl(14, 0xc0087307 <unfinished ...>
2119  close(7 <unfinished ...>
2124  <... ioctl resumed> , 0x7fcb16c1fca0) = 0
2119  <... close resumed> )             = 0
2124  ioctl(14, 0xc0087307, 0x7fcb16c1fca0) = 0
2119  ioctl(13, 0xc0087306 <unfinished ...>
2124  ioctl(14, 0xc0087307 <unfinished ...>
2119  <... ioctl resumed> , 0x7ffd77847680) = 0
2124  <... ioctl resumed> , 0x7fcb16c1fca0) = 0
2119  ioctl(3, 0xc0087306 <unfinished ...>
2124  ioctl(14, 0xc0087307 <unfinished ...>
2119  <... ioctl resumed> , 0x7ffd77847660) = 0
2124  <... ioctl resumed> , 0x7fcb16c1fca0) = 0
2119  ioctl(3, 0xc0087307 <unfinished ...>
2124  ioctl(14, 0xc0087307 <unfinished ...>
2119  <... ioctl resumed> , 0x7ffd77847590) = 0
2124  <... ioctl resumed> , 0x7fcb16c1fca0) = 0
2119  ioctl(3, 0xc0087307, 0x7ffd77847590) = 0
2119  ioctl(3, 0xc0087307, 0x7ffd77847590) = 0
2119  ioctl(3, 0xc0087307, 0x7ffd77847590) = 0
2119  ioctl(3, 0xc0087307, 0x7ffd77847590) = 0
2119  ioctl(3, 0xc0087307, 0x7ffd77847590) = 0
2119  ioctl(3, 0xc0087307, 0x7ffd77847590) = 0
2119  ioctl(3, 0xc0087307, 0x7ffd77847590) = 0
2119  ioctl(3, 0xc0087307, 0x7ffd77847590) = 0
2119  ioctl(3, 0xc0087307, 0x7ffd77847590) = 0
2119  ioctl(3, 0xc0087307, 0x7ffd77847590) = 0
2119  ioctl(3, 0xc0087307, 0x7ffd77847590) = 0
2119  ioctl(3, 0xc0087307, 0x7ffd77847590) = 0
2124  ioctl(14, 0xc0087307, 0x7fcb16c1fca0) = 0
2121  ioctl(12, 0xc0087307, 0x7fcb17a4ed80) = 0
2121  ioctl(12, 0xc0087307, 0x7fcb17a4ed80) = 0
2121  ioctl(12, 0xc0087306, 0x7fcb17a4ed80) = 0
2121  ioctl(12, 0xc0087307, 0x7fcb17a4ed80) = -1 ECONNRESET (Connection reset by peer)
2119  ioctl(3, 0xc0087307, 0x7ffd77847590) = 0
2119  ioctl(18, 0xc0087306, 0x7ffd778476c0) = 0
2119  ioctl(13, 0xc0087309, 0x7ffd778476f0) = -1 ECONNRESET (Connection reset by peer)
2119  close(8)                          = 0
2119  close(16)                         = 0
2119  close(15)                         = 0
2119  close(13)                         = 0
2119  close(12)                         = 0
2119  close(11)                         = 0
2119  close(10)                         = 0
2119  close(19)                         = 0
2119  close(18)                         = 0
2119  close(14)                         = 0
2119  close(9)                          = 0
2119  ioctl(3, 0xc0087309, 0x7ffd77847680) = 0
2119  ioctl(3, 0xc0087309, 0x7ffd77847680) = 0
2119  close(6)                          = 0
2119  close(5)                          = 0
2119  close(3)                          = 0
