29562 execve("/usr/bin/micnativeloadex", ["micnativeloadex", "../bin/helloWorld"], [/* 52 vars */]) = 0
29562 brk(0)                            = 0x21e5000
29562 access("/etc/ld.so.nohwcap", F_OK) = -1 ENOENT (No such file or directory)
29562 mmap(NULL, 8192, PROT_READ|PROT_WRITE, MAP_PRIVATE|MAP_ANONYMOUS, -1, 0) = 0x7f93c2ea6000
29562 access("/etc/ld.so.preload", R_OK) = -1 ENOENT (No such file or directory)
29562 open("/etc/ld.so.cache", O_RDONLY) = 3
29562 fstat(3, {st_mode=S_IFREG|0644, st_size=60757, ...}) = 0
29562 mmap(NULL, 60757, PROT_READ, MAP_PRIVATE, 3, 0) = 0x7f93c2e97000
29562 close(3)                          = 0
29562 access("/etc/ld.so.nohwcap", F_OK) = -1 ENOENT (No such file or directory)
29562 open("/lib/x86_64-linux-gnu/libdl.so.2", O_RDONLY) = 3
29562 read(3, "\177ELF\2\1\1\0\0\0\0\0\0\0\0\0\3\0>\0\1\0\0\0\340\r\0\0\0\0\0\0"..., 832) = 832
29562 fstat(3, {st_mode=S_IFREG|0644, st_size=14768, ...}) = 0
29562 mmap(NULL, 2109696, PROT_READ|PROT_EXEC, MAP_PRIVATE|MAP_DENYWRITE, 3, 0) = 0x7f93c2a85000
29562 mprotect(0x7f93c2a87000, 2097152, PROT_NONE) = 0
29562 mmap(0x7f93c2c87000, 8192, PROT_READ|PROT_WRITE, MAP_PRIVATE|MAP_FIXED|MAP_DENYWRITE, 3, 0x2000) = 0x7f93c2c87000
29562 close(3)                          = 0
29562 access("/etc/ld.so.nohwcap", F_OK) = -1 ENOENT (No such file or directory)
29562 open("/lib/x86_64-linux-gnu/librt.so.1", O_RDONLY) = 3
29562 read(3, "\177ELF\2\1\1\0\0\0\0\0\0\0\0\0\3\0>\0\1\0\0\0\220!\0\0\0\0\0\0"..., 832) = 832
29562 fstat(3, {st_mode=S_IFREG|0644, st_size=31744, ...}) = 0
29562 mmap(NULL, 2128856, PROT_READ|PROT_EXEC, MAP_PRIVATE|MAP_DENYWRITE, 3, 0) = 0x7f93c287d000
29562 mprotect(0x7f93c2884000, 2093056, PROT_NONE) = 0
29562 mmap(0x7f93c2a83000, 8192, PROT_READ|PROT_WRITE, MAP_PRIVATE|MAP_FIXED|MAP_DENYWRITE, 3, 0x6000) = 0x7f93c2a83000
29562 close(3)                          = 0
29562 access("/etc/ld.so.nohwcap", F_OK) = -1 ENOENT (No such file or directory)
29562 open("/usr/lib64/libscif.so.0", O_RDONLY) = 3
29562 read(3, "\177ELF\2\1\1\0\0\0\0\0\0\0\0\0\3\0>\0\1\0\0\0\0\n\0\0\0\0\0\0"..., 832) = 832
29562 fstat(3, {st_mode=S_IFREG|0755, st_size=8040, ...}) = 0
29562 mmap(NULL, 4096, PROT_READ|PROT_WRITE, MAP_PRIVATE|MAP_ANONYMOUS, -1, 0) = 0x7f93c2e96000
29562 mmap(NULL, 2103136, PROT_READ|PROT_EXEC, MAP_PRIVATE|MAP_DENYWRITE, 3, 0) = 0x7f93c267b000
29562 mprotect(0x7f93c267d000, 2093056, PROT_NONE) = 0
29562 mmap(0x7f93c287c000, 4096, PROT_READ|PROT_WRITE, MAP_PRIVATE|MAP_FIXED|MAP_DENYWRITE, 3, 0x1000) = 0x7f93c287c000
29562 close(3)                          = 0
29562 access("/etc/ld.so.nohwcap", F_OK) = -1 ENOENT (No such file or directory)
29562 open("/usr/lib64/libcoi_host.so.0", O_RDONLY) = 3
29562 read(3, "\177ELF\2\1\1\0\0\0\0\0\0\0\0\0\3\0>\0\1\0\0\0\260\4\1\0\0\0\0\0"..., 832) = 832
29562 fstat(3, {st_mode=S_IFREG|0755, st_size=485520, ...}) = 0
29562 mmap(NULL, 2640712, PROT_READ|PROT_EXEC, MAP_PRIVATE|MAP_DENYWRITE, 3, 0) = 0x7f93c23f6000
29562 mprotect(0x7f93c2468000, 2097152, PROT_NONE) = 0
29562 mmap(0x7f93c2668000, 16384, PROT_READ|PROT_WRITE, MAP_PRIVATE|MAP_FIXED|MAP_DENYWRITE, 3, 0x72000) = 0x7f93c2668000
29562 mmap(0x7f93c266c000, 60232, PROT_READ|PROT_WRITE, MAP_PRIVATE|MAP_FIXED|MAP_ANONYMOUS, -1, 0) = 0x7f93c266c000
29562 close(3)                          = 0
29562 access("/etc/ld.so.nohwcap", F_OK) = -1 ENOENT (No such file or directory)
29562 open("/usr/lib/x86_64-linux-gnu/libstdc++.so.6", O_RDONLY) = 3
29562 read(3, "\177ELF\2\1\1\0\0\0\0\0\0\0\0\0\3\0>\0\1\0\0\0@\6\6\0\0\0\0\0"..., 832) = 832
29562 fstat(3, {st_mode=S_IFREG|0644, st_size=991600, ...}) = 0
29562 mmap(NULL, 3171520, PROT_READ|PROT_EXEC, MAP_PRIVATE|MAP_DENYWRITE, 3, 0) = 0x7f93c20ef000
29562 mprotect(0x7f93c21d7000, 2097152, PROT_NONE) = 0
29562 mmap(0x7f93c23d7000, 40960, PROT_READ|PROT_WRITE, MAP_PRIVATE|MAP_FIXED|MAP_DENYWRITE, 3, 0xe8000) = 0x7f93c23d7000
29562 mmap(0x7f93c23e1000, 83136, PROT_READ|PROT_WRITE, MAP_PRIVATE|MAP_FIXED|MAP_ANONYMOUS, -1, 0) = 0x7f93c23e1000
29562 close(3)                          = 0
29562 access("/etc/ld.so.nohwcap", F_OK) = -1 ENOENT (No such file or directory)
29562 open("/lib/x86_64-linux-gnu/libm.so.6", O_RDONLY) = 3
29562 read(3, "\177ELF\2\1\1\0\0\0\0\0\0\0\0\0\3\0>\0\1\0\0\0\360>\0\0\0\0\0\0"..., 832) = 832
29562 fstat(3, {st_mode=S_IFREG|0644, st_size=530736, ...}) = 0
29562 mmap(NULL, 4096, PROT_READ|PROT_WRITE, MAP_PRIVATE|MAP_ANONYMOUS, -1, 0) = 0x7f93c2e95000
29562 mmap(NULL, 2625768, PROT_READ|PROT_EXEC, MAP_PRIVATE|MAP_DENYWRITE, 3, 0) = 0x7f93c1e6d000
29562 mprotect(0x7f93c1eee000, 2093056, PROT_NONE) = 0
29562 mmap(0x7f93c20ed000, 8192, PROT_READ|PROT_WRITE, MAP_PRIVATE|MAP_FIXED|MAP_DENYWRITE, 3, 0x80000) = 0x7f93c20ed000
29562 close(3)                          = 0
29562 access("/etc/ld.so.nohwcap", F_OK) = -1 ENOENT (No such file or directory)
29562 open("/lib/x86_64-linux-gnu/libgcc_s.so.1", O_RDONLY) = 3
29562 read(3, "\177ELF\2\1\1\0\0\0\0\0\0\0\0\0\3\0>\0\1\0\0\0p.\0\0\0\0\0\0"..., 832) = 832
29562 fstat(3, {st_mode=S_IFREG|0644, st_size=89056, ...}) = 0
29562 mmap(NULL, 2184824, PROT_READ|PROT_EXEC, MAP_PRIVATE|MAP_DENYWRITE, 3, 0) = 0x7f93c1c57000
29562 mprotect(0x7f93c1c6c000, 2097152, PROT_NONE) = 0
29562 mmap(0x7f93c1e6c000, 4096, PROT_READ|PROT_WRITE, MAP_PRIVATE|MAP_FIXED|MAP_DENYWRITE, 3, 0x15000) = 0x7f93c1e6c000
29562 close(3)                          = 0
29562 access("/etc/ld.so.nohwcap", F_OK) = -1 ENOENT (No such file or directory)
29562 open("/lib/x86_64-linux-gnu/libpthread.so.0", O_RDONLY) = 3
29562 read(3, "\177ELF\2\1\1\0\0\0\0\0\0\0\0\0\3\0>\0\1\0\0\0@\\\0\0\0\0\0\0"..., 832) = 832
29562 fstat(3, {st_mode=S_IFREG|0755, st_size=131107, ...}) = 0
29562 mmap(NULL, 2208672, PROT_READ|PROT_EXEC, MAP_PRIVATE|MAP_DENYWRITE, 3, 0) = 0x7f93c1a3b000
29562 mprotect(0x7f93c1a52000, 2093056, PROT_NONE) = 0
29562 mmap(0x7f93c1c51000, 8192, PROT_READ|PROT_WRITE, MAP_PRIVATE|MAP_FIXED|MAP_DENYWRITE, 3, 0x16000) = 0x7f93c1c51000
29562 mmap(0x7f93c1c53000, 13216, PROT_READ|PROT_WRITE, MAP_PRIVATE|MAP_FIXED|MAP_ANONYMOUS, -1, 0) = 0x7f93c1c53000
29562 close(3)                          = 0
29562 access("/etc/ld.so.nohwcap", F_OK) = -1 ENOENT (No such file or directory)
29562 open("/lib/x86_64-linux-gnu/libc.so.6", O_RDONLY) = 3
29562 read(3, "\177ELF\2\1\1\0\0\0\0\0\0\0\0\0\3\0>\0\1\0\0\0\300\357\1\0\0\0\0\0"..., 832) = 832
29562 fstat(3, {st_mode=S_IFREG|0755, st_size=1607696, ...}) = 0
29562 mmap(NULL, 4096, PROT_READ|PROT_WRITE, MAP_PRIVATE|MAP_ANONYMOUS, -1, 0) = 0x7f93c2e94000
29562 mmap(NULL, 3721272, PROT_READ|PROT_EXEC, MAP_PRIVATE|MAP_DENYWRITE, 3, 0) = 0x7f93c16ae000
29562 mprotect(0x7f93c1832000, 2093056, PROT_NONE) = 0
29562 mmap(0x7f93c1a31000, 20480, PROT_READ|PROT_WRITE, MAP_PRIVATE|MAP_FIXED|MAP_DENYWRITE, 3, 0x183000) = 0x7f93c1a31000
29562 mmap(0x7f93c1a36000, 18488, PROT_READ|PROT_WRITE, MAP_PRIVATE|MAP_FIXED|MAP_ANONYMOUS, -1, 0) = 0x7f93c1a36000
29562 close(3)                          = 0
29562 mmap(NULL, 4096, PROT_READ|PROT_WRITE, MAP_PRIVATE|MAP_ANONYMOUS, -1, 0) = 0x7f93c2e93000
29562 mmap(NULL, 8192, PROT_READ|PROT_WRITE, MAP_PRIVATE|MAP_ANONYMOUS, -1, 0) = 0x7f93c2e91000
29562 arch_prctl(ARCH_SET_FS, 0x7f93c2e91740) = 0
29562 mprotect(0x7f93c1a31000, 16384, PROT_READ) = 0
29562 mprotect(0x7f93c1c51000, 4096, PROT_READ) = 0
29562 mprotect(0x7f93c20ed000, 4096, PROT_READ) = 0
29562 mmap(NULL, 4096, PROT_READ|PROT_WRITE, MAP_PRIVATE|MAP_ANONYMOUS, -1, 0) = 0x7f93c2e90000
29562 mprotect(0x7f93c23d7000, 32768, PROT_READ) = 0
29562 mprotect(0x7f93c2a83000, 4096, PROT_READ) = 0
29562 mprotect(0x7f93c2c87000, 4096, PROT_READ) = 0
29562 mprotect(0x7f93c2ea8000, 4096, PROT_READ) = 0
29562 munmap(0x7f93c2e97000, 60757)     = 0
29562 set_tid_address(0x7f93c2e91a10)   = 29562
29562 set_robust_list(0x7f93c2e91a20, 0x18) = 0
29562 futex(0x7ffd28d9204c, FUTEX_WAIT_BITSET_PRIVATE|FUTEX_CLOCK_REALTIME, 1, NULL, 7f93c2e91740) = -1 EAGAIN (Resource temporarily unavailable)
29562 rt_sigaction(SIGRTMIN, {0x7f93c1a40ad0, [], SA_RESTORER|SA_SIGINFO, 0x7f93c1a4a0a0}, NULL, 8) = 0
29562 rt_sigaction(SIGRT_1, {0x7f93c1a40b60, [], SA_RESTORER|SA_RESTART|SA_SIGINFO, 0x7f93c1a4a0a0}, NULL, 8) = 0
29562 rt_sigprocmask(SIG_UNBLOCK, [RTMIN RT_1], NULL, 8) = 0
29562 getrlimit(RLIMIT_STACK, {rlim_cur=8192*1024, rlim_max=RLIM_INFINITY}) = 0
29562 open("/dev/mic/scif", O_RDWR)     = 3
29562 ioctl(3, STL_BRESET, 0x7ffd28d92130) = 1
29562 close(3)                          = 0
29562 futex(0x7f93c23f39e4, FUTEX_WAKE_PRIVATE, 2147483647) = 0
29562 futex(0x7f93c23f39f0, FUTEX_WAKE_PRIVATE, 2147483647) = 0
29562 brk(0)                            = 0x21e5000
29562 brk(0x2206000)                    = 0x2206000
29562 open("/dev/mic/scif", O_RDWR)     = 3
29562 ioctl(3, 0xc008730e, 0x7ffd28d91e10) = 0
29562 close(3)                          = 0
29562 open("/sys/class/mic/mic0/family", O_RDONLY) = 3
29562 fstat(3, {st_mode=S_IFREG|0444, st_size=4096, ...}) = 0
29562 mmap(NULL, 4096, PROT_READ|PROT_WRITE, MAP_PRIVATE|MAP_ANONYMOUS, -1, 0) = 0x7f93c2ea5000
29562 read(3, "x100\n", 4096)           = 5
29562 close(3)                          = 0
29562 munmap(0x7f93c2ea5000, 4096)      = 0
29562 open("/dev/mic/scif", O_RDWR)     = 3
29562 ioctl(3, 0xc008730e, 0x7ffd28d91ee0) = 0
29562 close(3)                          = 0
29562 open("/dev/mic/scif", O_RDWR)     = 3
29562 fcntl(3, F_SETFD, FD_CLOEXEC)     = 0
29562 fcntl(3, F_GETFD)                 = 0x1 (flags FD_CLOEXEC)
29562 fcntl(3, F_SETFD, FD_CLOEXEC)     = 0
29562 ioctl(3, 0xc0087301, 0x7ffd28d91c7c) = 0
29562 open("/dev/mic/scif", O_RDWR)     = 4
29562 fcntl(4, F_SETFD, FD_CLOEXEC)     = 0
29562 ioctl(4, 0xc0087301, 0x7ffd28d91c5c) = 0
29562 open("/dev/mic/scif", O_RDWR)     = 5
29562 ioctl(5, 0xc008730e, 0x7ffd28d91ba0) = 0
29562 close(5)                          = 0
29562 mmap(NULL, 8392704, PROT_READ|PROT_WRITE, MAP_PRIVATE|MAP_ANONYMOUS|MAP_STACK, -1, 0) = 0x7f93c0ead000
29562 mprotect(0x7f93c0ead000, 4096, PROT_NONE) = 0
29562 clone(child_stack=0x7f93c16acfb0, flags=CLONE_VM|CLONE_FS|CLONE_FILES|CLONE_SIGHAND|CLONE_THREAD|CLONE_SYSVSEM|CLONE_SETTLS|CLONE_PARENT_SETTID|CLONE_CHILD_CLEARTID, parent_tidptr=0x7f93c16ad9d0, tls=0x7f93c16ad700, child_tidptr=0x7f93c16ad9d0) = 29563
29563 set_robust_list(0x7f93c16ad9e0, 0x18 <unfinished ...>
29562 open("/dev/mic/scif", O_RDWR <unfinished ...>
29563 <... set_robust_list resumed> )   = 0
29563 ioctl(4, 0x40047302 <unfinished ...>
29562 <... open resumed> )              = 5
29563 <... ioctl resumed> , 0x1)        = 0
29562 fcntl(5, F_SETFD, FD_CLOEXEC <unfinished ...>
29563 open("/dev/mic/scif", O_RDWR <unfinished ...>
29562 <... fcntl resumed> )             = 0
29562 ioctl(5, 0xc0087303 <unfinished ...>
29563 <... open resumed> )              = 6
29563 ioctl(4, 0xc0087304 <unfinished ...>
29562 <... ioctl resumed> , 0x7ffd28d91bb0) = 0
29563 <... ioctl resumed> , 0x7f93c16ace40) = 0
29562 futex(0x7f93c16ad9d0, FUTEX_WAIT, 29563, NULL <unfinished ...>
29563 ioctl(6, 0xc0087305, 0x7f93c16ace48) = 0
29563 madvise(0x7f93c0ead000, 8368128, MADV_DONTNEED) = 0
29563 _exit(0)                          = ?
29562 <... futex resumed> )             = 0
29562 close(4)                          = 0
29562 ioctl(3, 0xc0087303, 0x7ffd28d91c50) = 0
29562 getuid()                          = 10263
29562 socket(PF_FILE, SOCK_STREAM|SOCK_CLOEXEC|SOCK_NONBLOCK, 0) = 4
29562 connect(4, {sa_family=AF_FILE, path="/var/run/nscd/socket"}, 110) = -1 ENOENT (No such file or directory)
29562 close(4)                          = 0
29562 socket(PF_FILE, SOCK_STREAM|SOCK_CLOEXEC|SOCK_NONBLOCK, 0) = 4
29562 connect(4, {sa_family=AF_FILE, path="/var/run/nscd/socket"}, 110) = -1 ENOENT (No such file or directory)
29562 close(4)                          = 0
29562 open("/etc/nsswitch.conf", O_RDONLY) = 4
29562 fstat(4, {st_mode=S_IFREG|0644, st_size=487, ...}) = 0
29562 mmap(NULL, 4096, PROT_READ|PROT_WRITE, MAP_PRIVATE|MAP_ANONYMOUS, -1, 0) = 0x7f93c2ea5000
29562 read(4, "# /etc/nsswitch.conf\n#\n# Example"..., 4096) = 487
29562 read(4, "", 4096)                 = 0
29562 close(4)                          = 0
29562 munmap(0x7f93c2ea5000, 4096)      = 0
29562 open("/etc/ld.so.cache", O_RDONLY) = 4
29562 fstat(4, {st_mode=S_IFREG|0644, st_size=60757, ...}) = 0
29562 mmap(NULL, 60757, PROT_READ, MAP_PRIVATE, 4, 0) = 0x7f93c2e97000
29562 close(4)                          = 0
29562 access("/etc/ld.so.nohwcap", F_OK) = -1 ENOENT (No such file or directory)
29562 open("/lib/x86_64-linux-gnu/libnss_nis.so.2", O_RDONLY) = 4
29562 read(4, "\177ELF\2\1\1\0\0\0\0\0\0\0\0\0\3\0>\0\1\0\0\0p \0\0\0\0\0\0"..., 832) = 832
29562 fstat(4, {st_mode=S_IFREG|0644, st_size=43560, ...}) = 0
29562 mmap(NULL, 2139352, PROT_READ|PROT_EXEC, MAP_PRIVATE|MAP_DENYWRITE, 4, 0) = 0x7f93c0ca2000
29562 mprotect(0x7f93c0cac000, 2093056, PROT_NONE) = 0
29562 mmap(0x7f93c0eab000, 8192, PROT_READ|PROT_WRITE, MAP_PRIVATE|MAP_FIXED|MAP_DENYWRITE, 4, 0x9000) = 0x7f93c0eab000
29562 close(4)                          = 0
29562 access("/etc/ld.so.nohwcap", F_OK) = -1 ENOENT (No such file or directory)
29562 open("/lib/x86_64-linux-gnu/libnsl.so.1", O_RDONLY) = 4
29562 read(4, "\177ELF\2\1\1\0\0\0\0\0\0\0\0\0\3\0>\0\1\0\0\0 @\0\0\0\0\0\0"..., 832) = 832
29562 fstat(4, {st_mode=S_IFREG|0644, st_size=89056, ...}) = 0
29562 mmap(NULL, 2194128, PROT_READ|PROT_EXEC, MAP_PRIVATE|MAP_DENYWRITE, 4, 0) = 0x7f93c0a8a000
29562 mprotect(0x7f93c0a9f000, 2093056, PROT_NONE) = 0
29562 mmap(0x7f93c0c9e000, 8192, PROT_READ|PROT_WRITE, MAP_PRIVATE|MAP_FIXED|MAP_DENYWRITE, 4, 0x14000) = 0x7f93c0c9e000
29562 mmap(0x7f93c0ca0000, 6864, PROT_READ|PROT_WRITE, MAP_PRIVATE|MAP_FIXED|MAP_ANONYMOUS, -1, 0) = 0x7f93c0ca0000
29562 close(4)                          = 0
29562 access("/etc/ld.so.nohwcap", F_OK) = -1 ENOENT (No such file or directory)
29562 open("/lib/x86_64-linux-gnu/libnss_files.so.2", O_RDONLY) = 4
29562 read(4, "\177ELF\2\1\1\0\0\0\0\0\0\0\0\0\3\0>\0\1\0\0\0\200!\0\0\0\0\0\0"..., 832) = 832
29562 fstat(4, {st_mode=S_IFREG|0644, st_size=47616, ...}) = 0
29562 mmap(NULL, 2143624, PROT_READ|PROT_EXEC, MAP_PRIVATE|MAP_DENYWRITE, 4, 0) = 0x7f93c087e000
29562 mprotect(0x7f93c0889000, 2093056, PROT_NONE) = 0
29562 mmap(0x7f93c0a88000, 8192, PROT_READ|PROT_WRITE, MAP_PRIVATE|MAP_FIXED|MAP_DENYWRITE, 4, 0xa000) = 0x7f93c0a88000
29562 close(4)                          = 0
29562 mprotect(0x7f93c0a88000, 4096, PROT_READ) = 0
29562 mprotect(0x7f93c0c9e000, 4096, PROT_READ) = 0
29562 mprotect(0x7f93c0eab000, 4096, PROT_READ) = 0
29562 munmap(0x7f93c2e97000, 60757)     = 0
29562 uname({sys="Linux", node="dungani", ...}) = 0
29562 open("/var/yp/binding/sci.nis.2", O_RDONLY) = 4
29562 pread(4, "\1\0\0\0\223f\3,\3\211\0\0", 12, 2) = 12
29562 socket(PF_INET, SOCK_DGRAM|SOCK_CLOEXEC|SOCK_NONBLOCK, IPPROTO_UDP) = 7
29562 open("/etc/bindresvport.blacklist", O_RDONLY) = 8
29562 fstat(8, {st_mode=S_IFREG|0644, st_size=356, ...}) = 0
29562 mmap(NULL, 4096, PROT_READ|PROT_WRITE, MAP_PRIVATE|MAP_ANONYMOUS, -1, 0) = 0x7f93c2ea5000
29562 read(8, "#\n# This file contains a list of"..., 4096) = 356
29562 read(8, "", 4096)                 = 0
29562 close(8)                          = 0
29562 munmap(0x7f93c2ea5000, 4096)      = 0
29562 bind(7, {sa_family=AF_INET, sin_port=htons(906), sin_addr=inet_addr("0.0.0.0")}, 16) = -1 EACCES (Permission denied)
29562 setsockopt(7, SOL_IP, IP_RECVERR, [1], 4) = 0
29562 futex(0x7f93c1a39d60, FUTEX_WAKE_PRIVATE, 2147483647) = 0
29562 close(4)                          = 0
29562 sendto(7, "\7\30\f\24\0\0\0\0\0\0\0\2\0\1\206\244\0\0\0\2\0\0\0\3\0\0\0\0\0\0\0\0"..., 80, 0, {sa_family=AF_INET, sin_port=htons(905), sin_addr=inet_addr("147.102.3.44")}, 16) = 80
29562 poll([{fd=7, events=POLLIN}], 1, 5000) = 1 ([{fd=7, revents=POLLIN}])
29562 recvfrom(7, "\7\30\f\24\0\0\0\1\0\0\0\0\0\0\0\0\0\0\0\0\0\0\0\0\0\0\0\1\0\0\0Y"..., 8800, MSG_DONTWAIT, {sa_family=AF_INET, sin_port=htons(905), sin_addr=inet_addr("147.102.3.44")}, [16]) = 124
29562 close(7)                          = 0
29562 open("/etc/default/nss", O_RDONLY) = 4
29562 fstat(4, {st_mode=S_IFREG|0644, st_size=1756, ...}) = 0
29562 mmap(NULL, 4096, PROT_READ|PROT_WRITE, MAP_PRIVATE|MAP_ANONYMOUS, -1, 0) = 0x7f93c2ea5000
29562 read(4, "# /etc/default/nss\n# This file c"..., 4096) = 1756
29562 read(4, "", 4096)                 = 0
29562 close(4)                          = 0
29562 munmap(0x7f93c2ea5000, 4096)      = 0
29562 futex(0x7f93c0ca1acc, FUTEX_WAKE_PRIVATE, 2147483647) = 0
29562 getuid()                          = 10263
29562 open("/dev/mic/scif", O_RDWR)     = 4
29562 fcntl(4, F_SETFD, FD_CLOEXEC)     = 0
29562 ioctl(4, 0xc0087303, 0x7ffd28d91ba0) = 0
29562 ioctl(4, 0xc0087306, 0x7ffd28d91b90) = 0
29562 poll([{fd=4, events=POLLIN}], 1, 5000) = 1 ([{fd=4, revents=POLLIN|POLLHUP}])
29562 ioctl(4, 0xc0087307, 0x7ffd28d91b90) = 0
29562 open("/home/kfertak/.mpsscookie", O_RDONLY) = -1 ENOENT (No such file or directory)
29562 ioctl(3, 0xc0087306, 0x7ffd28d91bf0) = 0
29562 open("/proc/cpuinfo", O_RDONLY)   = 7
29562 fstat(7, {st_mode=S_IFREG|0444, st_size=0, ...}) = 0
29562 mmap(NULL, 4096, PROT_READ|PROT_WRITE, MAP_PRIVATE|MAP_ANONYMOUS, -1, 0) = 0x7f93c2ea5000
29562 read(7, "processor\t: 0\nvendor_id\t: Genuin"..., 1024) = 1024
29562 open("/sys/devices/system/cpu/cpu0/cpufreq/cpuinfo_max_freq", O_RDONLY) = 8
29562 fstat(8, {st_mode=S_IFREG|0444, st_size=4096, ...}) = 0
29562 mmap(NULL, 4096, PROT_READ|PROT_WRITE, MAP_PRIVATE|MAP_ANONYMOUS, -1, 0) = 0x7f93c2ea4000
29562 read(8, "3701000\n", 4096)        = 8
29562 close(8)                          = 0
29562 munmap(0x7f93c2ea4000, 4096)      = 0
29562 read(7, "l name\t: Intel(R) Core(TM) i7-48"..., 1024) = 1024
29562 open("/sys/devices/system/cpu/cpu1/cpufreq/cpuinfo_max_freq", O_RDONLY) = 8
29562 fstat(8, {st_mode=S_IFREG|0444, st_size=4096, ...}) = 0
29562 mmap(NULL, 4096, PROT_READ|PROT_WRITE, MAP_PRIVATE|MAP_ANONYMOUS, -1, 0) = 0x7f93c2ea4000
29562 read(8, "3701000\n", 4096)        = 8
29562 close(8)                          = 0
29562 munmap(0x7f93c2ea4000, 4096)      = 0
29562 read(7, "de\t: 0x416\ncpu MHz\t\t: 1200.000\nc"..., 1024) = 1024
29562 open("/sys/devices/system/cpu/cpu2/cpufreq/cpuinfo_max_freq", O_RDONLY) = 8
29562 fstat(8, {st_mode=S_IFREG|0444, st_size=4096, ...}) = 0
29562 mmap(NULL, 4096, PROT_READ|PROT_WRITE, MAP_PRIVATE|MAP_ANONYMOUS, -1, 0) = 0x7f93c2ea4000
29562 read(8, "3701000\n", 4096)        = 8
29562 close(8)                          = 0
29562 munmap(0x7f93c2ea4000, 4096)      = 0
29562 read(7, "iblings\t: 8\ncore id\t\t: 3\ncpu cor"..., 1024) = 1024
29562 open("/sys/devices/system/cpu/cpu3/cpufreq/cpuinfo_max_freq", O_RDONLY) = 8
29562 fstat(8, {st_mode=S_IFREG|0444, st_size=4096, ...}) = 0
29562 mmap(NULL, 4096, PROT_READ|PROT_WRITE, MAP_PRIVATE|MAP_ANONYMOUS, -1, 0) = 0x7f93c2ea4000
29562 read(8, "3701000\n", 4096)        = 8
29562 close(8)                          = 0
29562 munmap(0x7f93c2ea4000, 4096)      = 0
29562 open("/sys/devices/system/cpu/cpu4/cpufreq/cpuinfo_max_freq", O_RDONLY) = 8
29562 fstat(8, {st_mode=S_IFREG|0444, st_size=4096, ...}) = 0
29562 mmap(NULL, 4096, PROT_READ|PROT_WRITE, MAP_PRIVATE|MAP_ANONYMOUS, -1, 0) = 0x7f93c2ea4000
29562 read(8, "3701000\n", 4096)        = 8
29562 close(8)                          = 0
29562 munmap(0x7f93c2ea4000, 4096)      = 0
29562 read(7, "fpu\t\t: yes\nfpu_exception\t: yes\nc"..., 1024) = 1024
29562 open("/sys/devices/system/cpu/cpu5/cpufreq/cpuinfo_max_freq", O_RDONLY) = 8
29562 fstat(8, {st_mode=S_IFREG|0444, st_size=4096, ...}) = 0
29562 mmap(NULL, 4096, PROT_READ|PROT_WRITE, MAP_PRIVATE|MAP_ANONYMOUS, -1, 0) = 0x7f93c2ea4000
29562 read(8, "3701000\n", 4096)        = 8
29562 close(8)                          = 0
29562 munmap(0x7f93c2ea4000, 4096)      = 0
29562 read(7, " vme de pse tsc msr pae mce cx8 "..., 1024) = 1024
29562 open("/sys/devices/system/cpu/cpu6/cpufreq/cpuinfo_max_freq", O_RDONLY) = 8
29562 fstat(8, {st_mode=S_IFREG|0444, st_size=4096, ...}) = 0
29562 mmap(NULL, 4096, PROT_READ|PROT_WRITE, MAP_PRIVATE|MAP_ANONYMOUS, -1, 0) = 0x7f93c2ea4000
29562 read(8, "3701000\n", 4096)        = 8
29562 close(8)                          = 0
29562 munmap(0x7f93c2ea4000, 4096)      = 0
29562 read(7, "lflush dts acpi mmx fxsr sse sse"..., 1024) = 1024
29562 open("/sys/devices/system/cpu/cpu7/cpufreq/cpuinfo_max_freq", O_RDONLY) = 8
29562 fstat(8, {st_mode=S_IFREG|0444, st_size=4096, ...}) = 0
29562 mmap(NULL, 4096, PROT_READ|PROT_WRITE, MAP_PRIVATE|MAP_ANONYMOUS, -1, 0) = 0x7f93c2ea4000
29562 read(8, "3701000\n", 4096)        = 8
29562 close(8)                          = 0
29562 munmap(0x7f93c2ea4000, 4096)      = 0
29562 read(7, "cp lm constant_tsc arch_perfmon "..., 1024) = 464
29562 read(7, "", 1024)                 = 0
29562 close(7)                          = 0
29562 munmap(0x7f93c2ea5000, 4096)      = 0
29562 ioctl(3, 0xc0087307, 0x7ffd28d91b20) = 0
29562 stat("../bin/helloWorld", {st_mode=S_IFREG|0700, st_size=10404, ...}) = 0
29562 open("../bin/helloWorld", O_RDONLY) = 7
29562 lseek(7, 0, SEEK_END)             = 10404
29562 mmap(NULL, 10404, PROT_READ, MAP_PRIVATE, 7, 0) = 0x7f93c2ea3000
29562 open("/dev/mic/scif", O_RDWR)     = 8
29562 fcntl(8, F_SETFD, FD_CLOEXEC)     = 0
29562 fcntl(8, F_GETFD)                 = 0x1 (flags FD_CLOEXEC)
29562 fcntl(8, F_SETFD, FD_CLOEXEC)     = 0
29562 ioctl(8, 0xc0087301, 0x7ffd28d915bc) = 0
29562 ioctl(8, 0x40047302, 0x1)         = 0
29562 open("/dev/mic/scif", O_RDWR)     = 9
29562 fcntl(9, F_SETFD, FD_CLOEXEC)     = 0
29562 fcntl(9, F_GETFD)                 = 0x1 (flags FD_CLOEXEC)
29562 fcntl(9, F_SETFD, FD_CLOEXEC)     = 0
29562 ioctl(9, 0xc0087301, 0x7ffd28d9159c) = 0
29562 ioctl(9, 0x40047302, 0x1)         = 0
29562 open("/dev/mic/scif", O_RDWR)     = 10
29562 fcntl(10, F_SETFD, FD_CLOEXEC)    = 0
29562 fcntl(10, F_GETFD)                = 0x1 (flags FD_CLOEXEC)
29562 fcntl(10, F_SETFD, FD_CLOEXEC)    = 0
29562 ioctl(10, 0xc0087301, 0x7ffd28d915bc) = 0
29562 ioctl(10, 0x40047302, 0x1)        = 0
29562 stat("../bin/helloWorld", {st_mode=S_IFREG|0700, st_size=10404, ...}) = 0
29562 getcwd("/home/users/kfertak/remotephiexec/src", 4096) = 38
29562 lstat("/home/users/kfertak/remotephiexec/bin", {st_mode=S_IFDIR|0700, st_size=4096, ...}) = 0
29562 lstat("/home/users/kfertak/remotephiexec/bin/helloWorld", {st_mode=S_IFREG|0700, st_size=10404, ...}) = 0
29562 getrlimit(RLIMIT_STACK, {rlim_cur=8192*1024, rlim_max=RLIM_INFINITY}) = 0
29562 open("/dev/mic/scif", O_RDWR)     = 11
29562 fcntl(11, F_SETFD, FD_CLOEXEC)    = 0
29562 ioctl(11, 0xc0087301, 0x7ffd28d9151c) = 0
29562 ioctl(11, 0x40047302, 0x1)        = 0
29562 clone(child_stack=0x7f93c16acfb0, flags=CLONE_VM|CLONE_FS|CLONE_FILES|CLONE_SIGHAND|CLONE_THREAD|CLONE_SYSVSEM|CLONE_SETTLS|CLONE_PARENT_SETTID|CLONE_CHILD_CLEARTID, parent_tidptr=0x7f93c16ad9d0, tls=0x7f93c16ad700, child_tidptr=0x7f93c16ad9d0) = 29564
29564 set_robust_list(0x7f93c16ad9e0, 0x18 <unfinished ...>
29562 mmap(NULL, 4096, PROT_READ|PROT_WRITE, MAP_SHARED|MAP_ANONYMOUS, -1, 0 <unfinished ...>
29564 <... set_robust_list resumed> )   = 0
29564 rt_sigprocmask(SIG_BLOCK, ~[RTMIN RT_1],  <unfinished ...>
29562 <... mmap resumed> )              = 0x7f93c2ea2000
29564 <... rt_sigprocmask resumed> NULL, 8) = 0
29562 ioctl(3, 0xc0087308 <unfinished ...>
29564 poll([{fd=11, events=POLLIN}], 1, -1 <unfinished ...>
29562 <... ioctl resumed> , 0x7ffd28d91570) = 0
29562 ioctl(3, 0xc0087306, 0x7ffd28d91570) = 0
29562 mmap(NULL, 36864, PROT_READ|PROT_WRITE, MAP_SHARED|MAP_ANONYMOUS, -1, 0) = 0x7f93c2e99000
29562 ioctl(3, 0xc0087308, 0x7ffd28d91570) = 0
29562 ioctl(3, 0xc0087307, 0x7ffd28d91500) = 0
29562 ioctl(3, 0xc0087307, 0x7ffd28d91500) = 0
29562 ioctl(3, 0xc0087307, 0x7ffd28d91500) = 0
29562 ioctl(3, 0xc0087307, 0x7ffd28d91500) = 0
29562 ioctl(3, 0xc0087307, 0x7ffd28d91500) = 0
29562 ioctl(3, 0xc0087307, 0x7ffd28d91500) = 0
29562 ioctl(3, 0xc0087307, 0x7ffd28d91500) = 0
29562 ioctl(3, 0xc0087307, 0x7ffd28d91500) = 0
29562 ioctl(3, 0xc0087307, 0x7ffd28d91500) = 0
29562 ioctl(3, 0xc0087307, 0x7ffd28d91500) = 0
29562 ioctl(3, 0xc0087307, 0x7ffd28d91500) = 0
29562 ioctl(3, 0xc0087307, 0x7ffd28d91500) = 0
29562 poll([{fd=6, events=POLLIN}, {fd=3, events=POLLIN}], 2, -1) = 1 ([{fd=3, revents=POLLIN}])
29562 ioctl(3, 0xc0087307, 0x7ffd28d91500) = 0
29562 ioctl(3, 0xc0087306, 0x7ffd28d91570) = 0
29562 ioctl(3, 0xc008730b, 0x7ffd28d91590) = 0
29562 ioctl(3, 0xc0087311, 0x7ffd28d91540) = 0
29562 ioctl(3, 0xc0087306, 0x7ffd28d91570) = 0
29562 ioctl(3, 0xc0087307, 0x7ffd28d91500) = 0
29562 ioctl(3, 0xc0087307, 0x7ffd28d91500) = 0
29562 ioctl(3, 0xc0087306, 0x7ffd28d91500) = 0
29562 ioctl(3, 0xc0087306, 0x7ffd28d91500) = 0
29562 ioctl(3, 0xc0087306, 0x7ffd28d91420) = 0
29562 ioctl(3, 0xc0087307, 0x7ffd28d913a0) = 0
29562 ioctl(3, 0xc0087307, 0x7ffd28d913a0) = 0
29562 ioctl(3, 0xc0087307, 0x7ffd28d913a0) = 0
29562 ioctl(3, 0xc0087307, 0x7ffd28d913a0) = 0
29562 ioctl(3, 0xc0087307, 0x7ffd28d913a0) = 0
29562 ioctl(3, 0xc0087307, 0x7ffd28d913a0) = 0
29562 ioctl(3, 0xc0087307, 0x7ffd28d913a0) = 0
29562 ioctl(3, 0xc0087307, 0x7ffd28d913a0) = 0
29562 ioctl(3, 0xc0087307, 0x7ffd28d913a0) = 0
29562 ioctl(3, 0xc0087307, 0x7ffd28d913a0) = 0
29562 ioctl(3, 0xc0087307, 0x7ffd28d913a0) = 0
29562 ioctl(3, 0xc0087307, 0x7ffd28d913a0) = 0
29562 poll([{fd=6, events=POLLIN}, {fd=3, events=POLLIN}], 2, -1) = 1 ([{fd=3, revents=POLLIN}])
29562 ioctl(3, 0xc0087307, 0x7ffd28d913a0) = 0
29562 ioctl(3, 0xc0087306, 0x7ffd28d91340) = 0
29562 ioctl(3, 0xc0087307, 0x7ffd28d912c0) = 0
29562 ioctl(3, 0xc0087306, 0x7ffd28d91440) = 0
29562 ioctl(3, 0xc0087307, 0x7ffd28d913c0) = 0
29562 ioctl(3, 0xc0087307, 0x7ffd28d913c0) = 0
29562 ioctl(3, 0xc0087307, 0x7ffd28d913c0) = 0
29562 ioctl(3, 0xc0087307, 0x7ffd28d91480) = 0
29562 ioctl(3, 0xc0087307, 0x7ffd28d91480) = 0
29562 ioctl(3, 0xc0087307, 0x7ffd28d91480) = 0
29562 ioctl(3, 0xc0087307, 0x7ffd28d91480) = 0
29562 ioctl(3, 0xc0087307, 0x7ffd28d91480) = 0
29562 ioctl(3, 0xc0087307, 0x7ffd28d91480) = 0
29562 ioctl(3, 0xc0087307, 0x7ffd28d91480) = 0
29562 ioctl(3, 0xc0087307, 0x7ffd28d91480) = 0
29562 ioctl(3, 0xc0087307, 0x7ffd28d91480) = 0
29562 ioctl(3, 0xc0087307, 0x7ffd28d91480) = 0
29562 ioctl(3, 0xc0087307, 0x7ffd28d91480) = 0
29562 ioctl(3, 0xc0087307, 0x7ffd28d91480) = 0
29562 ioctl(3, 0xc0087307, 0x7ffd28d91480) = 0
29562 poll([{fd=6, events=POLLIN}, {fd=3, events=POLLIN}], 2, -1 <unfinished ...>
29564 <... poll resumed> )              = 1 ([{fd=11, revents=POLLIN}])
29564 open("/dev/mic/scif", O_RDWR)     = 12
29564 ioctl(11, 0xc0087304, 0x7f93c16abd70) = 0
29564 ioctl(12, 0xc0087305, 0x7f93c16abd78) = 0
29564 poll([{fd=12, events=POLLIN}], 1, 100 <unfinished ...>
29562 <... poll resumed> )              = 1 ([{fd=3, revents=POLLIN}])
29562 ioctl(3, 0xc0087307, 0x7ffd28d91480) = 0
29562 poll([{fd=8, events=POLLIN}], 1, 10000) = 1 ([{fd=8, revents=POLLIN}])
29562 open("/dev/mic/scif", O_RDWR)     = 13
29562 ioctl(8, 0xc0087304, 0x7ffd28d914d0) = 0
29562 ioctl(13, 0xc0087305, 0x7ffd28d914d8) = 0
29562 fcntl(13, F_GETFD)                = 0
29562 fcntl(13, F_SETFD, FD_CLOEXEC)    = 0
29562 open("/dev/mic/scif", O_RDWR)     = 14
29562 fcntl(14, F_SETFD, FD_CLOEXEC)    = 0
29562 ioctl(14, 0xc0087301, 0x7ffd28d912fc) = 0
29562 open("/dev/mic/scif", O_RDWR)     = 15
29562 ioctl(15, 0xc008730e, 0x7ffd28d91240) = 0
29562 close(15)                         = 0
29562 mmap(NULL, 8392704, PROT_READ|PROT_WRITE, MAP_PRIVATE|MAP_ANONYMOUS|MAP_STACK, -1, 0) = 0x7f93c007d000
29562 mprotect(0x7f93c007d000, 4096, PROT_NONE) = 0
29562 clone(child_stack=0x7f93c087cfb0, flags=CLONE_VM|CLONE_FS|CLONE_FILES|CLONE_SIGHAND|CLONE_THREAD|CLONE_SYSVSEM|CLONE_SETTLS|CLONE_PARENT_SETTID|CLONE_CHILD_CLEARTID, parent_tidptr=0x7f93c087d9d0, tls=0x7f93c087d700, child_tidptr=0x7f93c087d9d0) = 29565
29565 set_robust_list(0x7f93c087d9e0, 0x18 <unfinished ...>
29562 open("/dev/mic/scif", O_RDWR <unfinished ...>
29565 <... set_robust_list resumed> )   = 0
29565 ioctl(14, 0x40047302 <unfinished ...>
29562 <... open resumed> )              = 15
29565 <... ioctl resumed> , 0x1)        = 0
29562 fcntl(15, F_SETFD, FD_CLOEXEC <unfinished ...>
29565 open("/dev/mic/scif", O_RDWR <unfinished ...>
29562 <... fcntl resumed> )             = 0
29562 ioctl(15, 0xc0087303 <unfinished ...>
29565 <... open resumed> )              = 16
29565 ioctl(14, 0xc0087304 <unfinished ...>
29562 <... ioctl resumed> , 0x7ffd28d91250) = 0
29565 <... ioctl resumed> , 0x7f93c087ce40) = 0
29562 futex(0x7f93c087d9d0, FUTEX_WAIT, 29565, NULL <unfinished ...>
29565 ioctl(16, 0xc0087305, 0x7f93c087ce48) = 0
29565 madvise(0x7f93c007d000, 8368128, MADV_DONTNEED) = 0
29565 _exit(0)                          = ?
29562 <... futex resumed> )             = 0
29562 close(14)                         = 0
29562 ioctl(13, 0xc0087306, 0x7ffd28d91470) = 0
29562 ioctl(13, 0xc0087307, 0x7ffd28d91380) = 0
29562 ioctl(13, 0xc0087307, 0x7ffd28d91380) = 0
29562 ioctl(13, 0xc0087307, 0x7ffd28d91380) = 0
29562 ioctl(13, 0xc0087307, 0x7ffd28d91380) = 0
29562 ioctl(13, 0xc0087307, 0x7ffd28d91380) = 0
29562 ioctl(13, 0xc0087307, 0x7ffd28d91380) = 0
29562 ioctl(13, 0xc0087307, 0x7ffd28d91380) = 0
29562 ioctl(13, 0xc0087307, 0x7ffd28d91380) = 0
29562 ioctl(13, 0xc0087307, 0x7ffd28d91380) = 0
29562 ioctl(13, 0xc0087307, 0x7ffd28d91380) = 0
29562 ioctl(13, 0xc0087307, 0x7ffd28d91380) = 0
29562 ioctl(13, 0xc0087307, 0x7ffd28d91380) = 0
29562 ioctl(13, 0xc0087307, 0x7ffd28d91380) = 0
29562 ioctl(13, 0xc0087307, 0x7ffd28d91380) = 0
29562 poll([{fd=16, events=POLLIN}, {fd=13, events=POLLIN}], 2, -1) = 1 ([{fd=13, revents=POLLIN}])
29562 ioctl(13, 0xc0087307, 0x7ffd28d91380) = 0
29562 ioctl(13, 0xc0087306, 0x7ffd28d914c0) = 0
29562 ioctl(13, 0xc0087307, 0x7ffd28d913d0) = 0
29562 open("/dev/mic/scif", O_RDWR)     = 14
29562 fcntl(14, F_SETFD, FD_CLOEXEC)    = 0
29562 fcntl(14, F_GETFD)                = 0x1 (flags FD_CLOEXEC)
29562 fcntl(14, F_SETFD, FD_CLOEXEC)    = 0
29562 ioctl(14, 0xc0087301, 0x7ffd28d9150c) = 0
29562 open("/dev/mic/scif", O_RDWR)     = 17
29562 fcntl(17, F_SETFD, FD_CLOEXEC)    = 0
29562 ioctl(17, 0xc0087301, 0x7ffd28d914ec) = 0
29562 open("/dev/mic/scif", O_RDWR)     = 18
29562 ioctl(18, 0xc008730e, 0x7ffd28d91430) = 0
29562 close(18)                         = 0
29562 clone(child_stack=0x7f93c087cfb0, flags=CLONE_VM|CLONE_FS|CLONE_FILES|CLONE_SIGHAND|CLONE_THREAD|CLONE_SYSVSEM|CLONE_SETTLS|CLONE_PARENT_SETTID|CLONE_CHILD_CLEARTID, parent_tidptr=0x7f93c087d9d0, tls=0x7f93c087d700, child_tidptr=0x7f93c087d9d0) = 29566
29566 set_robust_list(0x7f93c087d9e0, 0x18 <unfinished ...>
29562 open("/dev/mic/scif", O_RDWR <unfinished ...>
29566 <... set_robust_list resumed> )   = 0
29566 ioctl(17, 0x40047302 <unfinished ...>
29562 <... open resumed> )              = 18
29566 <... ioctl resumed> , 0x1)        = 0
29562 fcntl(18, F_SETFD, FD_CLOEXEC <unfinished ...>
29566 open("/dev/mic/scif", O_RDWR <unfinished ...>
29562 <... fcntl resumed> )             = 0
29562 ioctl(18, 0xc0087303 <unfinished ...>
29566 <... open resumed> )              = 19
29566 ioctl(17, 0xc0087304 <unfinished ...>
29562 <... ioctl resumed> , 0x7ffd28d91440) = 0
29566 <... ioctl resumed> , 0x7f93c087ce40) = 0
29562 futex(0x7f93c087d9d0, FUTEX_WAIT, 29566, NULL <unfinished ...>
29566 ioctl(19, 0xc0087305, 0x7f93c087ce48) = 0
29566 madvise(0x7f93c007d000, 8368128, MADV_DONTNEED) = 0
29566 _exit(0)                          = ?
29562 <... futex resumed> )             = 0
29562 close(17)                         = 0
29562 ioctl(14, 0xc0087303, 0x7ffd28d91500) = 0
29562 clone(child_stack=0x7f93c087cfb0, flags=CLONE_VM|CLONE_FS|CLONE_FILES|CLONE_SIGHAND|CLONE_THREAD|CLONE_SYSVSEM|CLONE_SETTLS|CLONE_PARENT_SETTID|CLONE_CHILD_CLEARTID, parent_tidptr=0x7f93c087d9d0, tls=0x7f93c087d700, child_tidptr=0x7f93c087d9d0) = 29567
29567 set_robust_list(0x7f93c087d9e0, 0x18) = 0
29562 mmap(NULL, 4096, PROT_READ|PROT_WRITE, MAP_SHARED|MAP_ANONYMOUS|MAP_NORESERVE, -1, 0 <unfinished ...>
29567 ioctl(14, 0xc0087307, 0x7f93c087cca0) = 0
29562 <... mmap resumed> )              = 0x7f93c2e98000
29567 ioctl(14, 0xc0087307 <unfinished ...>
29562 madvise(0x7f93c2e98000, 4096, 0xa /* MADV_??? */ <unfinished ...>
29567 <... ioctl resumed> , 0x7f93c087cca0) = 0
29562 <... madvise resumed> )           = 0
29567 ioctl(14, 0xc0087307, 0x7f93c087cca0) = 0
29562 ioctl(13, 0xc0087308 <unfinished ...>
29567 ioctl(14, 0xc0087307, 0x7f93c087cca0) = 0
29567 ioctl(14, 0xc0087307, 0x7f93c087cca0) = 0
29567 ioctl(14, 0xc0087307, 0x7f93c087cca0) = 0
29567 ioctl(14, 0xc0087307, 0x7f93c087cca0) = 0
29567 ioctl(14, 0xc0087307, 0x7f93c087cca0) = 0
29567 ioctl(14, 0xc0087307, 0x7f93c087cca0) = 0
29567 ioctl(14, 0xc0087307 <unfinished ...>
29562 <... ioctl resumed> , 0x7ffd28d915b0) = 0
29567 <... ioctl resumed> , 0x7f93c087cca0) = 0
29567 ioctl(14, 0xc0087307 <unfinished ...>
29562 munmap(0x7f93c2ea3000, 10404 <unfinished ...>
29567 <... ioctl resumed> , 0x7f93c087cca0) = 0
29567 ioctl(14, 0xc0087307 <unfinished ...>
29562 <... munmap resumed> )            = 0
29567 <... ioctl resumed> , 0x7f93c087cca0) = 0
29562 close(7 <unfinished ...>
29567 ioctl(14, 0xc0087307 <unfinished ...>
29562 <... close resumed> )             = 0
29567 <... ioctl resumed> , 0x7f93c087cca0) = 0
29567 poll([{fd=19, events=POLLIN}, {fd=14, events=POLLIN}], 2, -1 <unfinished ...>
29562 ioctl(13, 0xc0087306, 0x7ffd28d91df0) = 0
29562 ioctl(3, 0xc0087306, 0x7ffd28d91dd0) = 0
29562 ioctl(3, 0xc0087307, 0x7ffd28d91d00) = 0
29562 ioctl(3, 0xc0087307, 0x7ffd28d91d00) = 0
29562 ioctl(3, 0xc0087307, 0x7ffd28d91d00) = 0
29562 ioctl(3, 0xc0087307, 0x7ffd28d91d00) = 0
29562 ioctl(3, 0xc0087307, 0x7ffd28d91d00) = 0
29562 ioctl(3, 0xc0087307, 0x7ffd28d91d00) = 0
29562 ioctl(3, 0xc0087307, 0x7ffd28d91d00) = 0
29562 ioctl(3, 0xc0087307, 0x7ffd28d91d00) = 0
29562 ioctl(3, 0xc0087307, 0x7ffd28d91d00) = 0
29562 ioctl(3, 0xc0087307, 0x7ffd28d91d00) = 0
29562 ioctl(3, 0xc0087307, 0x7ffd28d91d00) = 0
29562 ioctl(3, 0xc0087307, 0x7ffd28d91d00) = 0
29562 ioctl(3, 0xc0087307, 0x7ffd28d91d00) = 0
29562 ioctl(3, 0xc0087307, 0x7ffd28d91d00) = 0
29562 poll([{fd=6, events=POLLIN}, {fd=3, events=POLLIN}], 2, -1 <unfinished ...>
29567 <... poll resumed> )              = 1 ([{fd=14, revents=POLLIN}])
29567 ioctl(14, 0xc0087307, 0x7f93c087cca0) = 0
29567 madvise(0x7f93c007d000, 8368128, MADV_DONTNEED) = 0
29567 _exit(0)                          = ?
29564 <... poll resumed> )              = 1 ([{fd=12, revents=POLLIN}])
29564 ioctl(12, 0xc0087307, 0x7f93c16abd80) = 0
29564 ioctl(12, 0xc0087307, 0x7f93c16abd80) = 0
29564 write(1, "Hello World!\n", 13)    = 13
29564 ioctl(12, 0xc0087306, 0x7f93c16abd80) = 0
29564 poll([{fd=12, events=POLLIN}], 1, 100) = 0 (Timeout)
29564 poll([{fd=12, events=POLLIN}], 1, 100) = 0 (Timeout)
29564 poll([{fd=12, events=POLLIN}], 1, 100) = 0 (Timeout)
29564 poll([{fd=12, events=POLLIN}], 1, 100) = 0 (Timeout)
29564 poll([{fd=12, events=POLLIN}], 1, 100) = 0 (Timeout)
29564 poll([{fd=12, events=POLLIN}], 1, 100) = 0 (Timeout)
29564 poll([{fd=12, events=POLLIN}], 1, 100) = 0 (Timeout)
29564 poll([{fd=12, events=POLLIN}], 1, 100) = 0 (Timeout)
29564 poll([{fd=12, events=POLLIN}], 1, 100) = 0 (Timeout)
29564 poll([{fd=12, events=POLLIN}], 1, 100) = 0 (Timeout)
29564 poll([{fd=12, events=POLLIN}], 1, 100) = 0 (Timeout)
29564 poll([{fd=12, events=POLLIN}], 1, 100) = 1 ([{fd=12, revents=POLLHUP}])
29564 ioctl(12, 0xc0087307, 0x7f93c16abd80) = -1 ECONNRESET (Connection reset by peer)
29564 madvise(0x7f93c0ead000, 8368128, MADV_DONTNEED) = 0
29564 _exit(0)                          = ?
29562 <... poll resumed> )              = 1 ([{fd=3, revents=POLLIN}])
29562 ioctl(3, 0xc0087307, 0x7ffd28d91d00) = 0
29562 ioctl(18, 0xc0087306, 0x7ffd28d91e30) = 0
29562 ioctl(13, 0xc0087309, 0x7ffd28d91e60) = -1 ECONNRESET (Connection reset by peer)
29562 munmap(0x7f93c2e98000, 4096)      = 0
29562 close(8)                          = 0
29562 close(16)                         = 0
29562 close(15)                         = 0
29562 close(13)                         = 0
29562 close(12)                         = 0
29562 close(11)                         = 0
29562 close(10)                         = 0
29562 close(19)                         = 0
29562 close(18)                         = 0
29562 close(14)                         = 0
29562 close(9)                          = 0
29562 fstat(1, {st_mode=S_IFCHR|0620, st_rdev=makedev(136, 0), ...}) = 0
29562 mmap(NULL, 4096, PROT_READ|PROT_WRITE, MAP_PRIVATE|MAP_ANONYMOUS, -1, 0) = 0x7f93c2ea5000
29562 write(1, "\n", 1)                 = 1
29562 ioctl(3, 0xc0087309, 0x7ffd28d91df0) = 0
29562 munmap(0x7f93c2ea2000, 4096)      = 0
29562 ioctl(3, 0xc0087309, 0x7ffd28d91df0) = 0
29562 munmap(0x7f93c2e99000, 36864)     = 0
29562 close(6)                          = 0
29562 close(5)                          = 0
29562 close(3)                          = 0
29562 exit_group(0)                     = ?
