2131  open("/etc/ld.so.cache", O_RDONLY) = 3
2131  close(3)                          = 0
2131  close(3)                          = 0
2131  open("/usr/lib64/libscif.so.0", O_RDONLY) = 3
2131  close(3)                          = 0
2131  open("/usr/lib/libprotobuf-c.so.0", O_RDONLY) = 3
2131  close(3)                          = 0
2131  open("/lib/x86_64-linux-gnu/libc.so.6", O_RDONLY) = 3
2131  close(3)                          = 0
2131  open("/dev/mic/scif", O_RDWR)     = 3
2131  ioctl(3, STL_BRESET, 0x7ffd0951eaa8) = 1
2131  close(3)                          = 0
2132  open("/dev/mic/scif", O_RDWR)     = 6
2132  ioctl(6, 0xc008730e, 0x7f9b6995fcb0) = 0
2132  close(6)                          = 0
2132  open("/dev/mic/scif", O_RDWR)     = 6
2132  fcntl(6, F_SETFD, FD_CLOEXEC)     = 0
2132  ioctl(6, 0xc0087301, 0x7f9b6995fcdc) = 0
2132  open("/dev/mic/scif", O_RDWR)     = 7
2132  fcntl(7, F_SETFD, FD_CLOEXEC)     = 0
2132  ioctl(7, 0xc0087301, 0x7f9b6995fcdc) = 0
2132  open("/dev/mic/scif", O_RDWR)     = 8
2132  ioctl(8, 0xc008730e, 0x7f9b6995fcb0) = 0
2132  close(8)                          = 0
2132  open("/dev/mic/scif", O_RDWR)     = 8
2132  fcntl(8, F_SETFD, FD_CLOEXEC)     = 0
2132  ioctl(8, 0xc0087303, 0x7f9b6995fcc0) = -1 ECONNREFUSED (Connection refused)
2133  ioctl(7, 0x40047302, 0x1)         = 0
2132  ioctl(8, 0xc0087303 <unfinished ...>
2133  open("/dev/mic/scif", O_RDWR)     = 10
2133  ioctl(7, 0xc0087304 <unfinished ...>
2132  <... ioctl resumed> , 0x7f9b6995fcc0) = 0
2133  <... ioctl resumed> , 0x7f9b6915eca0) = 0
2133  ioctl(10, 0xc0087305, 0x7f9b6915eca8) = 0
2132  close(7)                          = 0
2132  ioctl(6, 0xc0087303, 0x7f9b6995fcc0) = 0
2132  open("/dev/mic/scif", O_RDWR)     = 7
2132  fcntl(7, F_SETFD, FD_CLOEXEC)     = 0
2132  ioctl(7, 0xc0087303, 0x7f9b6995fcc0) = 0
2132  ioctl(7, 0xc0087306, 0x7f9b6995fcb0) = 0
2132  ioctl(7, 0xc0087307, 0x7f9b6995fca0) = 0
2132  close(7)                          = 0
2132  ioctl(6, 0xc0087306, 0x7f9b6995fcb0) = 0
2132  ioctl(6, 0xc0087307, 0x7f9b6995fca0) = 0
2132  open("/dev/mic/scif", O_RDWR)     = 7
2132  fcntl(7, F_SETFD, FD_CLOEXEC)     = 0
2132  ioctl(7, 0xc0087301, 0x7f9b6995fcdc) = 0
2132  ioctl(7, 0x40047302, 0x1)         = 0
2132  open("/dev/mic/scif", O_RDWR)     = 11
2132  fcntl(11, F_SETFD, FD_CLOEXEC)    = 0
2132  ioctl(11, 0xc0087301, 0x7f9b6995fcdc) = 0
2132  ioctl(11, 0x40047302, 0x1)        = 0
2132  open("/dev/mic/scif", O_RDWR)     = 12
2132  ioctl(12, 0xc008730e, 0x7f9b6995fcb0) = 0
2132  close(12)                         = 0
2132  open("/dev/mic/scif", O_RDWR)     = 12
2132  fcntl(12, F_SETFD, FD_CLOEXEC)    = 0
2132  ioctl(12, 0xc0087301, 0x7f9b6995fcdc) = 0
2132  ioctl(12, 0x40047302, 0x1)        = 0
2132  open("/dev/mic/scif", O_RDWR)     = 13
2132  ioctl(13, 0xc008730e, 0x7f9b6995fcb0) = 0
2132  close(13)                         = 0
2132  <... mmap resumed> )              = 0x7f9b6a537000
2132  ioctl(6, 0xc0087308 <unfinished ...>
2132  <... ioctl resumed> , 0x7f9b6995fc90) = 0
2132  ioctl(6, 0xc0087306, 0x7f9b6995fcb0) = 0
2132  ioctl(6, 0xc0087308, 0x7f9b6995fc90) = 0
2132  ioctl(6, 0xc0087307, 0x7f9b6995fca0) = 0
2132  ioctl(6, 0xc0087306, 0x7f9b6995fcb0) = 0
2132  ioctl(6, 0xc008730b, 0x7f9b6995fc90) = 0
2132  ioctl(6, 0xc0087311, 0x7f9b6995fc90) = 0
2132  ioctl(6, 0xc008730f, 0x7f9b6995fcc0) = 0
2132  ioctl(6, 0xc0047310, 0x93)        = 0
2132  ioctl(6, 0xc0087306, 0x7f9b6995fcb0) = 0
2132  ioctl(6, 0xc0087307, 0x7f9b6995fca0) = 0
2132  ioctl(6, 0xc0087306, 0x7f9b6995fcb0) = 0
2132  ioctl(6, 0xc0087306, 0x7f9b6995fcb0) = 0
2132  ioctl(6, 0xc0087306, 0x7f9b6995fcb0) = 0
2132  ioctl(6, 0xc0087307, 0x7f9b6995fca0) = 0
2132  ioctl(6, 0xc0087307, 0x7f9b6995fca0) = 0
2132  ioctl(6, 0xc0087307, 0x7f9b6995fca0) = 0
2132  ioctl(6, 0xc0087307, 0x7f9b6995fca0) = 0
2132  ioctl(6, 0xc0087307, 0x7f9b6995fca0) = 0
2132  ioctl(6, 0xc0087307, 0x7f9b6995fca0) = 0
2132  ioctl(6, 0xc0087307, 0x7f9b6995fca0) = 0
2132  close(4)                          = 0
2131  --- SIGINT (Interrupt) @ 0 (0) ---
2133  +++ killed by SIGINT +++
