autoscan: warning: missing AC_CHECK_FUNCS([gethostbyname]) wanted by: 
	src/client.c:41
	src/client_proto_example.c:85
	src/demo/client.c:82
	src/demo/client_proto_example.c:85
autoscan: warning: missing AC_CHECK_FUNCS([memset]) wanted by: 
	src/server.c:42
	src/demo/server_protobuf.c:82
	src/demo/server.c:82
autoscan: warning: missing AC_CHECK_FUNCS([munmap]) wanted by: 
	src/libscifapiwrapper.c:262
	src/scif_api/scif_api.c:265
autoscan: warning: missing AC_CHECK_FUNCS([socket]) wanted by: 
	src/client.c:34
	src/client_proto_example.c:78
	src/server.c:35
	src/demo/client.c:75
	src/demo/client_proto_example.c:78
	src/demo/server_protobuf.c:75
	src/demo/server.c:75
autoscan: warning: missing AC_CHECK_HEADERS([arpa/inet.h]) wanted by: 
	src/client.c:21
	src/process.c:21
	src/communication.c:17
	src/client_proto_example.c:21
	src/common.c:21
	src/server.c:21
	src/demo/client.c:21
	src/demo/client_proto_example.c:21
	src/demo/server_protobuf.c:22
	src/demo/server.c:22
autoscan: warning: missing AC_CHECK_HEADERS([fcntl.h]) wanted by: 
	src/libscifapiwrapper.c:5
	src/scif_api/scif_api.c:40
autoscan: warning: missing AC_CHECK_HEADERS([netdb.h]) wanted by: 
	src/client.c:15
	src/process.c:15
	src/communication.c:14
	src/client_proto_example.c:15
	src/common.c:15
	src/server.c:15
	src/demo/client.c:15
	src/demo/client_proto_example.c:15
	src/demo/server_protobuf.c:15
	src/demo/server.c:15
autoscan: warning: missing AC_CHECK_HEADERS([netinet/in.h]) wanted by: 
	src/client.c:22
	src/process.c:22
	src/communication.c:18
	src/client_proto_example.c:22
	src/common.c:22
	src/server.c:22
	src/demo/client.c:22
	src/demo/client_proto_example.c:22
	src/demo/server_protobuf.c:23
	src/demo/server.c:23
autoscan: warning: missing AC_CHECK_HEADERS([stdint.h]) wanted by: 
	src/common.h:1
	src/libscifapiwrapper.c:3
	src/libscifapiwrapper.c:11
	src/scif_api/scif.h:44
	src/scif_api/scif_api.c:38
	src/scif_api/scif_api.c:46
autoscan: warning: missing AC_CHECK_HEADERS([stdlib.h]) wanted by: 
	src/client.c:12
	src/process.c:12
	src/communication.c:12
	src/common.h:2
	src/libscifapiwrapper.c:2
	src/client_proto_example.c:12
	src/common.c:12
	src/server.c:12
	src/demo/client.c:12
	src/demo/client_proto_example.c:12
	src/demo/server_protobuf.c:12
	src/demo/server.c:12
	src/protobuf/example/proto_example.c:2
	src/protobuf/example/example_deserializer.c:2
	src/scif_api/scif_api.c:37
autoscan: warning: missing AC_CHECK_HEADERS([string.h]) wanted by: 
	src/client.c:11
	src/process.c:11
	src/communication.c:11
	src/client_proto_example.c:11
	src/common.c:11
	src/server.c:11
	src/demo/client.c:11
	src/demo/client_proto_example.c:11
	src/demo/server_protobuf.c:11
	src/demo/server.c:11
autoscan: warning: missing AC_CHECK_HEADERS([sys/ioctl.h]) wanted by: 
	src/libscifapiwrapper.c:6
	src/scif_api/scif_api.c:41
autoscan: warning: missing AC_CHECK_HEADERS([sys/socket.h]) wanted by: 
	src/client.c:19
	src/process.c:19
	src/client_proto_example.c:19
	src/common.c:19
	src/server.c:19
	src/demo/client.c:19
	src/demo/client_proto_example.c:19
	src/demo/server_protobuf.c:20
	src/demo/server.c:20
autoscan: warning: missing AC_CHECK_HEADERS([sys/time.h]) wanted by: 
	src/client.c:17
	src/process.c:17
	src/client_proto_example.c:17
	src/common.c:17
	src/server.c:17
	src/demo/client.c:17
	src/demo/client_proto_example.c:17
	src/demo/server_protobuf.c:18
	src/demo/server.c:18
autoscan: warning: missing AC_CHECK_HEADERS([unistd.h]) wanted by: 
	src/client.c:14
	src/process.c:14
	src/communication.c:13
	src/libscifapiwrapper.c:4
	src/client_proto_example.c:14
	src/common.c:14
	src/server.c:14
	src/demo/client.c:14
	src/demo/client_proto_example.c:14
	src/demo/server_protobuf.c:14
	src/demo/server.c:14
	src/scif_api/scif.h:45
	src/scif_api/scif_api.c:39
autoscan: warning: missing AC_C_INLINE wanted by: 
	src/scif_api/scif.h:1447
autoscan: warning: missing AC_FUNC_MALLOC wanted by: 
	src/client_proto_example.c:111
	src/common.c:58
	src/demo/client.c:103
	src/demo/client_proto_example.c:111
	src/demo/server.c:70
	src/protobuf/example/proto_example.c:21
autoscan: warning: missing AC_FUNC_MMAP wanted by: 
	src/libscifapiwrapper.c:255
	src/scif_api/scif_api.c:258
autoscan: warning: missing AC_FUNC_REALLOC wanted by: 
	src/communication.c:111
autoscan: warning: missing AC_TYPE_INT32_T wanted by: 
	src/demo/amessage.pb-c.h:29
	src/demo/amessage.pb-c.h:31
	src/protobuf/example/amessage.pb-c.h:29
	src/protobuf/example/amessage.pb-c.h:31
autoscan: warning: missing AC_TYPE_INT64_T wanted by: 
	src/common.pb-c.h:36
	src/protobuf/common.pb-c.h:33
autoscan: warning: missing AC_TYPE_OFF_T wanted by: 
	src/libscifapiwrapper.c:226
	src/libscifapiwrapper.c:227
	src/libscifapiwrapper.c:241
	src/libscifapiwrapper.c:253
	src/libscifapiwrapper.c:267
	src/libscifapiwrapper.c:267
	src/libscifapiwrapper.c:279
	src/libscifapiwrapper.c:279
	src/libscifapiwrapper.c:291
	src/libscifapiwrapper.c:303
	src/libscifapiwrapper.c:336
	src/libscifapiwrapper.c:337
	src/scif_api/scif.h:728
	src/scif_api/scif.h:728
	src/scif_api/scif.h:785
	src/scif_api/scif.h:891
	src/scif_api/scif.h:1003
	src/scif_api/scif.h:1003
	src/scif_api/scif.h:1089
	src/scif_api/scif.h:1089
	src/scif_api/scif.h:1179
	src/scif_api/scif.h:1269
	src/scif_api/scif.h:1406
	src/scif_api/scif.h:1406
	src/scif_api/scif_api.c:229
	src/scif_api/scif_api.c:230
	src/scif_api/scif_api.c:244
	src/scif_api/scif_api.c:256
	src/scif_api/scif_api.c:270
	src/scif_api/scif_api.c:270
	src/scif_api/scif_api.c:282
	src/scif_api/scif_api.c:282
	src/scif_api/scif_api.c:294
	src/scif_api/scif_api.c:306
	src/scif_api/scif_api.c:339
	src/scif_api/scif_api.c:340
autoscan: warning: missing AC_TYPE_SIZE_T wanted by: 
	src/client.c:80
	src/client.c:83
	src/client.c:101
	src/process.c:33
	src/process.c:205
	src/common.pb-c.c:16
	src/common.pb-c.c:22
	src/common.pb-c.c:29
	src/common.pb-c.c:39
	src/common.pb-c.c:59
	src/common.pb-c.c:65
	src/common.pb-c.c:72
	src/common.pb-c.c:82
	src/common.pb-c.c:102
	src/common.pb-c.c:108
	src/common.pb-c.c:115
	src/common.pb-c.c:125
	src/communication.c:25
	src/communication.c:26
	src/communication.c:92
	src/communication.c:122
	src/communication.c:125
	src/communication.c:137
	src/communication.c:140
	src/common.h:16
	src/common.h:17
	src/client.h:13
	src/libscifapiwrapper.c:227
	src/libscifapiwrapper.c:241
	src/libscifapiwrapper.c:253
	src/libscifapiwrapper.c:260
	src/libscifapiwrapper.c:267
	src/libscifapiwrapper.c:279
	src/libscifapiwrapper.c:291
	src/libscifapiwrapper.c:303
	src/client_proto_example.c:28
	src/client_proto_example.c:31
	src/client_proto_example.c:43
	src/client_proto_example.c:46
	src/common.c:53
	src/common.pb-c.h:31
	src/common.pb-c.h:33
	src/common.pb-c.h:35
	src/common.pb-c.h:37
	src/common.pb-c.h:39
	src/common.pb-c.h:41
	src/common.pb-c.h:76
	src/common.pb-c.h:78
	src/common.pb-c.h:81
	src/common.pb-c.h:87
	src/common.pb-c.h:95
	src/common.pb-c.h:97
	src/common.pb-c.h:100
	src/common.pb-c.h:106
	src/common.pb-c.h:114
	src/common.pb-c.h:116
	src/common.pb-c.h:119
	src/common.pb-c.h:125
	src/demo/client.c:27
	src/demo/client.c:30
	src/demo/client.c:42
	src/demo/client.c:45
	src/demo/client_proto_example.c:28
	src/demo/client_proto_example.c:31
	src/demo/client_proto_example.c:43
	src/demo/client_proto_example.c:46
	src/demo/amessage.pb-c.h:41
	src/demo/amessage.pb-c.h:43
	src/demo/amessage.pb-c.h:46
	src/demo/amessage.pb-c.h:52
	src/demo/server_protobuf.c:30
	src/demo/server_protobuf.c:33
	src/demo/server_protobuf.c:46
	src/demo/server_protobuf.c:49
	src/demo/server_protobuf.c:116
	src/demo/server.c:28
	src/demo/server.c:31
	src/demo/server.c:44
	src/demo/server.c:47
	src/demo/amessage.pb-c.c:16
	src/demo/amessage.pb-c.c:22
	src/demo/amessage.pb-c.c:29
	src/demo/amessage.pb-c.c:39
	src/drivers/dev_driver.c:19
	src/protobuf/common.pb-c.c:16
	src/protobuf/common.pb-c.c:22
	src/protobuf/common.pb-c.c:29
	src/protobuf/common.pb-c.c:39
	src/protobuf/common.pb-c.c:59
	src/protobuf/common.pb-c.c:65
	src/protobuf/common.pb-c.c:72
	src/protobuf/common.pb-c.c:82
	src/protobuf/common.pb-c.h:32
	src/protobuf/common.pb-c.h:34
	src/protobuf/common.pb-c.h:36
	src/protobuf/common.pb-c.h:38
	src/protobuf/common.pb-c.h:60
	src/protobuf/common.pb-c.h:62
	src/protobuf/common.pb-c.h:65
	src/protobuf/common.pb-c.h:71
	src/protobuf/common.pb-c.h:79
	src/protobuf/common.pb-c.h:81
	src/protobuf/common.pb-c.h:84
	src/protobuf/common.pb-c.h:90
	src/protobuf/example/amessage.pb-c.h:41
	src/protobuf/example/amessage.pb-c.h:43
	src/protobuf/example/amessage.pb-c.h:46
	src/protobuf/example/amessage.pb-c.h:52
	src/protobuf/example/example_deserializer.c:6
	src/protobuf/example/example_deserializer.c:9
	src/protobuf/example/example_deserializer.c:10
	src/protobuf/example/example_deserializer.c:30
	src/protobuf/example/amessage.pb-c.c:16
	src/protobuf/example/amessage.pb-c.c:22
	src/protobuf/example/amessage.pb-c.c:29
	src/protobuf/example/amessage.pb-c.c:39
	src/scif_api/scif.h:728
	src/scif_api/scif.h:785
	src/scif_api/scif.h:890
	src/scif_api/scif.h:918
	src/scif_api/scif.h:1003
	src/scif_api/scif.h:1089
	src/scif_api/scif.h:1179
	src/scif_api/scif.h:1269
	src/scif_api/scif_api.c:230
	src/scif_api/scif_api.c:244
	src/scif_api/scif_api.c:256
	src/scif_api/scif_api.c:263
	src/scif_api/scif_api.c:270
	src/scif_api/scif_api.c:282
	src/scif_api/scif_api.c:294
	src/scif_api/scif_api.c:306
autoscan: warning: missing AC_TYPE_SSIZE_T wanted by: 
	src/communication.c:92
	src/communication.c:122
	src/communication.c:124
	src/communication.c:137
	src/communication.c:139
	src/client_proto_example.c:28
	src/client_proto_example.c:30
	src/client_proto_example.c:43
	src/client_proto_example.c:45
	src/client_proto_example.c:62
	src/demo/client.c:27
	src/demo/client.c:29
	src/demo/client.c:42
	src/demo/client.c:44
	src/demo/client.c:61
	src/demo/client_proto_example.c:28
	src/demo/client_proto_example.c:30
	src/demo/client_proto_example.c:43
	src/demo/client_proto_example.c:45
	src/demo/client_proto_example.c:62
	src/demo/server_protobuf.c:30
	src/demo/server_protobuf.c:32
	src/demo/server_protobuf.c:46
	src/demo/server_protobuf.c:48
	src/demo/server_protobuf.c:67
	src/demo/server.c:28
	src/demo/server.c:30
	src/demo/server.c:44
	src/demo/server.c:46
	src/demo/server.c:66
	src/drivers/dev_driver.c:12
	src/drivers/dev_driver.c:18
autoscan: warning: missing AC_TYPE_UINT16_T wanted by: 
	src/libscifapiwrapper.c:122
	src/libscifapiwrapper.c:351
	src/libscifapiwrapper.c:351
	src/scif_api/scif.h:229
	src/scif_api/scif.h:230
	src/scif_api/scif.h:290
	src/scif_api/scif.h:1434
	src/scif_api/scif.h:1434
	src/scif_api/scif_api.c:125
	src/scif_api/scif_api.c:354
	src/scif_api/scif_api.c:354
autoscan: warning: missing AC_TYPE_UINT32_T wanted by: 
	src/communication.c:27
	src/communication.c:56
	src/communication.c:98
	src/communication.c:100
	src/communication.c:103
	src/communication.c:106
	src/communication.c:108
	src/common.pb-c.h:32
	src/common.pb-c.h:34
	src/common.pb-c.h:63
	src/common.pb-c.h:65
	src/server.c:69
	src/protobuf/common.pb-c.h:30
	src/protobuf/common.pb-c.h:31
autoscan: warning: missing AC_TYPE_UINT64_T wanted by: 
	src/client.c:122
	src/client.c:123
	src/client.c:124
	src/process.c:31
	src/libscifapiwrapper.c:336
	src/libscifapiwrapper.c:337
	src/common.pb-c.h:38
	src/protobuf/common.pb-c.h:35
	src/scif_api/scif.h:1406
	src/scif_api/scif.h:1407
	src/scif_api/scif_api.c:339
	src/scif_api/scif_api.c:340
autoscan: warning: missing AC_TYPE_UINT8_T wanted by: 
	src/common.pb-c.c:24
	src/common.pb-c.c:40
	src/common.pb-c.c:67
	src/common.pb-c.c:83
	src/common.pb-c.c:110
	src/common.pb-c.c:126
	src/communication.c:61
	src/libscifapiwrapper.c:44
	src/common.pb-c.h:80
	src/common.pb-c.h:88
	src/common.pb-c.h:99
	src/common.pb-c.h:107
	src/common.pb-c.h:118
	src/common.pb-c.h:126
	src/demo/amessage.pb-c.h:45
	src/demo/amessage.pb-c.h:53
	src/demo/server_protobuf.c:115
	src/demo/amessage.pb-c.c:24
	src/demo/amessage.pb-c.c:40
	src/protobuf/common.pb-c.c:24
	src/protobuf/common.pb-c.c:40
	src/protobuf/common.pb-c.c:67
	src/protobuf/common.pb-c.c:83
	src/protobuf/common.pb-c.h:64
	src/protobuf/common.pb-c.h:72
	src/protobuf/common.pb-c.h:83
	src/protobuf/common.pb-c.h:91
	src/protobuf/example/amessage.pb-c.h:45
	src/protobuf/example/amessage.pb-c.h:53
	src/protobuf/example/example_deserializer.c:7
	src/protobuf/example/example_deserializer.c:29
	src/protobuf/example/amessage.pb-c.c:24
	src/protobuf/example/amessage.pb-c.c:40
	src/scif_api/scif_api.c:75
