Making all in src
make[1]: Entering directory '/home/fertakis/repos/remotePhiExec/src'
protoc-c --proto_path=. --c_out=. ./common.proto
[libprotobuf WARNING google/protobuf/compiler/parser.cc:546] No syntax specified for the proto file: common.proto. Please use 'syntax = "proto2";' or 'syntax = "proto3";' to specify a syntax version. (Defaulted to proto2 syntax.)
make  all-am
make[2]: Entering directory '/home/fertakis/repos/remotePhiExec/src'
gcc -DPACKAGE_NAME=\"remotephiexec\" -DPACKAGE_TARNAME=\"remotephiexec\" -DPACKAGE_VERSION=\"0.1.0\" -DPACKAGE_STRING=\"remotephiexec\ 0.1.0\" -DPACKAGE_BUGREPORT=\"\" -DPACKAGE_URL=\"\" -DPACKAGE=\"remotephiexec\" -DVERSION=\"0.1.0\" -DHAVE_LIBPROTOBUF_C=1 -I.    -I -L/usr/lib -L/usr/include/ -I. -I/usr/include/google -L/lib -I/include  -I. -g -MT server.o -MD -MP -MF .deps/server.Tpo -c -o server.o server.c
mv -f .deps/server.Tpo .deps/server.Po
gcc -DPACKAGE_NAME=\"remotephiexec\" -DPACKAGE_TARNAME=\"remotephiexec\" -DPACKAGE_VERSION=\"0.1.0\" -DPACKAGE_STRING=\"remotephiexec\ 0.1.0\" -DPACKAGE_BUGREPORT=\"\" -DPACKAGE_URL=\"\" -DPACKAGE=\"remotephiexec\" -DVERSION=\"0.1.0\" -DHAVE_LIBPROTOBUF_C=1 -I.    -I -L/usr/lib -L/usr/include/ -I. -I/usr/include/google -L/lib -I/include  -I. -g -MT process.o -MD -MP -MF .deps/process.Tpo -c -o process.o process.c
process.c: In function ‘process_phi_cmd’:
process.c:38:9: warning: cast from pointer to integer of different size [-Wpointer-to-int-cast]
  switch((int)cmd->type) {
         ^
process.c:41:14: warning: implicit declaration of function ‘scif_get_driver_version’ [-Wimplicit-function-declaration]
    int_res = scif_get_driver_version();
              ^
process.c:156:15: warning: implicit declaration of function ‘malloc_safe’ [-Wimplicit-function-declaration]
  res = (var *)malloc_safe(sizeof(var));
               ^
process.c:156:8: warning: cast to pointer from integer of different size [-Wint-to-pointer-cast]
  res = (var *)malloc_safe(sizeof(var));
        ^
process.c:165:12: warning: assignment makes pointer from integer without a cast [-Wint-conversion]
  res->data = malloc_safe(res->length);
            ^
process.c: In function ‘pack_phi_cmd’:
process.c:213:6: warning: assignment makes pointer from integer without a cast [-Wint-conversion]
  cmd = malloc_safe(sizeof(PhiCmd));
      ^
process.c:216:12: warning: assignment makes pointer from integer without a cast [-Wint-conversion]
  cmd->type = type;
            ^
process.c:217:17: warning: assignment makes pointer from integer without a cast [-Wint-conversion]
  cmd->arg_count = arg_count;
                 ^
process.c:236:21: warning: assignment makes pointer from integer without a cast [-Wint-conversion]
     cmd->extra_args = malloc_safe(sizeof(*(cmd->extra_args)) * cmd->n_extra_args);
                     ^
mv -f .deps/process.Tpo .deps/process.Po
gcc -DPACKAGE_NAME=\"remotephiexec\" -DPACKAGE_TARNAME=\"remotephiexec\" -DPACKAGE_VERSION=\"0.1.0\" -DPACKAGE_STRING=\"remotephiexec\ 0.1.0\" -DPACKAGE_BUGREPORT=\"\" -DPACKAGE_URL=\"\" -DPACKAGE=\"remotephiexec\" -DVERSION=\"0.1.0\" -DHAVE_LIBPROTOBUF_C=1 -I.    -I -L/usr/lib -L/usr/include/ -I. -I/usr/include/google -L/lib -I/include  -I. -g -MT common.o -MD -MP -MF .deps/common.Tpo -c -o common.o common.c
mv -f .deps/common.Tpo .deps/common.Po
gcc -DPACKAGE_NAME=\"remotephiexec\" -DPACKAGE_TARNAME=\"remotephiexec\" -DPACKAGE_VERSION=\"0.1.0\" -DPACKAGE_STRING=\"remotephiexec\ 0.1.0\" -DPACKAGE_BUGREPORT=\"\" -DPACKAGE_URL=\"\" -DPACKAGE=\"remotephiexec\" -DVERSION=\"0.1.0\" -DHAVE_LIBPROTOBUF_C=1 -I.    -I -L/usr/lib -L/usr/include/ -I. -I/usr/include/google -L/lib -I/include  -I. -g -MT protocol.o -MD -MP -MF .deps/protocol.Tpo -c -o protocol.o protocol.c
protocol.c: In function ‘serialise_message’:
protocol.c:62:2: warning: implicit declaration of function ‘gdprintf’ [-Wimplicit-function-declaration]
  gdprintf("Encoding message data...\n");
  ^
protocol.c:73:15: warning: implicit declaration of function ‘malloc_safe’ [-Wimplicit-function-declaration]
  msg_buffer = malloc_safe(msg_length);
               ^
protocol.c:73:13: warning: assignment makes pointer from integer without a cast [-Wint-conversion]
  msg_buffer = malloc_safe(msg_length);
             ^
protocol.c:78:9: warning: assignment makes pointer from integer without a cast [-Wint-conversion]
  buffer = malloc_safe(buf_size);
         ^
protocol.c: In function ‘receive_message’:
protocol.c:134:6: warning: assignment makes pointer from integer without a cast [-Wint-conversion]
  buf = malloc_safe(sizeof(uint32_t));
      ^
mv -f .deps/protocol.Tpo .deps/protocol.Po
gcc -I -L/usr/lib -L/usr/include/ -I. -I/usr/include/google -L/lib -I/include  -I. -g  -L/usr/lib -o server server.o process.o common.o protocol.o   -lscif -lprotobuf-c 
process.o: In function `process_phi_cmd':
/home/fertakis/repos/remotePhiExec/src/process.c:41: undefined reference to `scif_get_driver_version'
/home/fertakis/repos/remotePhiExec/src/process.c:156: undefined reference to `malloc_safe'
/home/fertakis/repos/remotePhiExec/src/process.c:165: undefined reference to `malloc_safe'
process.o: In function `pack_phi_cmd':
/home/fertakis/repos/remotePhiExec/src/process.c:213: undefined reference to `malloc_safe'
/home/fertakis/repos/remotePhiExec/src/process.c:214: undefined reference to `phi_cmd__init'
/home/fertakis/repos/remotePhiExec/src/process.c:236: undefined reference to `malloc_safe'
protocol.o: In function `serialise_message':
/home/fertakis/repos/remotePhiExec/src/protocol.c:59: undefined reference to `cookie__descriptor'
/home/fertakis/repos/remotePhiExec/src/protocol.c:62: undefined reference to `gdprintf'
/home/fertakis/repos/remotePhiExec/src/protocol.c:72: undefined reference to `cookie__get_packed_size'
/home/fertakis/repos/remotePhiExec/src/protocol.c:73: undefined reference to `malloc_safe'
/home/fertakis/repos/remotePhiExec/src/protocol.c:74: undefined reference to `cookie__pack'
/home/fertakis/repos/remotePhiExec/src/protocol.c:78: undefined reference to `malloc_safe'
protocol.o: In function `deserialise_message':
/home/fertakis/repos/remotePhiExec/src/protocol.c:92: undefined reference to `cookie__unpack'
protocol.o: In function `free_deserialised_message':
/home/fertakis/repos/remotePhiExec/src/protocol.c:120: undefined reference to `cookie__free_unpacked'
protocol.o: In function `receive_message':
/home/fertakis/repos/remotePhiExec/src/protocol.c:134: undefined reference to `malloc_safe'
collect2: error: ld returned 1 exit status
Makefile:358: recipe for target 'server' failed
make[2]: *** [server] Error 1
make[2]: Leaving directory '/home/fertakis/repos/remotePhiExec/src'
Makefile:277: recipe for target 'all' failed
make[1]: *** [all] Error 2
make[1]: Leaving directory '/home/fertakis/repos/remotePhiExec/src'
Makefile:392: recipe for target 'all-recursive' failed
make: *** [all-recursive] Error 1

