execve("/usr/bin/micnativeloadex", ["micnativeloadex", "helloWorld"], [/* 27 vars */]) = 0
brk(0)                                  = 0x1d78000
access("/etc/ld.so.nohwcap", F_OK)      = -1 ENOENT (No such file or directory)
mmap(NULL, 8192, PROT_READ|PROT_WRITE, MAP_PRIVATE|MAP_ANONYMOUS, -1, 0) = 0x7f5cce33f000
access("/etc/ld.so.preload", R_OK)      = -1 ENOENT (No such file or directory)
open("/etc/ld.so.cache", O_RDONLY)      = 3
fstat(3, {st_mode=S_IFREG|0644, st_size=38370, ...}) = 0
mmap(NULL, 38370, PROT_READ, MAP_PRIVATE, 3, 0) = 0x7f5cce335000
close(3)                                = 0
access("/etc/ld.so.nohwcap", F_OK)      = -1 ENOENT (No such file or directory)
open("/lib/x86_64-linux-gnu/libdl.so.2", O_RDONLY) = 3
read(3, "\177ELF\2\1\1\0\0\0\0\0\0\0\0\0\3\0>\0\1\0\0\0\340\r\0\0\0\0\0\0"..., 832) = 832
fstat(3, {st_mode=S_IFREG|0644, st_size=14768, ...}) = 0
mmap(NULL, 2109696, PROT_READ|PROT_EXEC, MAP_PRIVATE|MAP_DENYWRITE, 3, 0) = 0x7f5ccdf1e000
mprotect(0x7f5ccdf20000, 2097152, PROT_NONE) = 0
mmap(0x7f5cce120000, 8192, PROT_READ|PROT_WRITE, MAP_PRIVATE|MAP_FIXED|MAP_DENYWRITE, 3, 0x2000) = 0x7f5cce120000
close(3)                                = 0
access("/etc/ld.so.nohwcap", F_OK)      = -1 ENOENT (No such file or directory)
open("/lib/x86_64-linux-gnu/librt.so.1", O_RDONLY) = 3
read(3, "\177ELF\2\1\1\0\0\0\0\0\0\0\0\0\3\0>\0\1\0\0\0\220!\0\0\0\0\0\0"..., 832) = 832
fstat(3, {st_mode=S_IFREG|0644, st_size=31744, ...}) = 0
mmap(NULL, 2128856, PROT_READ|PROT_EXEC, MAP_PRIVATE|MAP_DENYWRITE, 3, 0) = 0x7f5ccdd16000
mprotect(0x7f5ccdd1d000, 2093056, PROT_NONE) = 0
mmap(0x7f5ccdf1c000, 8192, PROT_READ|PROT_WRITE, MAP_PRIVATE|MAP_FIXED|MAP_DENYWRITE, 3, 0x6000) = 0x7f5ccdf1c000
close(3)                                = 0
access("/etc/ld.so.nohwcap", F_OK)      = -1 ENOENT (No such file or directory)
open("/usr/lib64/libscif.so.0", O_RDONLY) = 3
read(3, "\177ELF\2\1\1\0\0\0\0\0\0\0\0\0\3\0>\0\1\0\0\0\0\n\0\0\0\0\0\0"..., 832) = 832
fstat(3, {st_mode=S_IFREG|0755, st_size=8040, ...}) = 0
mmap(NULL, 4096, PROT_READ|PROT_WRITE, MAP_PRIVATE|MAP_ANONYMOUS, -1, 0) = 0x7f5cce334000
mmap(NULL, 2103136, PROT_READ|PROT_EXEC, MAP_PRIVATE|MAP_DENYWRITE, 3, 0) = 0x7f5ccdb14000
mprotect(0x7f5ccdb16000, 2093056, PROT_NONE) = 0
mmap(0x7f5ccdd15000, 4096, PROT_READ|PROT_WRITE, MAP_PRIVATE|MAP_FIXED|MAP_DENYWRITE, 3, 0x1000) = 0x7f5ccdd15000
close(3)                                = 0
access("/etc/ld.so.nohwcap", F_OK)      = -1 ENOENT (No such file or directory)
open("/usr/lib64/libcoi_host.so.0", O_RDONLY) = 3
read(3, "\177ELF\2\1\1\0\0\0\0\0\0\0\0\0\3\0>\0\1\0\0\0\260\4\1\0\0\0\0\0"..., 832) = 832
fstat(3, {st_mode=S_IFREG|0755, st_size=485520, ...}) = 0
mmap(NULL, 2640712, PROT_READ|PROT_EXEC, MAP_PRIVATE|MAP_DENYWRITE, 3, 0) = 0x7f5ccd88f000
mprotect(0x7f5ccd901000, 2097152, PROT_NONE) = 0
mmap(0x7f5ccdb01000, 16384, PROT_READ|PROT_WRITE, MAP_PRIVATE|MAP_FIXED|MAP_DENYWRITE, 3, 0x72000) = 0x7f5ccdb01000
mmap(0x7f5ccdb05000, 60232, PROT_READ|PROT_WRITE, MAP_PRIVATE|MAP_FIXED|MAP_ANONYMOUS, -1, 0) = 0x7f5ccdb05000
close(3)                                = 0
access("/etc/ld.so.nohwcap", F_OK)      = -1 ENOENT (No such file or directory)
open("/usr/lib/x86_64-linux-gnu/libstdc++.so.6", O_RDONLY) = 3
read(3, "\177ELF\2\1\1\0\0\0\0\0\0\0\0\0\3\0>\0\1\0\0\0@\6\6\0\0\0\0\0"..., 832) = 832
fstat(3, {st_mode=S_IFREG|0644, st_size=991600, ...}) = 0
mmap(NULL, 3171520, PROT_READ|PROT_EXEC, MAP_PRIVATE|MAP_DENYWRITE, 3, 0) = 0x7f5ccd588000
mprotect(0x7f5ccd670000, 2097152, PROT_NONE) = 0
mmap(0x7f5ccd870000, 40960, PROT_READ|PROT_WRITE, MAP_PRIVATE|MAP_FIXED|MAP_DENYWRITE, 3, 0xe8000) = 0x7f5ccd870000
mmap(0x7f5ccd87a000, 83136, PROT_READ|PROT_WRITE, MAP_PRIVATE|MAP_FIXED|MAP_ANONYMOUS, -1, 0) = 0x7f5ccd87a000
close(3)                                = 0
access("/etc/ld.so.nohwcap", F_OK)      = -1 ENOENT (No such file or directory)
open("/lib/x86_64-linux-gnu/libm.so.6", O_RDONLY) = 3
read(3, "\177ELF\2\1\1\0\0\0\0\0\0\0\0\0\3\0>\0\1\0\0\0\360>\0\0\0\0\0\0"..., 832) = 832
fstat(3, {st_mode=S_IFREG|0644, st_size=530736, ...}) = 0
mmap(NULL, 4096, PROT_READ|PROT_WRITE, MAP_PRIVATE|MAP_ANONYMOUS, -1, 0) = 0x7f5cce333000
mmap(NULL, 2625768, PROT_READ|PROT_EXEC, MAP_PRIVATE|MAP_DENYWRITE, 3, 0) = 0x7f5ccd306000
mprotect(0x7f5ccd387000, 2093056, PROT_NONE) = 0
mmap(0x7f5ccd586000, 8192, PROT_READ|PROT_WRITE, MAP_PRIVATE|MAP_FIXED|MAP_DENYWRITE, 3, 0x80000) = 0x7f5ccd586000
close(3)                                = 0
access("/etc/ld.so.nohwcap", F_OK)      = -1 ENOENT (No such file or directory)
open("/lib/x86_64-linux-gnu/libgcc_s.so.1", O_RDONLY) = 3
read(3, "\177ELF\2\1\1\0\0\0\0\0\0\0\0\0\3\0>\0\1\0\0\0p.\0\0\0\0\0\0"..., 832) = 832
fstat(3, {st_mode=S_IFREG|0644, st_size=89056, ...}) = 0
mmap(NULL, 2184824, PROT_READ|PROT_EXEC, MAP_PRIVATE|MAP_DENYWRITE, 3, 0) = 0x7f5ccd0f0000
mprotect(0x7f5ccd105000, 2097152, PROT_NONE) = 0
mmap(0x7f5ccd305000, 4096, PROT_READ|PROT_WRITE, MAP_PRIVATE|MAP_FIXED|MAP_DENYWRITE, 3, 0x15000) = 0x7f5ccd305000
close(3)                                = 0
access("/etc/ld.so.nohwcap", F_OK)      = -1 ENOENT (No such file or directory)
open("/lib/x86_64-linux-gnu/libpthread.so.0", O_RDONLY) = 3
read(3, "\177ELF\2\1\1\0\0\0\0\0\0\0\0\0\3\0>\0\1\0\0\0@\\\0\0\0\0\0\0"..., 832) = 832
fstat(3, {st_mode=S_IFREG|0755, st_size=131107, ...}) = 0
mmap(NULL, 2208672, PROT_READ|PROT_EXEC, MAP_PRIVATE|MAP_DENYWRITE, 3, 0) = 0x7f5ccced4000
mprotect(0x7f5ccceeb000, 2093056, PROT_NONE) = 0
mmap(0x7f5ccd0ea000, 8192, PROT_READ|PROT_WRITE, MAP_PRIVATE|MAP_FIXED|MAP_DENYWRITE, 3, 0x16000) = 0x7f5ccd0ea000
mmap(0x7f5ccd0ec000, 13216, PROT_READ|PROT_WRITE, MAP_PRIVATE|MAP_FIXED|MAP_ANONYMOUS, -1, 0) = 0x7f5ccd0ec000
close(3)                                = 0
access("/etc/ld.so.nohwcap", F_OK)      = -1 ENOENT (No such file or directory)
open("/lib/x86_64-linux-gnu/libc.so.6", O_RDONLY) = 3
read(3, "\177ELF\2\1\1\0\0\0\0\0\0\0\0\0\3\0>\0\1\0\0\0\300\357\1\0\0\0\0\0"..., 832) = 832
fstat(3, {st_mode=S_IFREG|0755, st_size=1607696, ...}) = 0
mmap(NULL, 4096, PROT_READ|PROT_WRITE, MAP_PRIVATE|MAP_ANONYMOUS, -1, 0) = 0x7f5cce332000
mmap(NULL, 3721272, PROT_READ|PROT_EXEC, MAP_PRIVATE|MAP_DENYWRITE, 3, 0) = 0x7f5cccb47000
mprotect(0x7f5cccccb000, 2093056, PROT_NONE) = 0
mmap(0x7f5ccceca000, 20480, PROT_READ|PROT_WRITE, MAP_PRIVATE|MAP_FIXED|MAP_DENYWRITE, 3, 0x183000) = 0x7f5ccceca000
mmap(0x7f5cccecf000, 18488, PROT_READ|PROT_WRITE, MAP_PRIVATE|MAP_FIXED|MAP_ANONYMOUS, -1, 0) = 0x7f5cccecf000
close(3)                                = 0
mmap(NULL, 4096, PROT_READ|PROT_WRITE, MAP_PRIVATE|MAP_ANONYMOUS, -1, 0) = 0x7f5cce331000
mmap(NULL, 8192, PROT_READ|PROT_WRITE, MAP_PRIVATE|MAP_ANONYMOUS, -1, 0) = 0x7f5cce32f000
arch_prctl(ARCH_SET_FS, 0x7f5cce32f740) = 0
mprotect(0x7f5ccceca000, 16384, PROT_READ) = 0
mprotect(0x7f5ccd0ea000, 4096, PROT_READ) = 0
mprotect(0x7f5ccd586000, 4096, PROT_READ) = 0
mmap(NULL, 4096, PROT_READ|PROT_WRITE, MAP_PRIVATE|MAP_ANONYMOUS, -1, 0) = 0x7f5cce32e000
mprotect(0x7f5ccd870000, 32768, PROT_READ) = 0
mprotect(0x7f5ccdf1c000, 4096, PROT_READ) = 0
mprotect(0x7f5cce120000, 4096, PROT_READ) = 0
mprotect(0x7f5cce341000, 4096, PROT_READ) = 0
munmap(0x7f5cce335000, 38370)           = 0
set_tid_address(0x7f5cce32fa10)         = 4229
set_robust_list(0x7f5cce32fa20, 0x18)   = 0
futex(0x7ffe75a356cc, FUTEX_WAIT_BITSET_PRIVATE|FUTEX_CLOCK_REALTIME, 1, NULL, 7f5cce32f740) = -1 EAGAIN (Resource temporarily unavailable)
rt_sigaction(SIGRTMIN, {0x7f5ccced9ad0, [], SA_RESTORER|SA_SIGINFO, 0x7f5cccee30a0}, NULL, 8) = 0
rt_sigaction(SIGRT_1, {0x7f5ccced9b60, [], SA_RESTORER|SA_RESTART|SA_SIGINFO, 0x7f5cccee30a0}, NULL, 8) = 0
rt_sigprocmask(SIG_UNBLOCK, [RTMIN RT_1], NULL, 8) = 0
getrlimit(RLIMIT_STACK, {rlim_cur=8192*1024, rlim_max=RLIM_INFINITY}) = 0
open("/dev/mic/scif", O_RDWR)           = 3
ioctl(3, STL_BRESET, 0x7ffe75a357b0)    = 1
close(3)                                = 0
futex(0x7f5ccd88c9e4, FUTEX_WAKE_PRIVATE, 2147483647) = 0
futex(0x7f5ccd88c9f0, FUTEX_WAKE_PRIVATE, 2147483647) = 0
brk(0)                                  = 0x1d78000
brk(0x1d99000)                          = 0x1d99000
open("/dev/mic/scif", O_RDWR)           = 3
ioctl(3, 0xc008730e, 0x7ffe75a35490)    = 0
close(3)                                = 0
open("/sys/class/mic/mic0/family", O_RDONLY) = 3
fstat(3, {st_mode=S_IFREG|0444, st_size=4096, ...}) = 0
mmap(NULL, 4096, PROT_READ|PROT_WRITE, MAP_PRIVATE|MAP_ANONYMOUS, -1, 0) = 0x7f5cce33e000
read(3, "x100\n", 4096)                 = 5
close(3)                                = 0
munmap(0x7f5cce33e000, 4096)            = 0
open("/dev/mic/scif", O_RDWR)           = 3
ioctl(3, 0xc008730e, 0x7ffe75a35560)    = 0
close(3)                                = 0
open("/dev/mic/scif", O_RDWR)           = 3
fcntl(3, F_SETFD, FD_CLOEXEC)           = 0
fcntl(3, F_GETFD)                       = 0x1 (flags FD_CLOEXEC)
fcntl(3, F_SETFD, FD_CLOEXEC)           = 0
ioctl(3, 0xc0087301, 0x7ffe75a352fc)    = 0
open("/dev/mic/scif", O_RDWR)           = 4
fcntl(4, F_SETFD, FD_CLOEXEC)           = 0
ioctl(4, 0xc0087301, 0x7ffe75a352dc)    = 0
open("/dev/mic/scif", O_RDWR)           = 5
ioctl(5, 0xc008730e, 0x7ffe75a35220)    = 0
close(5)                                = 0
mmap(NULL, 8392704, PROT_READ|PROT_WRITE, MAP_PRIVATE|MAP_ANONYMOUS|MAP_STACK, -1, 0) = 0x7f5ccc346000
mprotect(0x7f5ccc346000, 4096, PROT_NONE) = 0
clone(child_stack=0x7f5cccb45fb0, flags=CLONE_VM|CLONE_FS|CLONE_FILES|CLONE_SIGHAND|CLONE_THREAD|CLONE_SYSVSEM|CLONE_SETTLS|CLONE_PARENT_SETTID|CLONE_CHILD_CLEARTID, parent_tidptr=0x7f5cccb469d0, tls=0x7f5cccb46700, child_tidptr=0x7f5cccb469d0) = 4230
open("/dev/mic/scif", O_RDWR)           = 6
fcntl(6, F_SETFD, FD_CLOEXEC)           = 0
ioctl(6, 0xc0087303, 0x7ffe75a35230)    = 0
futex(0x7f5cccb469d0, FUTEX_WAIT, 4230, NULL) = 0
close(4)                                = 0
ioctl(3, 0xc0087303, 0x7ffe75a352d0)    = 0
getuid()                                = 10263
socket(PF_FILE, SOCK_STREAM|SOCK_CLOEXEC|SOCK_NONBLOCK, 0) = 4
connect(4, {sa_family=AF_FILE, path="/var/run/nscd/socket"}, 110) = -1 ENOENT (No such file or directory)
close(4)                                = 0
socket(PF_FILE, SOCK_STREAM|SOCK_CLOEXEC|SOCK_NONBLOCK, 0) = 4
connect(4, {sa_family=AF_FILE, path="/var/run/nscd/socket"}, 110) = -1 ENOENT (No such file or directory)
close(4)                                = 0
open("/etc/nsswitch.conf", O_RDONLY)    = 4
fstat(4, {st_mode=S_IFREG|0644, st_size=487, ...}) = 0
mmap(NULL, 4096, PROT_READ|PROT_WRITE, MAP_PRIVATE|MAP_ANONYMOUS, -1, 0) = 0x7f5cce33e000
read(4, "# /etc/nsswitch.conf\n#\n# Example"..., 4096) = 487
read(4, "", 4096)                       = 0
close(4)                                = 0
munmap(0x7f5cce33e000, 4096)            = 0
open("/etc/ld.so.cache", O_RDONLY)      = 4
fstat(4, {st_mode=S_IFREG|0644, st_size=38370, ...}) = 0
mmap(NULL, 38370, PROT_READ, MAP_PRIVATE, 4, 0) = 0x7f5cce335000
close(4)                                = 0
access("/etc/ld.so.nohwcap", F_OK)      = -1 ENOENT (No such file or directory)
open("/lib/x86_64-linux-gnu/libnss_nis.so.2", O_RDONLY) = 4
read(4, "\177ELF\2\1\1\0\0\0\0\0\0\0\0\0\3\0>\0\1\0\0\0p \0\0\0\0\0\0"..., 832) = 832
fstat(4, {st_mode=S_IFREG|0644, st_size=43560, ...}) = 0
mmap(NULL, 2139352, PROT_READ|PROT_EXEC, MAP_PRIVATE|MAP_DENYWRITE, 4, 0) = 0x7f5ccc13b000
mprotect(0x7f5ccc145000, 2093056, PROT_NONE) = 0
mmap(0x7f5ccc344000, 8192, PROT_READ|PROT_WRITE, MAP_PRIVATE|MAP_FIXED|MAP_DENYWRITE, 4, 0x9000) = 0x7f5ccc344000
close(4)                                = 0
access("/etc/ld.so.nohwcap", F_OK)      = -1 ENOENT (No such file or directory)
open("/lib/x86_64-linux-gnu/libnsl.so.1", O_RDONLY) = 4
read(4, "\177ELF\2\1\1\0\0\0\0\0\0\0\0\0\3\0>\0\1\0\0\0 @\0\0\0\0\0\0"..., 832) = 832
fstat(4, {st_mode=S_IFREG|0644, st_size=89056, ...}) = 0
mmap(NULL, 2194128, PROT_READ|PROT_EXEC, MAP_PRIVATE|MAP_DENYWRITE, 4, 0) = 0x7f5ccbf23000
mprotect(0x7f5ccbf38000, 2093056, PROT_NONE) = 0
mmap(0x7f5ccc137000, 8192, PROT_READ|PROT_WRITE, MAP_PRIVATE|MAP_FIXED|MAP_DENYWRITE, 4, 0x14000) = 0x7f5ccc137000
mmap(0x7f5ccc139000, 6864, PROT_READ|PROT_WRITE, MAP_PRIVATE|MAP_FIXED|MAP_ANONYMOUS, -1, 0) = 0x7f5ccc139000
close(4)                                = 0
access("/etc/ld.so.nohwcap", F_OK)      = -1 ENOENT (No such file or directory)
open("/lib/x86_64-linux-gnu/libnss_files.so.2", O_RDONLY) = 4
read(4, "\177ELF\2\1\1\0\0\0\0\0\0\0\0\0\3\0>\0\1\0\0\0\200!\0\0\0\0\0\0"..., 832) = 832
fstat(4, {st_mode=S_IFREG|0644, st_size=47616, ...}) = 0
mmap(NULL, 2143624, PROT_READ|PROT_EXEC, MAP_PRIVATE|MAP_DENYWRITE, 4, 0) = 0x7f5ccbd17000
mprotect(0x7f5ccbd22000, 2093056, PROT_NONE) = 0
mmap(0x7f5ccbf21000, 8192, PROT_READ|PROT_WRITE, MAP_PRIVATE|MAP_FIXED|MAP_DENYWRITE, 4, 0xa000) = 0x7f5ccbf21000
close(4)                                = 0
mprotect(0x7f5ccbf21000, 4096, PROT_READ) = 0
mprotect(0x7f5ccc137000, 4096, PROT_READ) = 0
mprotect(0x7f5ccc344000, 4096, PROT_READ) = 0
munmap(0x7f5cce335000, 38370)           = 0
uname({sys="Linux", node="dungani", ...}) = 0
open("/var/yp/binding/sci.nis.2", O_RDONLY) = 4
pread(4, "\1\0\0\0\223f\3,\3\211\0\0", 12, 2) = 12
socket(PF_INET, SOCK_DGRAM|SOCK_CLOEXEC|SOCK_NONBLOCK, IPPROTO_UDP) = 7
open("/etc/bindresvport.blacklist", O_RDONLY) = 8
fstat(8, {st_mode=S_IFREG|0644, st_size=356, ...}) = 0
mmap(NULL, 4096, PROT_READ|PROT_WRITE, MAP_PRIVATE|MAP_ANONYMOUS, -1, 0) = 0x7f5cce33e000
read(8, "#\n# This file contains a list of"..., 4096) = 356
read(8, "", 4096)                       = 0
close(8)                                = 0
munmap(0x7f5cce33e000, 4096)            = 0
bind(7, {sa_family=AF_INET, sin_port=htons(1013), sin_addr=inet_addr("0.0.0.0")}, 16) = -1 EACCES (Permission denied)
setsockopt(7, SOL_IP, IP_RECVERR, [1], 4) = 0
futex(0x7f5ccced2d60, FUTEX_WAKE_PRIVATE, 2147483647) = 0
close(4)                                = 0
sendto(7, "p\222\325\326\0\0\0\0\0\0\0\2\0\1\206\244\0\0\0\2\0\0\0\3\0\0\0\0\0\0\0\0"..., 80, 0, {sa_family=AF_INET, sin_port=htons(905), sin_addr=inet_addr("147.102.3.44")}, 16) = 80
poll([{fd=7, events=POLLIN}], 1, 5000)  = 1 ([{fd=7, revents=POLLIN}])
recvfrom(7, "p\222\325\326\0\0\0\1\0\0\0\0\0\0\0\0\0\0\0\0\0\0\0\0\0\0\0\1\0\0\0Y"..., 8800, MSG_DONTWAIT, {sa_family=AF_INET, sin_port=htons(905), sin_addr=inet_addr("147.102.3.44")}, [16]) = 124
close(7)                                = 0
open("/etc/default/nss", O_RDONLY)      = 4
fstat(4, {st_mode=S_IFREG|0644, st_size=1756, ...}) = 0
mmap(NULL, 4096, PROT_READ|PROT_WRITE, MAP_PRIVATE|MAP_ANONYMOUS, -1, 0) = 0x7f5cce33e000
read(4, "# /etc/default/nss\n# This file c"..., 4096) = 1756
read(4, "", 4096)                       = 0
close(4)                                = 0
munmap(0x7f5cce33e000, 4096)            = 0
futex(0x7f5ccc13aacc, FUTEX_WAKE_PRIVATE, 2147483647) = 0
getuid()                                = 10263
open("/dev/mic/scif", O_RDWR)           = 4
fcntl(4, F_SETFD, FD_CLOEXEC)           = 0
ioctl(4, 0xc0087303, 0x7ffe75a35220)    = 0
ioctl(4, 0xc0087306, 0x7ffe75a35210)    = 0
poll([{fd=4, events=POLLIN}], 1, 5000)  = 1 ([{fd=4, revents=POLLIN|POLLHUP}])
ioctl(4, 0xc0087307, 0x7ffe75a35210)    = 0
open("/home/kfertak/.mpsscookie", O_RDONLY) = -1 ENOENT (No such file or directory)
ioctl(3, 0xc0087306, 0x7ffe75a35270)    = 0
open("/proc/cpuinfo", O_RDONLY)         = 7
fstat(7, {st_mode=S_IFREG|0444, st_size=0, ...}) = 0
mmap(NULL, 4096, PROT_READ|PROT_WRITE, MAP_PRIVATE|MAP_ANONYMOUS, -1, 0) = 0x7f5cce33e000
read(7, "processor\t: 0\nvendor_id\t: Genuin"..., 1024) = 1024
open("/sys/devices/system/cpu/cpu0/cpufreq/cpuinfo_max_freq", O_RDONLY) = 8
fstat(8, {st_mode=S_IFREG|0444, st_size=4096, ...}) = 0
mmap(NULL, 4096, PROT_READ|PROT_WRITE, MAP_PRIVATE|MAP_ANONYMOUS, -1, 0) = 0x7f5cce33d000
read(8, "3701000\n", 4096)              = 8
close(8)                                = 0
munmap(0x7f5cce33d000, 4096)            = 0
read(7, "l name\t: Intel(R) Core(TM) i7-48"..., 1024) = 1024
open("/sys/devices/system/cpu/cpu1/cpufreq/cpuinfo_max_freq", O_RDONLY) = 8
fstat(8, {st_mode=S_IFREG|0444, st_size=4096, ...}) = 0
mmap(NULL, 4096, PROT_READ|PROT_WRITE, MAP_PRIVATE|MAP_ANONYMOUS, -1, 0) = 0x7f5cce33d000
read(8, "3701000\n", 4096)              = 8
close(8)                                = 0
munmap(0x7f5cce33d000, 4096)            = 0
read(7, "de\t: 0x416\ncpu MHz\t\t: 1200.000\nc"..., 1024) = 1024
open("/sys/devices/system/cpu/cpu2/cpufreq/cpuinfo_max_freq", O_RDONLY) = 8
fstat(8, {st_mode=S_IFREG|0444, st_size=4096, ...}) = 0
mmap(NULL, 4096, PROT_READ|PROT_WRITE, MAP_PRIVATE|MAP_ANONYMOUS, -1, 0) = 0x7f5cce33d000
read(8, "3701000\n", 4096)              = 8
close(8)                                = 0
munmap(0x7f5cce33d000, 4096)            = 0
read(7, "iblings\t: 8\ncore id\t\t: 3\ncpu cor"..., 1024) = 1024
open("/sys/devices/system/cpu/cpu3/cpufreq/cpuinfo_max_freq", O_RDONLY) = 8
fstat(8, {st_mode=S_IFREG|0444, st_size=4096, ...}) = 0
mmap(NULL, 4096, PROT_READ|PROT_WRITE, MAP_PRIVATE|MAP_ANONYMOUS, -1, 0) = 0x7f5cce33d000
read(8, "3701000\n", 4096)              = 8
close(8)                                = 0
munmap(0x7f5cce33d000, 4096)            = 0
open("/sys/devices/system/cpu/cpu4/cpufreq/cpuinfo_max_freq", O_RDONLY) = 8
fstat(8, {st_mode=S_IFREG|0444, st_size=4096, ...}) = 0
mmap(NULL, 4096, PROT_READ|PROT_WRITE, MAP_PRIVATE|MAP_ANONYMOUS, -1, 0) = 0x7f5cce33d000
read(8, "3701000\n", 4096)              = 8
close(8)                                = 0
munmap(0x7f5cce33d000, 4096)            = 0
read(7, "fpu\t\t: yes\nfpu_exception\t: yes\nc"..., 1024) = 1024
open("/sys/devices/system/cpu/cpu5/cpufreq/cpuinfo_max_freq", O_RDONLY) = 8
fstat(8, {st_mode=S_IFREG|0444, st_size=4096, ...}) = 0
mmap(NULL, 4096, PROT_READ|PROT_WRITE, MAP_PRIVATE|MAP_ANONYMOUS, -1, 0) = 0x7f5cce33d000
read(8, "3701000\n", 4096)              = 8
close(8)                                = 0
munmap(0x7f5cce33d000, 4096)            = 0
read(7, " vme de pse tsc msr pae mce cx8 "..., 1024) = 1024
open("/sys/devices/system/cpu/cpu6/cpufreq/cpuinfo_max_freq", O_RDONLY) = 8
fstat(8, {st_mode=S_IFREG|0444, st_size=4096, ...}) = 0
mmap(NULL, 4096, PROT_READ|PROT_WRITE, MAP_PRIVATE|MAP_ANONYMOUS, -1, 0) = 0x7f5cce33d000
read(8, "3701000\n", 4096)              = 8
close(8)                                = 0
munmap(0x7f5cce33d000, 4096)            = 0
read(7, "lflush dts acpi mmx fxsr sse sse"..., 1024) = 1024
open("/sys/devices/system/cpu/cpu7/cpufreq/cpuinfo_max_freq", O_RDONLY) = 8
fstat(8, {st_mode=S_IFREG|0444, st_size=4096, ...}) = 0
mmap(NULL, 4096, PROT_READ|PROT_WRITE, MAP_PRIVATE|MAP_ANONYMOUS, -1, 0) = 0x7f5cce33d000
read(8, "3701000\n", 4096)              = 8
close(8)                                = 0
munmap(0x7f5cce33d000, 4096)            = 0
read(7, "cp lm constant_tsc arch_perfmon "..., 1024) = 464
read(7, "", 1024)                       = 0
close(7)                                = 0
munmap(0x7f5cce33e000, 4096)            = 0
ioctl(3, 0xc0087307, 0x7ffe75a351a0)    = 0
stat("helloWorld", {st_mode=S_IFREG|0755, st_size=10404, ...}) = 0
open("helloWorld", O_RDONLY)            = 7
lseek(7, 0, SEEK_END)                   = 10404
mmap(NULL, 10404, PROT_READ, MAP_PRIVATE, 7, 0) = 0x7f5cce33c000
open("/dev/mic/scif", O_RDWR)           = 8
fcntl(8, F_SETFD, FD_CLOEXEC)           = 0
fcntl(8, F_GETFD)                       = 0x1 (flags FD_CLOEXEC)
fcntl(8, F_SETFD, FD_CLOEXEC)           = 0
ioctl(8, 0xc0087301, 0x7ffe75a34c3c)    = 0
ioctl(8, 0x40047302, 0x1)               = 0
open("/dev/mic/scif", O_RDWR)           = 9
fcntl(9, F_SETFD, FD_CLOEXEC)           = 0
fcntl(9, F_GETFD)                       = 0x1 (flags FD_CLOEXEC)
fcntl(9, F_SETFD, FD_CLOEXEC)           = 0
ioctl(9, 0xc0087301, 0x7ffe75a34c1c)    = 0
ioctl(9, 0x40047302, 0x1)               = 0
open("/dev/mic/scif", O_RDWR)           = 10
fcntl(10, F_SETFD, FD_CLOEXEC)          = 0
fcntl(10, F_GETFD)                      = 0x1 (flags FD_CLOEXEC)
fcntl(10, F_SETFD, FD_CLOEXEC)          = 0
ioctl(10, 0xc0087301, 0x7ffe75a34c3c)   = 0
ioctl(10, 0x40047302, 0x1)              = 0
stat("helloWorld", {st_mode=S_IFREG|0755, st_size=10404, ...}) = 0
getcwd("/home/users/kfertak/paral_algo", 4096) = 31
lstat("/home/users/kfertak/paral_algo/helloWorld", {st_mode=S_IFREG|0755, st_size=10404, ...}) = 0
getrlimit(RLIMIT_STACK, {rlim_cur=8192*1024, rlim_max=RLIM_INFINITY}) = 0
open("/dev/mic/scif", O_RDWR)           = 11
fcntl(11, F_SETFD, FD_CLOEXEC)          = 0
ioctl(11, 0xc0087301, 0x7ffe75a34b9c)   = 0
ioctl(11, 0x40047302, 0x1)              = 0
clone(child_stack=0x7f5cccb45fb0, flags=CLONE_VM|CLONE_FS|CLONE_FILES|CLONE_SIGHAND|CLONE_THREAD|CLONE_SYSVSEM|CLONE_SETTLS|CLONE_PARENT_SETTID|CLONE_CHILD_CLEARTID, parent_tidptr=0x7f5cccb469d0, tls=0x7f5cccb46700, child_tidptr=0x7f5cccb469d0) = 4231
mmap(NULL, 4096, PROT_READ|PROT_WRITE, MAP_SHARED|MAP_ANONYMOUS, -1, 0) = 0x7f5cce33b000
ioctl(3, 0xc0087308, 0x7ffe75a34bf0)    = 0
ioctl(3, 0xc0087306, 0x7ffe75a34bf0)    = 0
mmap(NULL, 36864, PROT_READ|PROT_WRITE, MAP_SHARED|MAP_ANONYMOUS, -1, 0) = 0x7f5cce325000
ioctl(3, 0xc0087308, 0x7ffe75a34bf0)    = 0
ioctl(3, 0xc0087307, 0x7ffe75a34b80)    = 0
ioctl(3, 0xc0087307, 0x7ffe75a34b80)    = 0
ioctl(3, 0xc0087307, 0x7ffe75a34b80)    = 0
ioctl(3, 0xc0087307, 0x7ffe75a34b80)    = 0
ioctl(3, 0xc0087307, 0x7ffe75a34b80)    = 0
ioctl(3, 0xc0087307, 0x7ffe75a34b80)    = 0
ioctl(3, 0xc0087307, 0x7ffe75a34b80)    = 0
ioctl(3, 0xc0087307, 0x7ffe75a34b80)    = 0
ioctl(3, 0xc0087307, 0x7ffe75a34b80)    = 0
ioctl(3, 0xc0087307, 0x7ffe75a34b80)    = 0
ioctl(3, 0xc0087307, 0x7ffe75a34b80)    = 0
ioctl(3, 0xc0087306, 0x7ffe75a34bf0)    = 0
ioctl(3, 0xc008730b, 0x7ffe75a34c10)    = 0
ioctl(3, 0xc0087311, 0x7ffe75a34bc0)    = 0
ioctl(3, 0xc0087306, 0x7ffe75a34bf0)    = 0
ioctl(3, 0xc0087307, 0x7ffe75a34b80)    = 0
ioctl(3, 0xc0087307, 0x7ffe75a34b80)    = 0
ioctl(3, 0xc0087306, 0x7ffe75a34b80)    = 0
ioctl(3, 0xc0087306, 0x7ffe75a34b80)    = 0
ioctl(3, 0xc0087306, 0x7ffe75a34aa0)    = 0
ioctl(3, 0xc0087307, 0x7ffe75a34a20)    = 0
ioctl(3, 0xc0087307, 0x7ffe75a34a20)    = 0
ioctl(3, 0xc0087307, 0x7ffe75a34a20)    = 0
ioctl(3, 0xc0087307, 0x7ffe75a34a20)    = 0
ioctl(3, 0xc0087307, 0x7ffe75a34a20)    = 0
ioctl(3, 0xc0087307, 0x7ffe75a34a20)    = 0
ioctl(3, 0xc0087307, 0x7ffe75a34a20)    = 0
ioctl(3, 0xc0087307, 0x7ffe75a34a20)    = 0
ioctl(3, 0xc0087307, 0x7ffe75a34a20)    = 0
ioctl(3, 0xc0087307, 0x7ffe75a34a20)    = 0
ioctl(3, 0xc0087307, 0x7ffe75a34a20)    = 0
ioctl(3, 0xc0087307, 0x7ffe75a34a20)    = 0
ioctl(3, 0xc0087307, 0x7ffe75a34a20)    = 0
poll([{fd=5, events=POLLIN}, {fd=3, events=POLLIN}], 2, -1) = 1 ([{fd=3, revents=POLLIN}])
ioctl(3, 0xc0087307, 0x7ffe75a34a20)    = 0
ioctl(3, 0xc0087306, 0x7ffe75a349c0)    = 0
ioctl(3, 0xc0087307, 0x7ffe75a34940)    = 0
ioctl(3, 0xc0087306, 0x7ffe75a34ac0)    = 0
ioctl(3, 0xc0087307, 0x7ffe75a34a40)    = 0
ioctl(3, 0xc0087307, 0x7ffe75a34a40)    = 0
ioctl(3, 0xc0087307, 0x7ffe75a34a40)    = 0
ioctl(3, 0xc0087307, 0x7ffe75a34a40)    = 0
ioctl(3, 0xc0087307, 0x7ffe75a34a40)    = 0
ioctl(3, 0xc0087307, 0x7ffe75a34a40)    = 0
ioctl(3, 0xc0087307, 0x7ffe75a34b00)    = 0
ioctl(3, 0xc0087307, 0x7ffe75a34b00)    = 0
ioctl(3, 0xc0087307, 0x7ffe75a34b00)    = 0
ioctl(3, 0xc0087307, 0x7ffe75a34b00)    = 0
ioctl(3, 0xc0087307, 0x7ffe75a34b00)    = 0
ioctl(3, 0xc0087307, 0x7ffe75a34b00)    = 0
ioctl(3, 0xc0087307, 0x7ffe75a34b00)    = 0
ioctl(3, 0xc0087307, 0x7ffe75a34b00)    = 0
ioctl(3, 0xc0087307, 0x7ffe75a34b00)    = 0
ioctl(3, 0xc0087307, 0x7ffe75a34b00)    = 0
ioctl(3, 0xc0087307, 0x7ffe75a34b00)    = 0
ioctl(3, 0xc0087307, 0x7ffe75a34b00)    = 0
ioctl(3, 0xc0087307, 0x7ffe75a34b00)    = 0
poll([{fd=5, events=POLLIN}, {fd=3, events=POLLIN}], 2, -1) = 1 ([{fd=3, revents=POLLIN}])
ioctl(3, 0xc0087307, 0x7ffe75a34b00)    = 0
poll([{fd=8, events=POLLIN}], 1, 10000) = 1 ([{fd=8, revents=POLLIN}])
open("/dev/mic/scif", O_RDWR)           = 13
ioctl(8, 0xc0087304, 0x7ffe75a34b50)    = 0
ioctl(13, 0xc0087305, 0x7ffe75a34b58)   = 0
fcntl(13, F_GETFD)                      = 0
fcntl(13, F_SETFD, FD_CLOEXEC)          = 0
open("/dev/mic/scif", O_RDWR)           = 14
fcntl(14, F_SETFD, FD_CLOEXEC)          = 0
ioctl(14, 0xc0087301, 0x7ffe75a3497c)   = 0
open("/dev/mic/scif", O_RDWR)           = 15
ioctl(15, 0xc008730e, 0x7ffe75a348c0)   = 0
close(15)                               = 0
mmap(NULL, 8392704, PROT_READ|PROT_WRITE, MAP_PRIVATE|MAP_ANONYMOUS|MAP_STACK, -1, 0) = 0x7f5ccb516000
mprotect(0x7f5ccb516000, 4096, PROT_NONE) = 0
clone(child_stack=0x7f5ccbd15fb0, flags=CLONE_VM|CLONE_FS|CLONE_FILES|CLONE_SIGHAND|CLONE_THREAD|CLONE_SYSVSEM|CLONE_SETTLS|CLONE_PARENT_SETTID|CLONE_CHILD_CLEARTID, parent_tidptr=0x7f5ccbd169d0, tls=0x7f5ccbd16700, child_tidptr=0x7f5ccbd169d0) = 4232
open("/dev/mic/scif", O_RDWR)           = 16
fcntl(16, F_SETFD, FD_CLOEXEC)          = 0
ioctl(16, 0xc0087303, 0x7ffe75a348d0)   = 0
futex(0x7f5ccbd169d0, FUTEX_WAIT, 4232, NULL) = -1 EAGAIN (Resource temporarily unavailable)
close(14)                               = 0
ioctl(13, 0xc0087306, 0x7ffe75a34af0)   = 0
ioctl(13, 0xc0087307, 0x7ffe75a34a00)   = 0
ioctl(13, 0xc0087307, 0x7ffe75a34a00)   = 0
ioctl(13, 0xc0087307, 0x7ffe75a34a00)   = 0
ioctl(13, 0xc0087307, 0x7ffe75a34a00)   = 0
ioctl(13, 0xc0087307, 0x7ffe75a34a00)   = 0
ioctl(13, 0xc0087307, 0x7ffe75a34a00)   = 0
ioctl(13, 0xc0087307, 0x7ffe75a34a00)   = 0
ioctl(13, 0xc0087307, 0x7ffe75a34a00)   = 0
ioctl(13, 0xc0087307, 0x7ffe75a34a00)   = 0
ioctl(13, 0xc0087307, 0x7ffe75a34a00)   = 0
ioctl(13, 0xc0087307, 0x7ffe75a34a00)   = 0
ioctl(13, 0xc0087307, 0x7ffe75a34a00)   = 0
ioctl(13, 0xc0087307, 0x7ffe75a34a00)   = 0
poll([{fd=15, events=POLLIN}, {fd=13, events=POLLIN}], 2, -1) = 1 ([{fd=13, revents=POLLIN}])
ioctl(13, 0xc0087307, 0x7ffe75a34a00)   = 0
ioctl(13, 0xc0087306, 0x7ffe75a34b40)   = 0
ioctl(13, 0xc0087307, 0x7ffe75a34a50)   = 0
open("/dev/mic/scif", O_RDWR)           = 14
fcntl(14, F_SETFD, FD_CLOEXEC)          = 0
fcntl(14, F_GETFD)                      = 0x1 (flags FD_CLOEXEC)
fcntl(14, F_SETFD, FD_CLOEXEC)          = 0
ioctl(14, 0xc0087301, 0x7ffe75a34b8c)   = 0
open("/dev/mic/scif", O_RDWR)           = 17
fcntl(17, F_SETFD, FD_CLOEXEC)          = 0
ioctl(17, 0xc0087301, 0x7ffe75a34b6c)   = 0
open("/dev/mic/scif", O_RDWR)           = 18
ioctl(18, 0xc008730e, 0x7ffe75a34ab0)   = 0
close(18)                               = 0
clone(child_stack=0x7f5ccbd15fb0, flags=CLONE_VM|CLONE_FS|CLONE_FILES|CLONE_SIGHAND|CLONE_THREAD|CLONE_SYSVSEM|CLONE_SETTLS|CLONE_PARENT_SETTID|CLONE_CHILD_CLEARTID, parent_tidptr=0x7f5ccbd169d0, tls=0x7f5ccbd16700, child_tidptr=0x7f5ccbd169d0) = 4233
open("/dev/mic/scif", O_RDWR)           = 19
fcntl(19, F_SETFD, FD_CLOEXEC)          = 0
ioctl(19, 0xc0087303, 0x7ffe75a34ac0)   = 0
futex(0x7f5ccbd169d0, FUTEX_WAIT, 4233, NULL) = -1 EAGAIN (Resource temporarily unavailable)
close(17)                               = 0
ioctl(14, 0xc0087303, 0x7ffe75a34b80)   = 0
clone(child_stack=0x7f5ccbd15fb0, flags=CLONE_VM|CLONE_FS|CLONE_FILES|CLONE_SIGHAND|CLONE_THREAD|CLONE_SYSVSEM|CLONE_SETTLS|CLONE_PARENT_SETTID|CLONE_CHILD_CLEARTID, parent_tidptr=0x7f5ccbd169d0, tls=0x7f5ccbd16700, child_tidptr=0x7f5ccbd169d0) = 4234
mmap(NULL, 4096, PROT_READ|PROT_WRITE, MAP_SHARED|MAP_ANONYMOUS|MAP_NORESERVE, -1, 0) = 0x7f5cce33a000
madvise(0x7f5cce33a000, 4096, 0xa /* MADV_??? */) = 0
ioctl(13, 0xc0087308, 0x7ffe75a34c30)   = 0
munmap(0x7f5cce33c000, 10404)           = 0
close(7)                                = 0
ioctl(13, 0xc0087306, 0x7ffe75a35470)   = 0
ioctl(3, 0xc0087306, 0x7ffe75a35450)    = 0
ioctl(3, 0xc0087307, 0x7ffe75a35380)    = 0
ioctl(3, 0xc0087307, 0x7ffe75a35380)    = 0
ioctl(3, 0xc0087307, 0x7ffe75a35380)    = 0
ioctl(3, 0xc0087307, 0x7ffe75a35380)    = 0
ioctl(3, 0xc0087307, 0x7ffe75a35380)    = 0
ioctl(3, 0xc0087307, 0x7ffe75a35380)    = 0
ioctl(3, 0xc0087307, 0x7ffe75a35380)    = 0
ioctl(3, 0xc0087307, 0x7ffe75a35380)    = 0
ioctl(3, 0xc0087307, 0x7ffe75a35380)    = 0
ioctl(3, 0xc0087307, 0x7ffe75a35380)    = 0
ioctl(3, 0xc0087307, 0x7ffe75a35380)    = 0
ioctl(3, 0xc0087307, 0x7ffe75a35380)    = 0
ioctl(3, 0xc0087307, 0x7ffe75a35380)    = 0
poll([{fd=5, events=POLLIN}, {fd=3, events=POLLIN}], 2, -1) = 1 ([{fd=3, revents=POLLIN}])
ioctl(3, 0xc0087307, 0x7ffe75a35380)    = 0
ioctl(13, 0xc0087309, 0x7ffe75a354e0)   = -1 ECONNRESET (Connection reset by peer)
munmap(0x7f5cce33a000, 4096)            = 0
close(8)                                = 0
close(15)                               = 0
close(16)                               = 0
close(13)                               = 0
close(12)                               = 0
close(11)                               = 0
close(10)                               = 0
close(9)                                = 0
fstat(1, {st_mode=S_IFCHR|0620, st_rdev=makedev(136, 0), ...}) = 0
mmap(NULL, 4096, PROT_READ|PROT_WRITE, MAP_PRIVATE|MAP_ANONYMOUS, -1, 0) = 0x7f5cce33e000
write(1, "\n", 1)                       = 1
ioctl(3, 0xc0087309, 0x7ffe75a35470)    = 0
munmap(0x7f5cce33b000, 4096)            = 0
ioctl(3, 0xc0087309, 0x7ffe75a35470)    = 0
munmap(0x7f5cce325000, 36864)           = 0
close(5)                                = 0
close(6)                                = 0
close(3)                                = 0
exit_group(0)                           = ?
