This file contains any messages produced by compilers while
running configure, to aid debugging if configure makes a mistake.

It was created by remotephiexec configure 0.1.0, which was
generated by GNU Autoconf 2.69.  Invocation command line was

  $ ./../configure 

## --------- ##
## Platform. ##
## --------- ##

hostname = neptune
uname -m = x86_64
uname -r = 4.4.0-59-generic
uname -s = Linux
uname -v = #80-Ubuntu SMP Fri Jan 6 17:47:47 UTC 2017

/usr/bin/uname -p = unknown
/bin/uname -X     = unknown

/bin/arch              = unknown
/usr/bin/arch -k       = unknown
/usr/convex/getsysinfo = unknown
/usr/bin/hostinfo      = unknown
/bin/machine           = unknown
/usr/bin/oslevel       = unknown
/bin/universe          = unknown

PATH: /usr/local/sbin
PATH: /usr/local/bin
PATH: /usr/sbin
PATH: /usr/bin
PATH: /sbin
PATH: /bin
PATH: /usr/games
PATH: /usr/local/games
PATH: /usr/local/java/jre1.8.0_131/bin
PATH: /snap/bin
PATH: /usr/local/java/jre1.8.0_131/bin
PATH: /usr/local/java/jre1.8.0_131/bin
PATH: /usr/local/java/jre1.8.0_131/bin
PATH: /usr/local/java/jre1.8.0_131/bin


## ----------- ##
## Core tests. ##
## ----------- ##

configure:1962: checking for a BSD-compatible install
configure:2030: result: /usr/bin/install -c
configure:2041: checking whether build environment is sane
configure:2096: result: yes
configure:2247: checking for a thread-safe mkdir -p
configure:2286: result: /bin/mkdir -p
configure:2293: checking for gawk
configure:2323: result: no
configure:2293: checking for mawk
configure:2309: found /usr/bin/mawk
configure:2320: result: mawk
configure:2331: checking whether make sets $(MAKE)
configure:2353: result: yes
configure:2382: checking whether make supports nested variables
configure:2399: result: yes
configure:2416: error: source directory already configured; run "make distclean" there first

## ---------------- ##
## Cache variables. ##
## ---------------- ##

ac_cv_env_CCC_set=
ac_cv_env_CCC_value=
ac_cv_env_CC_set=
ac_cv_env_CC_value=
ac_cv_env_CFLAGS_set=
ac_cv_env_CFLAGS_value=
ac_cv_env_CPPFLAGS_set=
ac_cv_env_CPPFLAGS_value=
ac_cv_env_CXXFLAGS_set=
ac_cv_env_CXXFLAGS_value=
ac_cv_env_CXX_set=
ac_cv_env_CXX_value=
ac_cv_env_LDFLAGS_set=
ac_cv_env_LDFLAGS_value=
ac_cv_env_LIBS_set=
ac_cv_env_LIBS_value=
ac_cv_env_build_alias_set=
ac_cv_env_build_alias_value=
ac_cv_env_host_alias_set=
ac_cv_env_host_alias_value=
ac_cv_env_target_alias_set=
ac_cv_env_target_alias_value=
ac_cv_path_install='/usr/bin/install -c'
ac_cv_path_mkdir=/bin/mkdir
ac_cv_prog_AWK=mawk
ac_cv_prog_make_make_set=yes
am_cv_make_support_nested_variables=yes

## ----------------- ##
## Output variables. ##
## ----------------- ##

ACLOCAL=''
AMDEPBACKSLASH=''
AMDEP_FALSE=''
AMDEP_TRUE=''
AMTAR=''
AM_BACKSLASH='\'
AM_DEFAULT_V='$(AM_DEFAULT_VERBOSITY)'
AM_DEFAULT_VERBOSITY='1'
AM_V='$(V)'
AUTOCONF=''
AUTOHEADER=''
AUTOMAKE=''
AWK='mawk'
CC=''
CCDEPMODE=''
CFLAGS='-g'
CPPFLAGS=''
CXX=''
CXXDEPMODE=''
CXXFLAGS='-g'
CYGPATH_W=''
DEBUG_CFLAGS=''
DEFS=''
DEPDIR=''
ECHO_C=''
ECHO_N='-n'
ECHO_T=''
EXEEXT=''
INSTALL_DATA='${INSTALL} -m 644'
INSTALL_PROGRAM='${INSTALL}'
INSTALL_SCRIPT='${INSTALL}'
INSTALL_STRIP_PROGRAM='$(install_sh) -c -s'
LDFLAGS=''
LIBOBJS=''
LIBS=''
LTLIBOBJS=''
MAKEINFO=''
MKDIR_P='/bin/mkdir -p'
OBJEXT=''
PACKAGE=''
PACKAGE_BUGREPORT=''
PACKAGE_NAME='remotephiexec'
PACKAGE_STRING='remotephiexec 0.1.0'
PACKAGE_TARNAME='remotephiexec'
PACKAGE_URL=''
PACKAGE_VERSION='0.1.0'
PATH_SEPARATOR=':'
PROTOBUF_C_CFLAGS=''
PROTOBUF_C_LIBDIR=''
PROTOBUF_C_VERSION=''
PROTOC_C=''
SCIF_INSTALL_PATH=''
SET_MAKE=''
SHELL='/bin/bash'
STRIP=''
VERSION=''
ac_ct_CC=''
ac_ct_CXX=''
am__EXEEXT_FALSE=''
am__EXEEXT_TRUE=''
am__fastdepCC_FALSE=''
am__fastdepCC_TRUE=''
am__fastdepCXX_FALSE=''
am__fastdepCXX_TRUE=''
am__include=''
am__isrc=' -I$(srcdir)'
am__leading_dot='.'
am__nodep=''
am__quote=''
am__tar=''
am__untar=''
bindir='${exec_prefix}/bin'
build_alias=''
datadir='${datarootdir}'
datarootdir='${prefix}/share'
docdir='${datarootdir}/doc/${PACKAGE_TARNAME}'
dvidir='${docdir}'
exec_prefix='NONE'
host_alias=''
htmldir='${docdir}'
includedir='${prefix}/include'
infodir='${datarootdir}/info'
install_sh='${SHELL} /home/fertakis/repos/remotePhiExec/install-sh'
libdir='${exec_prefix}/lib'
libexecdir='${exec_prefix}/libexec'
localedir='${datarootdir}/locale'
localstatedir='${prefix}/var'
mandir='${datarootdir}/man'
mkdir_p=''
oldincludedir='/usr/include'
pdfdir='${docdir}'
prefix='NONE'
program_transform_name='s,x,x,'
psdir='${docdir}'
runstatedir='${localstatedir}/run'
sbindir='${exec_prefix}/sbin'
sharedstatedir='${prefix}/com'
sysconfdir='${prefix}/etc'
target_alias=''

## ----------- ##
## confdefs.h. ##
## ----------- ##

/* confdefs.h */
#define PACKAGE_NAME "remotephiexec"
#define PACKAGE_TARNAME "remotephiexec"
#define PACKAGE_VERSION "0.1.0"
#define PACKAGE_STRING "remotephiexec 0.1.0"
#define PACKAGE_BUGREPORT ""
#define PACKAGE_URL ""

configure: exit 1
